{"/home/hsu/Desktop/doctor-crm/backend/src/app.controller.ts": {"path":"/home/hsu/Desktop/doctor-crm/backend/src/app.controller.ts","statementMap":{"0":{"start":{"line":1,"column":0},"end":{"line":1,"column":49}},"1":{"start":{"line":2,"column":0},"end":{"line":2,"column":43}},"2":{"start":{"line":3,"column":0},"end":{"line":3,"column":56}},"3":{"start":{"line":7,"column":7},"end":{"line":24,"column":null}},"4":{"start":{"line":8,"column":31},"end":{"line":8,"column":43}},"5":{"start":{"line":13,"column":4},"end":{"line":13,"column":38}},"6":{"start":{"line":19,"column":4},"end":{"line":22,"column":6}},"7":{"start":{"line":7,"column":13},"end":{"line":7,"column":26}},"8":{"start":{"line":12,"column":2},"end":{"line":14,"column":null}},"9":{"start":{"line":18,"column":2},"end":{"line":23,"column":null}},"10":{"start":{"line":7,"column":13},"end":{"line":24,"column":null}}},"fnMap":{"0":{"name":"(anonymous_2)","decl":{"start":{"line":8,"column":2},"end":{"line":8,"column":31}},"loc":{"start":{"line":8,"column":53},"end":{"line":8,"column":57}}},"1":{"name":"(anonymous_3)","decl":{"start":{"line":12,"column":2},"end":{"line":12,"column":10}},"loc":{"start":{"line":12,"column":10},"end":{"line":14,"column":3}}},"2":{"name":"(anonymous_4)","decl":{"start":{"line":18,"column":2},"end":{"line":18,"column":13}},"loc":{"start":{"line":18,"column":13},"end":{"line":23,"column":3}}}},"branchMap":{"0":{"loc":{"start":{"line":8,"column":43},"end":{"line":8,"column":56}},"type":"cond-expr","locations":[{"start":{"line":8,"column":53},"end":{"line":8,"column":56}},{"start":{"line":8,"column":53},"end":{"line":8,"column":56}}]},"1":{"loc":{"start":{"line":8,"column":43},"end":{"line":8,"column":53}},"type":"binary-expr","locations":[{"start":{"line":8,"column":43},"end":{"line":8,"column":56}},{"start":{"line":8,"column":43},"end":{"line":8,"column":53}}]}},"s":{"0":0,"1":0,"2":0,"3":0,"4":0,"5":0,"6":0,"7":0,"8":0,"9":0,"10":0},"f":{"0":0,"1":0,"2":0},"b":{"0":[0,0],"1":[0,0]}}
,"/home/hsu/Desktop/doctor-crm/backend/src/app.service.ts": {"path":"/home/hsu/Desktop/doctor-crm/backend/src/app.service.ts","statementMap":{"0":{"start":{"line":1,"column":0},"end":{"line":1,"column":44}},"1":{"start":{"line":4,"column":7},"end":{"line":8,"column":null}},"2":{"start":{"line":6,"column":4},"end":{"line":6,"column":26}},"3":{"start":{"line":4,"column":13},"end":{"line":4,"column":23}},"4":{"start":{"line":4,"column":13},"end":{"line":8,"column":null}}},"fnMap":{"0":{"name":"(anonymous_1)","decl":{"start":{"line":5,"column":2},"end":{"line":5,"column":10}},"loc":{"start":{"line":5,"column":10},"end":{"line":7,"column":3}}}},"branchMap":{},"s":{"0":0,"1":0,"2":0,"3":0,"4":0},"f":{"0":0},"b":{}}
,"/home/hsu/Desktop/doctor-crm/backend/src/ai/ai-transcription.service.ts": {"path":"/home/hsu/Desktop/doctor-crm/backend/src/ai/ai-transcription.service.ts","statementMap":{"0":{"start":{"line":1,"column":0},"end":{"line":1,"column":52}},"1":{"start":{"line":2,"column":0},"end":{"line":2,"column":93}},"2":{"start":{"line":32,"column":35},"end":{"line":287,"column":null}},"3":{"start":{"line":33,"column":28},"end":{"line":33,"column":67}},"4":{"start":{"line":37,"column":4},"end":{"line":43,"column":6}},"5":{"start":{"line":47,"column":22},"end":{"line":47,"column":32}},"6":{"start":{"line":48,"column":48},"end":{"line":48,"column":55}},"7":{"start":{"line":50,"column":4},"end":{"line":70,"column":5}},"8":{"start":{"line":51,"column":23},"end":{"line":51,"column":82}},"9":{"start":{"line":52,"column":21},"end":{"line":52,"column":65}},"10":{"start":{"line":53,"column":29},"end":{"line":53,"column":58}},"11":{"start":{"line":54,"column":21},"end":{"line":54,"column":61}},"12":{"start":{"line":56,"column":6},"end":{"line":56,"column":110}},"13":{"start":{"line":58,"column":6},"end":{"line":62,"column":8}},"14":{"start":{"line":64,"column":6},"end":{"line":64,"column":66}},"15":{"start":{"line":65,"column":6},"end":{"line":69,"column":8}},"16":{"start":{"line":74,"column":20},"end":{"line":75,"column":null}},"17":{"start":{"line":75,"column":34},"end":{"line":75,"column":65}},"18":{"start":{"line":77,"column":4},"end":{"line":77,"column":19}},"19":{"start":{"line":91,"column":25},"end":{"line":93,"column":17}},"20":{"start":{"line":92,"column":21},"end":{"line":92,"column":114}},"21":{"start":{"line":95,"column":19},"end":{"line":105,"column":3}},"22":{"start":{"line":107,"column":4},"end":{"line":122,"column":5}},"23":{"start":{"line":108,"column":23},"end":{"line":108,"column":52}},"24":{"start":{"line":109,"column":21},"end":{"line":109,"column":75}},"25":{"start":{"line":110,"column":6},"end":{"line":114,"column":8}},"26":{"start":{"line":116,"column":6},"end":{"line":116,"column":61}},"27":{"start":{"line":117,"column":6},"end":{"line":121,"column":8}},"28":{"start":{"line":135,"column":19},"end":{"line":147,"column":3}},"29":{"start":{"line":149,"column":4},"end":{"line":166,"column":5}},"30":{"start":{"line":150,"column":23},"end":{"line":150,"column":52}},"31":{"start":{"line":151,"column":21},"end":{"line":151,"column":75}},"32":{"start":{"line":152,"column":6},"end":{"line":157,"column":8}},"33":{"start":{"line":159,"column":6},"end":{"line":159,"column":68}},"34":{"start":{"line":160,"column":6},"end":{"line":165,"column":8}},"35":{"start":{"line":170,"column":4},"end":{"line":186,"column":9}},"36":{"start":{"line":190,"column":4},"end":{"line":216,"column":5}},"37":{"start":{"line":191,"column":23},"end":{"line":205,"column":8}},"38":{"start":{"line":207,"column":6},"end":{"line":209,"column":7}},"39":{"start":{"line":208,"column":8},"end":{"line":208,"column":64}},"40":{"start":{"line":211,"column":19},"end":{"line":211,"column":40}},"41":{"start":{"line":212,"column":6},"end":{"line":212,"column":33}},"42":{"start":{"line":214,"column":6},"end":{"line":214,"column":65}},"43":{"start":{"line":215,"column":6},"end":{"line":215,"column":18}},"44":{"start":{"line":220,"column":4},"end":{"line":235,"column":5}},"45":{"start":{"line":221,"column":24},"end":{"line":221,"column":53}},"46":{"start":{"line":222,"column":6},"end":{"line":232,"column":7}},"47":{"start":{"line":223,"column":23},"end":{"line":223,"column":47}},"48":{"start":{"line":224,"column":8},"end":{"line":231,"column":10}},"49":{"start":{"line":234,"column":6},"end":{"line":234,"column":73}},"50":{"start":{"line":237,"column":4},"end":{"line":237,"column":48}},"51":{"start":{"line":241,"column":18},"end":{"line":241,"column":35}},"52":{"start":{"line":242,"column":20},"end":{"line":242,"column":83}},"53":{"start":{"line":244,"column":4},"end":{"line":250,"column":6}},"54":{"start":{"line":259,"column":4},"end":{"line":271,"column":5}},"55":{"start":{"line":260,"column":23},"end":{"line":260,"column":65}},"56":{"start":{"line":261,"column":6},"end":{"line":268,"column":7}},"57":{"start":{"line":262,"column":8},"end":{"line":267,"column":10}},"58":{"start":{"line":270,"column":6},"end":{"line":270,"column":71}},"59":{"start":{"line":272,"column":4},"end":{"line":277,"column":6}},"60":{"start":{"line":281,"column":4},"end":{"line":285,"column":8}},"61":{"start":{"line":281,"column":71},"end":{"line":285,"column":6}},"62":{"start":{"line":32,"column":13},"end":{"line":32,"column":35}},"63":{"start":{"line":32,"column":13},"end":{"line":287,"column":null}}},"fnMap":{"0":{"name":"(anonymous_2)","decl":{"start":{"line":36,"column":2},"end":{"line":36,"column":null}},"loc":{"start":{"line":36,"column":2},"end":{"line":44,"column":3}}},"1":{"name":"(anonymous_3)","decl":{"start":{"line":46,"column":2},"end":{"line":46,"column":7}},"loc":{"start":{"line":46,"column":59},"end":{"line":71,"column":3}}},"2":{"name":"(anonymous_4)","decl":{"start":{"line":73,"column":2},"end":{"line":73,"column":7}},"loc":{"start":{"line":73,"column":56},"end":{"line":78,"column":3}}},"3":{"name":"(anonymous_5)","decl":{"start":{"line":75,"column":19},"end":{"line":75,"column":24}},"loc":{"start":{"line":75,"column":34},"end":{"line":75,"column":65}}},"4":{"name":"(anonymous_6)","decl":{"start":{"line":80,"column":2},"end":{"line":80,"column":7}},"loc":{"start":{"line":85,"column":6},"end":{"line":123,"column":3}}},"5":{"name":"(anonymous_7)","decl":{"start":{"line":92,"column":11},"end":{"line":92,"column":12}},"loc":{"start":{"line":92,"column":21},"end":{"line":92,"column":114}}},"6":{"name":"(anonymous_8)","decl":{"start":{"line":125,"column":2},"end":{"line":125,"column":7}},"loc":{"start":{"line":128,"column":24},"end":{"line":167,"column":3}}},"7":{"name":"(anonymous_9)","decl":{"start":{"line":169,"column":10},"end":{"line":169,"column":33}},"loc":{"start":{"line":169,"column":72},"end":{"line":187,"column":3}}},"8":{"name":"(anonymous_10)","decl":{"start":{"line":189,"column":10},"end":{"line":189,"column":15}},"loc":{"start":{"line":189,"column":41},"end":{"line":217,"column":3}}},"9":{"name":"(anonymous_11)","decl":{"start":{"line":219,"column":10},"end":{"line":219,"column":23}},"loc":{"start":{"line":219,"column":62},"end":{"line":238,"column":3}}},"10":{"name":"(anonymous_12)","decl":{"start":{"line":240,"column":10},"end":{"line":240,"column":27}},"loc":{"start":{"line":240,"column":40},"end":{"line":251,"column":3}}},"11":{"name":"(anonymous_13)","decl":{"start":{"line":253,"column":2},"end":{"line":253,"column":7}},"loc":{"start":{"line":253,"column":19},"end":{"line":278,"column":3}}},"12":{"name":"(anonymous_14)","decl":{"start":{"line":280,"column":2},"end":{"line":280,"column":23}},"loc":{"start":{"line":280,"column":23},"end":{"line":286,"column":3}}},"13":{"name":"(anonymous_15)","decl":{"start":{"line":281,"column":48},"end":{"line":281,"column":49}},"loc":{"start":{"line":281,"column":71},"end":{"line":285,"column":6}}}},"branchMap":{"0":{"loc":{"start":{"line":38,"column":11},"end":{"line":38,"column":61}},"type":"binary-expr","locations":[{"start":{"line":38,"column":11},"end":{"line":38,"column":33}},{"start":{"line":38,"column":37},"end":{"line":38,"column":61}}]},"1":{"loc":{"start":{"line":39,"column":13},"end":{"line":39,"column":51}},"type":"binary-expr","locations":[{"start":{"line":39,"column":13},"end":{"line":39,"column":37}},{"start":{"line":39,"column":41},"end":{"line":39,"column":51}}]},"2":{"loc":{"start":{"line":40,"column":26},"end":{"line":40,"column":65}},"type":"binary-expr","locations":[{"start":{"line":40,"column":26},"end":{"line":40,"column":55}},{"start":{"line":40,"column":59},"end":{"line":40,"column":65}}]},"3":{"loc":{"start":{"line":41,"column":30},"end":{"line":41,"column":69}},"type":"binary-expr","locations":[{"start":{"line":41,"column":30},"end":{"line":41,"column":60}},{"start":{"line":41,"column":64},"end":{"line":41,"column":69}}]},"4":{"loc":{"start":{"line":42,"column":23},"end":{"line":42,"column":56}},"type":"binary-expr","locations":[{"start":{"line":42,"column":23},"end":{"line":42,"column":47}},{"start":{"line":42,"column":51},"end":{"line":42,"column":56}}]},"5":{"loc":{"start":{"line":48,"column":18},"end":{"line":48,"column":43}},"type":"default-arg","locations":[{"start":{"line":48,"column":33},"end":{"line":48,"column":43}}]},"6":{"loc":{"start":{"line":51,"column":23},"end":{"line":51,"column":82}},"type":"binary-expr","locations":[{"start":{"line":51,"column":23},"end":{"line":51,"column":53}},{"start":{"line":51,"column":57},"end":{"line":51,"column":82}}]},"7":{"loc":{"start":{"line":92,"column":56},"end":{"line":92,"column":112}},"type":"cond-expr","locations":[{"start":{"line":92,"column":76},"end":{"line":92,"column":107}},{"start":{"line":92,"column":110},"end":{"line":92,"column":112}}]},"8":{"loc":{"start":{"line":109,"column":32},"end":{"line":109,"column":74}},"type":"binary-expr","locations":[{"start":{"line":109,"column":32},"end":{"line":109,"column":66}},{"start":{"line":109,"column":70},"end":{"line":109,"column":74}}]},"9":{"loc":{"start":{"line":111,"column":23},"end":{"line":111,"column":52}},"type":"binary-expr","locations":[{"start":{"line":111,"column":23},"end":{"line":111,"column":43}},{"start":{"line":111,"column":47},"end":{"line":111,"column":52}}]},"10":{"loc":{"start":{"line":112,"column":16},"end":{"line":112,"column":35}},"type":"binary-expr","locations":[{"start":{"line":112,"column":16},"end":{"line":112,"column":29}},{"start":{"line":112,"column":33},"end":{"line":112,"column":35}}]},"11":{"loc":{"start":{"line":113,"column":25},"end":{"line":113,"column":53}},"type":"binary-expr","locations":[{"start":{"line":113,"column":25},"end":{"line":113,"column":47}},{"start":{"line":113,"column":51},"end":{"line":113,"column":53}}]},"12":{"loc":{"start":{"line":139,"column":7},"end":{"line":139,"column":25}},"type":"binary-expr","locations":[{"start":{"line":139,"column":7},"end":{"line":139,"column":18}},{"start":{"line":139,"column":22},"end":{"line":139,"column":25}}]},"13":{"loc":{"start":{"line":151,"column":32},"end":{"line":151,"column":74}},"type":"binary-expr","locations":[{"start":{"line":151,"column":32},"end":{"line":151,"column":66}},{"start":{"line":151,"column":70},"end":{"line":151,"column":74}}]},"14":{"loc":{"start":{"line":153,"column":14},"end":{"line":153,"column":37}},"type":"binary-expr","locations":[{"start":{"line":153,"column":14},"end":{"line":153,"column":25}},{"start":{"line":153,"column":29},"end":{"line":153,"column":37}}]},"15":{"loc":{"start":{"line":154,"column":18},"end":{"line":154,"column":38}},"type":"binary-expr","locations":[{"start":{"line":154,"column":18},"end":{"line":154,"column":33}},{"start":{"line":154,"column":37},"end":{"line":154,"column":38}}]},"16":{"loc":{"start":{"line":155,"column":24},"end":{"line":155,"column":50}},"type":"binary-expr","locations":[{"start":{"line":155,"column":24},"end":{"line":155,"column":45}},{"start":{"line":155,"column":49},"end":{"line":155,"column":50}}]},"17":{"loc":{"start":{"line":156,"column":21},"end":{"line":156,"column":45}},"type":"binary-expr","locations":[{"start":{"line":156,"column":21},"end":{"line":156,"column":39}},{"start":{"line":156,"column":43},"end":{"line":156,"column":45}}]},"18":{"loc":{"start":{"line":207,"column":6},"end":{"line":209,"column":7}},"type":"if","locations":[{"start":{"line":207,"column":6},"end":{"line":209,"column":7}},{"start":{},"end":{}}]},"19":{"loc":{"start":{"line":212,"column":13},"end":{"line":212,"column":32}},"type":"binary-expr","locations":[{"start":{"line":212,"column":13},"end":{"line":212,"column":26}},{"start":{"line":212,"column":30},"end":{"line":212,"column":32}}]},"20":{"loc":{"start":{"line":222,"column":6},"end":{"line":232,"column":7}},"type":"if","locations":[{"start":{"line":222,"column":6},"end":{"line":232,"column":7}},{"start":{},"end":{}}]},"21":{"loc":{"start":{"line":226,"column":26},"end":{"line":226,"column":59}},"type":"binary-expr","locations":[{"start":{"line":226,"column":26},"end":{"line":226,"column":47}},{"start":{"line":226,"column":51},"end":{"line":226,"column":59}}]},"22":{"loc":{"start":{"line":227,"column":19},"end":{"line":227,"column":39}},"type":"binary-expr","locations":[{"start":{"line":227,"column":19},"end":{"line":227,"column":33}},{"start":{"line":227,"column":37},"end":{"line":227,"column":39}}]},"23":{"loc":{"start":{"line":228,"column":21},"end":{"line":228,"column":43}},"type":"binary-expr","locations":[{"start":{"line":228,"column":21},"end":{"line":228,"column":37}},{"start":{"line":228,"column":41},"end":{"line":228,"column":43}}]},"24":{"loc":{"start":{"line":229,"column":16},"end":{"line":229,"column":33}},"type":"binary-expr","locations":[{"start":{"line":229,"column":16},"end":{"line":229,"column":27}},{"start":{"line":229,"column":31},"end":{"line":229,"column":33}}]},"25":{"loc":{"start":{"line":230,"column":28},"end":{"line":230,"column":57}},"type":"binary-expr","locations":[{"start":{"line":230,"column":28},"end":{"line":230,"column":51}},{"start":{"line":230,"column":55},"end":{"line":230,"column":57}}]},"26":{"loc":{"start":{"line":242,"column":52},"end":{"line":242,"column":82}},"type":"cond-expr","locations":[{"start":{"line":242,"column":72},"end":{"line":242,"column":77}},{"start":{"line":242,"column":80},"end":{"line":242,"column":82}}]},"27":{"loc":{"start":{"line":261,"column":6},"end":{"line":268,"column":7}},"type":"if","locations":[{"start":{"line":261,"column":6},"end":{"line":268,"column":7}},{"start":{},"end":{}}]}},"s":{"0":0,"1":0,"2":0,"3":0,"4":0,"5":0,"6":0,"7":0,"8":0,"9":0,"10":0,"11":0,"12":0,"13":0,"14":0,"15":0,"16":0,"17":0,"18":0,"19":0,"20":0,"21":0,"22":0,"23":0,"24":0,"25":0,"26":0,"27":0,"28":0,"29":0,"30":0,"31":0,"32":0,"33":0,"34":0,"35":0,"36":0,"37":0,"38":0,"39":0,"40":0,"41":0,"42":0,"43":0,"44":0,"45":0,"46":0,"47":0,"48":0,"49":0,"50":0,"51":0,"52":0,"53":0,"54":0,"55":0,"56":0,"57":0,"58":0,"59":0,"60":0,"61":0,"62":0,"63":0},"f":{"0":0,"1":0,"2":0,"3":0,"4":0,"5":0,"6":0,"7":0,"8":0,"9":0,"10":0,"11":0,"12":0,"13":0},"b":{"0":[0,0],"1":[0,0],"2":[0,0],"3":[0,0],"4":[0,0],"5":[0],"6":[0,0],"7":[0,0],"8":[0,0],"9":[0,0],"10":[0,0],"11":[0,0],"12":[0,0],"13":[0,0],"14":[0,0],"15":[0,0],"16":[0,0],"17":[0,0],"18":[0,0],"19":[0,0],"20":[0,0],"21":[0,0],"22":[0,0],"23":[0,0],"24":[0,0],"25":[0,0],"26":[0,0],"27":[0,0]}}
,"/home/hsu/Desktop/doctor-crm/backend/src/ai/ai.controller.ts": {"path":"/home/hsu/Desktop/doctor-crm/backend/src/ai/ai.controller.ts","statementMap":{"0":{"start":{"line":1,"column":0},"end":{"line":1,"column":68}},"1":{"start":{"line":2,"column":0},"end":{"line":2,"column":69}},"2":{"start":{"line":3,"column":0},"end":{"line":3,"column":68}},"3":{"start":{"line":8,"column":7},"end":{"line":109,"column":null}},"4":{"start":{"line":9,"column":31},"end":{"line":9,"column":55}},"5":{"start":{"line":18,"column":4},"end":{"line":18,"column":70}},"6":{"start":{"line":27,"column":4},"end":{"line":27,"column":70}},"7":{"start":{"line":34,"column":4},"end":{"line":34,"column":63}},"8":{"start":{"line":45,"column":4},"end":{"line":45,"column":84}},"9":{"start":{"line":58,"column":4},"end":{"line":62,"column":6}},"10":{"start":{"line":68,"column":4},"end":{"line":68,"column":53}},"11":{"start":{"line":76,"column":21},"end":{"line":84,"column":null}},"12":{"start":{"line":78,"column":23},"end":{"line":82,"column":10}},"13":{"start":{"line":83,"column":8},"end":{"line":83,"column":22}},"14":{"start":{"line":87,"column":4},"end":{"line":94,"column":6}},"15":{"start":{"line":91,"column":52},"end":{"line":91,"column":76}},"16":{"start":{"line":98,"column":22},"end":{"line":98,"column":47}},"17":{"start":{"line":99,"column":4},"end":{"line":103,"column":7}},"18":{"start":{"line":100,"column":6},"end":{"line":102,"column":9}},"19":{"start":{"line":101,"column":8},"end":{"line":101,"column":58}},"20":{"start":{"line":104,"column":4},"end":{"line":107,"column":27}},"21":{"start":{"line":105,"column":22},"end":{"line":105,"column":33}},"22":{"start":{"line":107,"column":22},"end":{"line":107,"column":25}},"23":{"start":{"line":8,"column":13},"end":{"line":8,"column":25}},"24":{"start":{"line":15,"column":8},"end":{"line":19,"column":null}},"25":{"start":{"line":24,"column":8},"end":{"line":28,"column":null}},"26":{"start":{"line":33,"column":2},"end":{"line":35,"column":null}},"27":{"start":{"line":40,"column":8},"end":{"line":46,"column":null}},"28":{"start":{"line":51,"column":8},"end":{"line":63,"column":null}},"29":{"start":{"line":67,"column":8},"end":{"line":69,"column":null}},"30":{"start":{"line":73,"column":8},"end":{"line":95,"column":null}},"31":{"start":{"line":8,"column":13},"end":{"line":109,"column":null}}},"fnMap":{"0":{"name":"(anonymous_4)","decl":{"start":{"line":9,"column":2},"end":{"line":9,"column":31}},"loc":{"start":{"line":9,"column":77},"end":{"line":9,"column":81}}},"1":{"name":"(anonymous_5)","decl":{"start":{"line":15,"column":8},"end":{"line":15,"column":18}},"loc":{"start":{"line":16,"column":41},"end":{"line":19,"column":3}}},"2":{"name":"(anonymous_6)","decl":{"start":{"line":24,"column":8},"end":{"line":24,"column":23}},"loc":{"start":{"line":25,"column":54},"end":{"line":28,"column":3}}},"3":{"name":"(anonymous_7)","decl":{"start":{"line":33,"column":2},"end":{"line":33,"column":14}},"loc":{"start":{"line":33,"column":14},"end":{"line":35,"column":3}}},"4":{"name":"(anonymous_8)","decl":{"start":{"line":40,"column":8},"end":{"line":40,"column":28}},"loc":{"start":{"line":43,"column":5},"end":{"line":46,"column":3}}},"5":{"name":"(anonymous_9)","decl":{"start":{"line":51,"column":8},"end":{"line":51,"column":20}},"loc":{"start":{"line":56,"column":5},"end":{"line":63,"column":3}}},"6":{"name":"(anonymous_10)","decl":{"start":{"line":67,"column":8},"end":{"line":67,"column":19}},"loc":{"start":{"line":67,"column":19},"end":{"line":69,"column":3}}},"7":{"name":"(anonymous_11)","decl":{"start":{"line":73,"column":8},"end":{"line":73,"column":20}},"loc":{"start":{"line":74,"column":55},"end":{"line":95,"column":3}}},"8":{"name":"(anonymous_12)","decl":{"start":{"line":77,"column":21},"end":{"line":77,"column":26}},"loc":{"start":{"line":77,"column":36},"end":{"line":84,"column":7}}},"9":{"name":"(anonymous_13)","decl":{"start":{"line":91,"column":40},"end":{"line":91,"column":41}},"loc":{"start":{"line":91,"column":52},"end":{"line":91,"column":76}}},"10":{"name":"(anonymous_14)","decl":{"start":{"line":97,"column":10},"end":{"line":97,"column":23}},"loc":{"start":{"line":97,"column":55},"end":{"line":108,"column":3}}},"11":{"name":"(anonymous_15)","decl":{"start":{"line":99,"column":21},"end":{"line":99,"column":22}},"loc":{"start":{"line":99,"column":27},"end":{"line":103,"column":5}}},"12":{"name":"(anonymous_16)","decl":{"start":{"line":100,"column":21},"end":{"line":100,"column":22}},"loc":{"start":{"line":100,"column":29},"end":{"line":102,"column":7}}},"13":{"name":"(anonymous_17)","decl":{"start":{"line":105,"column":12},"end":{"line":105,"column":13}},"loc":{"start":{"line":105,"column":22},"end":{"line":105,"column":33}}},"14":{"name":"(anonymous_18)","decl":{"start":{"line":107,"column":11},"end":{"line":107,"column":12}},"loc":{"start":{"line":107,"column":22},"end":{"line":107,"column":25}}}},"branchMap":{"0":{"loc":{"start":{"line":101,"column":28},"end":{"line":101,"column":51}},"type":"binary-expr","locations":[{"start":{"line":101,"column":28},"end":{"line":101,"column":46}},{"start":{"line":101,"column":50},"end":{"line":101,"column":51}}]},"1":{"loc":{"start":{"line":17,"column":5},"end":{"line":17,"column":null}},"type":"cond-expr","locations":[{"start":{"line":17,"column":12},"end":{"line":17,"column":null}},{"start":{"line":17,"column":12},"end":{"line":17,"column":null}}]},"2":{"loc":{"start":{"line":17,"column":5},"end":{"line":17,"column":12}},"type":"binary-expr","locations":[{"start":{"line":17,"column":5},"end":{"line":17,"column":null}},{"start":{"line":17,"column":5},"end":{"line":17,"column":12}}]},"3":{"loc":{"start":{"line":26,"column":5},"end":{"line":26,"column":null}},"type":"cond-expr","locations":[{"start":{"line":26,"column":12},"end":{"line":26,"column":null}},{"start":{"line":26,"column":12},"end":{"line":26,"column":null}}]},"4":{"loc":{"start":{"line":26,"column":5},"end":{"line":26,"column":12}},"type":"binary-expr","locations":[{"start":{"line":26,"column":5},"end":{"line":26,"column":null}},{"start":{"line":26,"column":5},"end":{"line":26,"column":12}}]},"5":{"loc":{"start":{"line":9,"column":55},"end":{"line":9,"column":80}},"type":"cond-expr","locations":[{"start":{"line":9,"column":77},"end":{"line":9,"column":80}},{"start":{"line":9,"column":77},"end":{"line":9,"column":80}}]},"6":{"loc":{"start":{"line":9,"column":55},"end":{"line":9,"column":77}},"type":"binary-expr","locations":[{"start":{"line":9,"column":55},"end":{"line":9,"column":80}},{"start":{"line":9,"column":55},"end":{"line":9,"column":77}}]}},"s":{"0":0,"1":0,"2":0,"3":0,"4":0,"5":0,"6":0,"7":0,"8":0,"9":0,"10":0,"11":0,"12":0,"13":0,"14":0,"15":0,"16":0,"17":0,"18":0,"19":0,"20":0,"21":0,"22":0,"23":0,"24":0,"25":0,"26":0,"27":0,"28":0,"29":0,"30":0,"31":0},"f":{"0":0,"1":0,"2":0,"3":0,"4":0,"5":0,"6":0,"7":0,"8":0,"9":0,"10":0,"11":0,"12":0,"13":0,"14":0},"b":{"0":[0,0],"1":[0,0],"2":[0,0],"3":[0,0],"4":[0,0],"5":[0,0],"6":[0,0]}}
,"/home/hsu/Desktop/doctor-crm/backend/src/ai/prompt-templates.ts": {"path":"/home/hsu/Desktop/doctor-crm/backend/src/ai/prompt-templates.ts","statementMap":{"0":{"start":{"line":14,"column":13},"end":{"line":179,"column":2}},"1":{"start":{"line":181,"column":13},"end":{"line":186,"column":2}}},"fnMap":{},"branchMap":{},"s":{"0":0,"1":0},"f":{},"b":{}}
,"/home/hsu/Desktop/doctor-crm/backend/src/auth/auth.controller.ts": {"path":"/home/hsu/Desktop/doctor-crm/backend/src/auth/auth.controller.ts","statementMap":{"0":{"start":{"line":1,"column":0},"end":{"line":1,"column":null}},"1":{"start":{"line":11,"column":0},"end":{"line":11,"column":null}},"2":{"start":{"line":17,"column":0},"end":{"line":17,"column":45}},"3":{"start":{"line":18,"column":0},"end":{"line":18,"column":61}},"4":{"start":{"line":19,"column":0},"end":{"line":19,"column":55}},"5":{"start":{"line":20,"column":0},"end":{"line":20,"column":55}},"6":{"start":{"line":25,"column":7},"end":{"line":70,"column":null}},"7":{"start":{"line":26,"column":31},"end":{"line":26,"column":44}},"8":{"start":{"line":39,"column":4},"end":{"line":39,"column":44}},"9":{"start":{"line":49,"column":4},"end":{"line":54,"column":6}},"10":{"start":{"line":64,"column":21},"end":{"line":64,"column":66}},"11":{"start":{"line":65,"column":4},"end":{"line":68,"column":6}},"12":{"start":{"line":25,"column":13},"end":{"line":25,"column":27}},"13":{"start":{"line":38,"column":8},"end":{"line":40,"column":null}},"14":{"start":{"line":48,"column":8},"end":{"line":55,"column":null}},"15":{"start":{"line":63,"column":8},"end":{"line":69,"column":null}},"16":{"start":{"line":25,"column":13},"end":{"line":70,"column":null}}},"fnMap":{"0":{"name":"(anonymous_4)","decl":{"start":{"line":26,"column":2},"end":{"line":26,"column":31}},"loc":{"start":{"line":26,"column":55},"end":{"line":26,"column":59}}},"1":{"name":"(anonymous_5)","decl":{"start":{"line":38,"column":8},"end":{"line":38,"column":13}},"loc":{"start":{"line":38,"column":40},"end":{"line":40,"column":3}}},"2":{"name":"(anonymous_6)","decl":{"start":{"line":48,"column":8},"end":{"line":48,"column":18}},"loc":{"start":{"line":48,"column":55},"end":{"line":55,"column":3}}},"3":{"name":"(anonymous_7)","decl":{"start":{"line":63,"column":8},"end":{"line":63,"column":20}},"loc":{"start":{"line":63,"column":57},"end":{"line":69,"column":3}}}},"branchMap":{"0":{"loc":{"start":{"line":38,"column":32},"end":{"line":38,"column":43}},"type":"cond-expr","locations":[{"start":{"line":38,"column":40},"end":{"line":38,"column":43}},{"start":{"line":38,"column":40},"end":{"line":38,"column":43}}]},"1":{"loc":{"start":{"line":38,"column":32},"end":{"line":38,"column":40}},"type":"binary-expr","locations":[{"start":{"line":38,"column":32},"end":{"line":38,"column":43}},{"start":{"line":38,"column":32},"end":{"line":38,"column":40}}]},"2":{"loc":{"start":{"line":38,"column":43},"end":{"line":38,"column":null}},"type":"cond-expr","locations":[{"start":{"line":38,"column":50},"end":{"line":38,"column":null}},{"start":{"line":38,"column":50},"end":{"line":38,"column":null}}]},"3":{"loc":{"start":{"line":38,"column":43},"end":{"line":38,"column":50}},"type":"binary-expr","locations":[{"start":{"line":38,"column":43},"end":{"line":38,"column":null}},{"start":{"line":38,"column":43},"end":{"line":38,"column":50}}]},"4":{"loc":{"start":{"line":26,"column":44},"end":{"line":26,"column":58}},"type":"cond-expr","locations":[{"start":{"line":26,"column":55},"end":{"line":26,"column":58}},{"start":{"line":26,"column":55},"end":{"line":26,"column":58}}]},"5":{"loc":{"start":{"line":26,"column":44},"end":{"line":26,"column":55}},"type":"binary-expr","locations":[{"start":{"line":26,"column":44},"end":{"line":26,"column":58}},{"start":{"line":26,"column":44},"end":{"line":26,"column":55}}]}},"s":{"0":0,"1":0,"2":0,"3":0,"4":0,"5":0,"6":0,"7":0,"8":0,"9":0,"10":0,"11":0,"12":0,"13":0,"14":0,"15":0,"16":0},"f":{"0":0,"1":0,"2":0,"3":0},"b":{"0":[0,0],"1":[0,0],"2":[0,0],"3":[0,0],"4":[0,0],"5":[0,0]}}
,"/home/hsu/Desktop/doctor-crm/backend/src/auth/auth.service.ts": {"path":"/home/hsu/Desktop/doctor-crm/backend/src/auth/auth.service.ts","statementMap":{"0":{"start":{"line":1,"column":0},"end":{"line":1,"column":75}},"1":{"start":{"line":2,"column":0},"end":{"line":2,"column":41}},"2":{"start":{"line":3,"column":0},"end":{"line":3,"column":33}},"3":{"start":{"line":4,"column":0},"end":{"line":4,"column":63}},"4":{"start":{"line":9,"column":24},"end":{"line":120,"column":null}},"5":{"start":{"line":10,"column":28},"end":{"line":10,"column":56}},"6":{"start":{"line":13,"column":21},"end":{"line":13,"column":33}},"7":{"start":{"line":14,"column":21},"end":{"line":14,"column":35}},"8":{"start":{"line":21,"column":45},"end":{"line":21,"column":53}},"9":{"start":{"line":24,"column":18},"end":{"line":24,"column":76}},"10":{"start":{"line":26,"column":4},"end":{"line":29,"column":5}},"11":{"start":{"line":27,"column":6},"end":{"line":27,"column":66}},"12":{"start":{"line":28,"column":6},"end":{"line":28,"column":52}},"13":{"start":{"line":34,"column":28},"end":{"line":34,"column":75}},"14":{"start":{"line":36,"column":4},"end":{"line":39,"column":5}},"15":{"start":{"line":37,"column":6},"end":{"line":37,"column":52}},"16":{"start":{"line":38,"column":6},"end":{"line":38,"column":52}},"17":{"start":{"line":42,"column":32},"end":{"line":47,"column":6}},"18":{"start":{"line":49,"column":24},"end":{"line":49,"column":53}},"19":{"start":{"line":50,"column":22},"end":{"line":50,"column":38}},"20":{"start":{"line":52,"column":4},"end":{"line":52,"column":44}},"21":{"start":{"line":54,"column":4},"end":{"line":65,"column":6}},"22":{"start":{"line":77,"column":4},"end":{"line":79,"column":5}},"23":{"start":{"line":78,"column":6},"end":{"line":78,"column":64}},"24":{"start":{"line":86,"column":4},"end":{"line":86,"column":17}},"25":{"start":{"line":93,"column":23},"end":{"line":93,"column":25}},"26":{"start":{"line":94,"column":4},"end":{"line":94,"column":45}},"27":{"start":{"line":101,"column":4},"end":{"line":105,"column":5}},"28":{"start":{"line":102,"column":6},"end":{"line":102,"column":55}},"29":{"start":{"line":104,"column":6},"end":{"line":104,"column":18}},"30":{"start":{"line":112,"column":35},"end":{"line":117,"column":6}},"31":{"start":{"line":118,"column":4},"end":{"line":118,"column":44}},"32":{"start":{"line":9,"column":13},"end":{"line":9,"column":24}},"33":{"start":{"line":9,"column":13},"end":{"line":120,"column":null}}},"fnMap":{"0":{"name":"(anonymous_11)","decl":{"start":{"line":12,"column":2},"end":{"line":12,"column":null}},"loc":{"start":{"line":14,"column":47},"end":{"line":15,"column":6}}},"1":{"name":"(anonymous_12)","decl":{"start":{"line":20,"column":2},"end":{"line":20,"column":7}},"loc":{"start":{"line":20,"column":32},"end":{"line":66,"column":3}}},"2":{"name":"(anonymous_13)","decl":{"start":{"line":72,"column":10},"end":{"line":72,"column":15}},"loc":{"start":{"line":74,"column":19},"end":{"line":87,"column":3}}},"3":{"name":"(anonymous_14)","decl":{"start":{"line":92,"column":2},"end":{"line":92,"column":7}},"loc":{"start":{"line":92,"column":37},"end":{"line":95,"column":3}}},"4":{"name":"(anonymous_15)","decl":{"start":{"line":100,"column":2},"end":{"line":100,"column":7}},"loc":{"start":{"line":100,"column":35},"end":{"line":106,"column":3}}},"5":{"name":"(anonymous_16)","decl":{"start":{"line":111,"column":2},"end":{"line":111,"column":7}},"loc":{"start":{"line":111,"column":40},"end":{"line":119,"column":3}}}},"branchMap":{"0":{"loc":{"start":{"line":26,"column":4},"end":{"line":29,"column":5}},"type":"if","locations":[{"start":{"line":26,"column":4},"end":{"line":29,"column":5}},{"start":{},"end":{}}]},"1":{"loc":{"start":{"line":36,"column":4},"end":{"line":39,"column":5}},"type":"if","locations":[{"start":{"line":36,"column":4},"end":{"line":39,"column":5}},{"start":{},"end":{}}]},"2":{"loc":{"start":{"line":77,"column":4},"end":{"line":79,"column":5}},"type":"if","locations":[{"start":{"line":77,"column":4},"end":{"line":79,"column":5}},{"start":{},"end":{}}]},"3":{"loc":{"start":{"line":78,"column":13},"end":{"line":78,"column":63}},"type":"binary-expr","locations":[{"start":{"line":78,"column":13},"end":{"line":78,"column":39}},{"start":{"line":78,"column":43},"end":{"line":78,"column":63}}]},"4":{"loc":{"start":{"line":13,"column":33},"end":{"line":13,"column":null}},"type":"cond-expr","locations":[{"start":{"line":13,"column":43},"end":{"line":13,"column":null}},{"start":{"line":13,"column":43},"end":{"line":13,"column":null}}]},"5":{"loc":{"start":{"line":13,"column":33},"end":{"line":13,"column":43}},"type":"binary-expr","locations":[{"start":{"line":13,"column":33},"end":{"line":13,"column":null}},{"start":{"line":13,"column":33},"end":{"line":13,"column":43}}]},"6":{"loc":{"start":{"line":13,"column":43},"end":{"line":14,"column":null}},"type":"cond-expr","locations":[{"start":{"line":14,"column":47},"end":{"line":14,"column":null}},{"start":{"line":14,"column":47},"end":{"line":14,"column":null}}]},"7":{"loc":{"start":{"line":13,"column":43},"end":{"line":14,"column":47}},"type":"binary-expr","locations":[{"start":{"line":13,"column":43},"end":{"line":14,"column":null}},{"start":{"line":14,"column":35},"end":{"line":14,"column":47}}]}},"s":{"0":0,"1":0,"2":0,"3":0,"4":0,"5":0,"6":0,"7":0,"8":0,"9":0,"10":0,"11":0,"12":0,"13":0,"14":0,"15":0,"16":0,"17":0,"18":0,"19":0,"20":0,"21":0,"22":0,"23":0,"24":0,"25":0,"26":0,"27":0,"28":0,"29":0,"30":0,"31":0,"32":0,"33":0},"f":{"0":0,"1":0,"2":0,"3":0,"4":0,"5":0},"b":{"0":[0,0],"1":[0,0],"2":[0,0],"3":[0,0],"4":[0,0],"5":[0,0],"6":[0,0],"7":[0,0]}}
,"/home/hsu/Desktop/doctor-crm/backend/src/auth/decorators/public.decorator.ts": {"path":"/home/hsu/Desktop/doctor-crm/backend/src/auth/decorators/public.decorator.ts","statementMap":{"0":{"start":{"line":1,"column":0},"end":{"line":1,"column":45}},"1":{"start":{"line":2,"column":0},"end":{"line":2,"column":57}},"2":{"start":{"line":7,"column":22},"end":{"line":7,"column":60}},"3":{"start":{"line":7,"column":28},"end":{"line":7,"column":60}},"4":{"start":{"line":7,"column":13},"end":{"line":7,"column":22}}},"fnMap":{"0":{"name":"(anonymous_0)","decl":{"start":{"line":7,"column":22},"end":{"line":7,"column":25}},"loc":{"start":{"line":7,"column":28},"end":{"line":7,"column":60}}}},"branchMap":{},"s":{"0":0,"1":0,"2":0,"3":0,"4":0},"f":{"0":0},"b":{}}
,"/home/hsu/Desktop/doctor-crm/backend/src/auth/guards/jwt-auth.guard.ts": {"path":"/home/hsu/Desktop/doctor-crm/backend/src/auth/guards/jwt-auth.guard.ts","statementMap":{"0":{"start":{"line":1,"column":0},"end":{"line":1,"column":null}},"1":{"start":{"line":6,"column":0},"end":{"line":6,"column":45}},"2":{"start":{"line":7,"column":0},"end":{"line":7,"column":41}},"3":{"start":{"line":9,"column":13},"end":{"line":9,"column":40}},"4":{"start":{"line":12,"column":7},"end":{"line":37,"column":null}},"5":{"start":{"line":14,"column":4},"end":{"line":14,"column":12}},"6":{"start":{"line":13,"column":22},"end":{"line":13,"column":33}},"7":{"start":{"line":19,"column":21},"end":{"line":22,"column":6}},"8":{"start":{"line":24,"column":4},"end":{"line":26,"column":5}},"9":{"start":{"line":25,"column":6},"end":{"line":25,"column":18}},"10":{"start":{"line":28,"column":4},"end":{"line":28,"column":38}},"11":{"start":{"line":32,"column":4},"end":{"line":34,"column":5}},"12":{"start":{"line":33,"column":6},"end":{"line":33,"column":53}},"13":{"start":{"line":35,"column":4},"end":{"line":35,"column":16}},"14":{"start":{"line":12,"column":13},"end":{"line":12,"column":25}},"15":{"start":{"line":12,"column":13},"end":{"line":37,"column":null}}},"fnMap":{"0":{"name":"(anonymous_2)","decl":{"start":{"line":13,"column":2},"end":{"line":13,"column":22}},"loc":{"start":{"line":13,"column":42},"end":{"line":15,"column":3}}},"1":{"name":"(anonymous_3)","decl":{"start":{"line":17,"column":2},"end":{"line":17,"column":13}},"loc":{"start":{"line":17,"column":39},"end":{"line":29,"column":3}}},"2":{"name":"(anonymous_4)","decl":{"start":{"line":31,"column":2},"end":{"line":31,"column":15}},"loc":{"start":{"line":31,"column":46},"end":{"line":36,"column":3}}}},"branchMap":{"0":{"loc":{"start":{"line":24,"column":4},"end":{"line":26,"column":5}},"type":"if","locations":[{"start":{"line":24,"column":4},"end":{"line":26,"column":5}},{"start":{},"end":{}}]},"1":{"loc":{"start":{"line":32,"column":4},"end":{"line":34,"column":5}},"type":"if","locations":[{"start":{"line":32,"column":4},"end":{"line":34,"column":5}},{"start":{},"end":{}}]},"2":{"loc":{"start":{"line":32,"column":8},"end":{"line":32,"column":20}},"type":"binary-expr","locations":[{"start":{"line":32,"column":8},"end":{"line":32,"column":11}},{"start":{"line":32,"column":15},"end":{"line":32,"column":20}}]},"3":{"loc":{"start":{"line":33,"column":12},"end":{"line":33,"column":52}},"type":"binary-expr","locations":[{"start":{"line":33,"column":12},"end":{"line":33,"column":15}},{"start":{"line":33,"column":19},"end":{"line":33,"column":52}}]},"4":{"loc":{"start":{"line":13,"column":33},"end":{"line":13,"column":null}},"type":"cond-expr","locations":[{"start":{"line":13,"column":42},"end":{"line":13,"column":null}},{"start":{"line":13,"column":42},"end":{"line":13,"column":null}}]},"5":{"loc":{"start":{"line":13,"column":33},"end":{"line":13,"column":42}},"type":"binary-expr","locations":[{"start":{"line":13,"column":33},"end":{"line":13,"column":null}},{"start":{"line":13,"column":33},"end":{"line":13,"column":42}}]}},"s":{"0":0,"1":0,"2":0,"3":0,"4":0,"5":0,"6":0,"7":0,"8":0,"9":0,"10":0,"11":0,"12":0,"13":0,"14":0,"15":0},"f":{"0":0,"1":0,"2":0},"b":{"0":[0,0],"1":[0,0],"2":[0,0],"3":[0,0],"4":[0,0],"5":[0,0]}}
,"/home/hsu/Desktop/doctor-crm/backend/src/auth/strategies/jwt.strategy.ts": {"path":"/home/hsu/Desktop/doctor-crm/backend/src/auth/strategies/jwt.strategy.ts","statementMap":{"0":{"start":{"line":1,"column":0},"end":{"line":1,"column":67}},"1":{"start":{"line":2,"column":0},"end":{"line":2,"column":52}},"2":{"start":{"line":3,"column":0},"end":{"line":3,"column":52}},"3":{"start":{"line":15,"column":7},"end":{"line":31,"column":null}},"4":{"start":{"line":17,"column":4},"end":{"line":22,"column":7}},"5":{"start":{"line":26,"column":4},"end":{"line":28,"column":5}},"6":{"start":{"line":27,"column":6},"end":{"line":27,"column":47}},"7":{"start":{"line":29,"column":4},"end":{"line":29,"column":19}},"8":{"start":{"line":15,"column":13},"end":{"line":15,"column":24}},"9":{"start":{"line":15,"column":13},"end":{"line":31,"column":null}}},"fnMap":{"0":{"name":"(anonymous_2)","decl":{"start":{"line":16,"column":2},"end":{"line":16,"column":null}},"loc":{"start":{"line":16,"column":2},"end":{"line":23,"column":3}}},"1":{"name":"(anonymous_3)","decl":{"start":{"line":25,"column":2},"end":{"line":25,"column":7}},"loc":{"start":{"line":25,"column":36},"end":{"line":30,"column":3}}}},"branchMap":{"0":{"loc":{"start":{"line":21,"column":8},"end":{"line":21,"column":78}},"type":"binary-expr","locations":[{"start":{"line":21,"column":8},"end":{"line":21,"column":30}},{"start":{"line":21,"column":34},"end":{"line":21,"column":78}}]},"1":{"loc":{"start":{"line":26,"column":4},"end":{"line":28,"column":5}},"type":"if","locations":[{"start":{"line":26,"column":4},"end":{"line":28,"column":5}},{"start":{},"end":{}}]},"2":{"loc":{"start":{"line":26,"column":8},"end":{"line":26,"column":41}},"type":"binary-expr","locations":[{"start":{"line":26,"column":8},"end":{"line":26,"column":20}},{"start":{"line":26,"column":24},"end":{"line":26,"column":41}}]}},"s":{"0":0,"1":0,"2":0,"3":0,"4":0,"5":0,"6":0,"7":0,"8":0,"9":0},"f":{"0":0,"1":0},"b":{"0":[0,0],"1":[0,0],"2":[0,0]}}
,"/home/hsu/Desktop/doctor-crm/backend/src/common/audit/audit-log.service.ts": {"path":"/home/hsu/Desktop/doctor-crm/backend/src/common/audit/audit-log.service.ts","statementMap":{"0":{"start":{"line":1,"column":0},"end":{"line":1,"column":52}},"1":{"start":{"line":2,"column":0},"end":{"line":2,"column":51}},"2":{"start":{"line":3,"column":0},"end":{"line":3,"column":52}},"3":{"start":{"line":4,"column":0},"end":{"line":4,"column":59}},"4":{"start":{"line":33,"column":28},"end":{"line":128,"column":null}},"5":{"start":{"line":34,"column":28},"end":{"line":34,"column":60}},"6":{"start":{"line":38,"column":21},"end":{"line":38,"column":41}},"7":{"start":{"line":42,"column":21},"end":{"line":42,"column":35}},"8":{"start":{"line":43,"column":4},"end":{"line":43,"column":39}},"9":{"start":{"line":44,"column":4},"end":{"line":44,"column":51}},"10":{"start":{"line":45,"column":4},"end":{"line":45,"column":39}},"11":{"start":{"line":46,"column":4},"end":{"line":46,"column":55}},"12":{"start":{"line":47,"column":4},"end":{"line":47,"column":51}},"13":{"start":{"line":48,"column":4},"end":{"line":48,"column":87}},"14":{"start":{"line":49,"column":4},"end":{"line":49,"column":87}},"15":{"start":{"line":50,"column":4},"end":{"line":50,"column":43}},"16":{"start":{"line":51,"column":4},"end":{"line":51,"column":57}},"17":{"start":{"line":52,"column":4},"end":{"line":52,"column":53}},"18":{"start":{"line":53,"column":4},"end":{"line":53,"column":53}},"19":{"start":{"line":55,"column":18},"end":{"line":55,"column":62}},"20":{"start":{"line":56,"column":4},"end":{"line":56,"column":99}},"21":{"start":{"line":57,"column":4},"end":{"line":57,"column":17}},"22":{"start":{"line":61,"column":105},"end":{"line":61,"column":110}},"23":{"start":{"line":63,"column":33},"end":{"line":63,"column":45}},"24":{"start":{"line":65,"column":4},"end":{"line":65,"column":48}},"25":{"start":{"line":65,"column":16},"end":{"line":65,"column":48}},"26":{"start":{"line":66,"column":4},"end":{"line":66,"column":48}},"27":{"start":{"line":66,"column":16},"end":{"line":66,"column":48}},"28":{"start":{"line":67,"column":4},"end":{"line":67,"column":60}},"29":{"start":{"line":67,"column":20},"end":{"line":67,"column":60}},"30":{"start":{"line":68,"column":4},"end":{"line":68,"column":54}},"31":{"start":{"line":68,"column":18},"end":{"line":68,"column":54}},"32":{"start":{"line":70,"column":4},"end":{"line":72,"column":5}},"33":{"start":{"line":71,"column":6},"end":{"line":71,"column":62}},"34":{"start":{"line":74,"column":26},"end":{"line":79,"column":6}},"35":{"start":{"line":81,"column":4},"end":{"line":81,"column":27}},"36":{"start":{"line":85,"column":4},"end":{"line":88,"column":7}},"37":{"start":{"line":92,"column":4},"end":{"line":96,"column":7}},"38":{"start":{"line":114,"column":4},"end":{"line":126,"column":7}},"39":{"start":{"line":33,"column":13},"end":{"line":33,"column":28}},"40":{"start":{"line":33,"column":13},"end":{"line":128,"column":null}}},"fnMap":{"0":{"name":"(anonymous_4)","decl":{"start":{"line":36,"column":2},"end":{"line":36,"column":null}},"loc":{"start":{"line":38,"column":61},"end":{"line":39,"column":6}}},"1":{"name":"(anonymous_5)","decl":{"start":{"line":41,"column":2},"end":{"line":41,"column":7}},"loc":{"start":{"line":41,"column":43},"end":{"line":58,"column":3}}},"2":{"name":"(anonymous_6)","decl":{"start":{"line":60,"column":2},"end":{"line":60,"column":7}},"loc":{"start":{"line":60,"column":39},"end":{"line":82,"column":3}}},"3":{"name":"(anonymous_7)","decl":{"start":{"line":84,"column":2},"end":{"line":84,"column":7}},"loc":{"start":{"line":84,"column":57},"end":{"line":89,"column":3}}},"4":{"name":"(anonymous_8)","decl":{"start":{"line":91,"column":2},"end":{"line":91,"column":7}},"loc":{"start":{"line":91,"column":63},"end":{"line":97,"column":3}}},"5":{"name":"(anonymous_9)","decl":{"start":{"line":99,"column":2},"end":{"line":99,"column":11}},"loc":{"start":{"line":112,"column":5},"end":{"line":127,"column":3}}}},"branchMap":{"0":{"loc":{"start":{"line":44,"column":24},"end":{"line":44,"column":50}},"type":"binary-expr","locations":[{"start":{"line":44,"column":24},"end":{"line":44,"column":42}},{"start":{"line":44,"column":46},"end":{"line":44,"column":50}}]},"1":{"loc":{"start":{"line":46,"column":26},"end":{"line":46,"column":54}},"type":"binary-expr","locations":[{"start":{"line":46,"column":26},"end":{"line":46,"column":46}},{"start":{"line":46,"column":50},"end":{"line":46,"column":54}}]},"2":{"loc":{"start":{"line":47,"column":24},"end":{"line":47,"column":50}},"type":"binary-expr","locations":[{"start":{"line":47,"column":24},"end":{"line":47,"column":42}},{"start":{"line":47,"column":46},"end":{"line":47,"column":50}}]},"3":{"loc":{"start":{"line":48,"column":24},"end":{"line":48,"column":86}},"type":"cond-expr","locations":[{"start":{"line":48,"column":45},"end":{"line":48,"column":79}},{"start":{"line":48,"column":82},"end":{"line":48,"column":86}}]},"4":{"loc":{"start":{"line":49,"column":24},"end":{"line":49,"column":86}},"type":"cond-expr","locations":[{"start":{"line":49,"column":45},"end":{"line":49,"column":79}},{"start":{"line":49,"column":82},"end":{"line":49,"column":86}}]},"5":{"loc":{"start":{"line":51,"column":27},"end":{"line":51,"column":56}},"type":"binary-expr","locations":[{"start":{"line":51,"column":27},"end":{"line":51,"column":48}},{"start":{"line":51,"column":52},"end":{"line":51,"column":56}}]},"6":{"loc":{"start":{"line":52,"column":25},"end":{"line":52,"column":52}},"type":"binary-expr","locations":[{"start":{"line":52,"column":25},"end":{"line":52,"column":44}},{"start":{"line":52,"column":48},"end":{"line":52,"column":52}}]},"7":{"loc":{"start":{"line":53,"column":25},"end":{"line":53,"column":52}},"type":"binary-expr","locations":[{"start":{"line":53,"column":25},"end":{"line":53,"column":44}},{"start":{"line":53,"column":48},"end":{"line":53,"column":52}}]},"8":{"loc":{"start":{"line":61,"column":80},"end":{"line":61,"column":88}},"type":"default-arg","locations":[{"start":{"line":61,"column":87},"end":{"line":61,"column":88}}]},"9":{"loc":{"start":{"line":61,"column":90},"end":{"line":61,"column":100}},"type":"default-arg","locations":[{"start":{"line":61,"column":98},"end":{"line":61,"column":100}}]},"10":{"loc":{"start":{"line":65,"column":4},"end":{"line":65,"column":48}},"type":"if","locations":[{"start":{"line":65,"column":4},"end":{"line":65,"column":48}},{"start":{},"end":{}}]},"11":{"loc":{"start":{"line":66,"column":4},"end":{"line":66,"column":48}},"type":"if","locations":[{"start":{"line":66,"column":4},"end":{"line":66,"column":48}},{"start":{},"end":{}}]},"12":{"loc":{"start":{"line":67,"column":4},"end":{"line":67,"column":60}},"type":"if","locations":[{"start":{"line":67,"column":4},"end":{"line":67,"column":60}},{"start":{},"end":{}}]},"13":{"loc":{"start":{"line":68,"column":4},"end":{"line":68,"column":54}},"type":"if","locations":[{"start":{"line":68,"column":4},"end":{"line":68,"column":54}},{"start":{},"end":{}}]},"14":{"loc":{"start":{"line":70,"column":4},"end":{"line":72,"column":5}},"type":"if","locations":[{"start":{"line":70,"column":4},"end":{"line":72,"column":5}},{"start":{},"end":{}}]},"15":{"loc":{"start":{"line":70,"column":8},"end":{"line":70,"column":28}},"type":"binary-expr","locations":[{"start":{"line":70,"column":8},"end":{"line":70,"column":17}},{"start":{"line":70,"column":21},"end":{"line":70,"column":28}}]},"16":{"loc":{"start":{"line":91,"column":53},"end":{"line":91,"column":63}},"type":"default-arg","locations":[{"start":{"line":91,"column":61},"end":{"line":91,"column":63}}]},"17":{"loc":{"start":{"line":38,"column":41},"end":{"line":38,"column":61}},"type":"cond-expr","locations":[{"start":{"line":38,"column":51},"end":{"line":38,"column":61}},{"start":{"line":38,"column":51},"end":{"line":38,"column":61}}]},"18":{"loc":{"start":{"line":38,"column":41},"end":{"line":38,"column":51}},"type":"binary-expr","locations":[{"start":{"line":38,"column":41},"end":{"line":38,"column":61}},{"start":{"line":38,"column":41},"end":{"line":38,"column":51}}]}},"s":{"0":0,"1":0,"2":0,"3":0,"4":0,"5":0,"6":0,"7":0,"8":0,"9":0,"10":0,"11":0,"12":0,"13":0,"14":0,"15":0,"16":0,"17":0,"18":0,"19":0,"20":0,"21":0,"22":0,"23":0,"24":0,"25":0,"26":0,"27":0,"28":0,"29":0,"30":0,"31":0,"32":0,"33":0,"34":0,"35":0,"36":0,"37":0,"38":0,"39":0,"40":0},"f":{"0":0,"1":0,"2":0,"3":0,"4":0,"5":0},"b":{"0":[0,0],"1":[0,0],"2":[0,0],"3":[0,0],"4":[0,0],"5":[0,0],"6":[0,0],"7":[0,0],"8":[0],"9":[0],"10":[0,0],"11":[0,0],"12":[0,0],"13":[0,0],"14":[0,0],"15":[0,0],"16":[0],"17":[0,0],"18":[0,0]}}
,"/home/hsu/Desktop/doctor-crm/backend/src/common/audit/index.ts": {"path":"/home/hsu/Desktop/doctor-crm/backend/src/common/audit/index.ts","statementMap":{"0":{"start":{"line":1,"column":0},"end":{"line":1,"column":35}},"1":{"start":{"line":2,"column":0},"end":{"line":2,"column":36}},"2":{"start":{"line":3,"column":0},"end":{"line":3,"column":31}}},"fnMap":{},"branchMap":{},"s":{"0":0,"1":0,"2":0},"f":{},"b":{}}
,"/home/hsu/Desktop/doctor-crm/backend/src/common/clinic/index.ts": {"path":"/home/hsu/Desktop/doctor-crm/backend/src/common/clinic/index.ts","statementMap":{"0":{"start":{"line":1,"column":0},"end":{"line":1,"column":47}},"1":{"start":{"line":2,"column":0},"end":{"line":2,"column":59}}},"fnMap":{},"branchMap":{},"s":{"0":0,"1":0},"f":{},"b":{}}
,"/home/hsu/Desktop/doctor-crm/backend/src/common/enums/index.ts": {"path":"/home/hsu/Desktop/doctor-crm/backend/src/common/enums/index.ts","statementMap":{"0":{"start":{"line":1,"column":0},"end":{"line":1,"column":35}}},"fnMap":{},"branchMap":{},"s":{"0":0},"f":{},"b":{}}
,"/home/hsu/Desktop/doctor-crm/backend/src/common/enums/sync-status.enum.ts": {"path":"/home/hsu/Desktop/doctor-crm/backend/src/common/enums/sync-status.enum.ts","statementMap":{"0":{"start":{"line":6,"column":0},"end":{"line":6,"column":null}},"1":{"start":{"line":11,"column":2},"end":{"line":11,"column":null}},"2":{"start":{"line":17,"column":2},"end":{"line":17,"column":null}},"3":{"start":{"line":24,"column":2},"end":{"line":24,"column":null}},"4":{"start":{"line":31,"column":2},"end":{"line":31,"column":null}}},"fnMap":{"0":{"name":"(anonymous_0)","decl":{"start":{"line":6,"column":0},"end":{"line":6,"column":12}},"loc":{"start":{"line":6,"column":22},"end":{"line":32,"column":1}}}},"branchMap":{"0":{"loc":{"start":{"line":6,"column":12},"end":{"line":6,"column":null}},"type":"binary-expr","locations":[{"start":{"line":6,"column":12},"end":{"line":6,"column":22}},{"start":{"line":6,"column":22},"end":{"line":6,"column":null}}]}},"s":{"0":0,"1":0,"2":0,"3":0,"4":0},"f":{"0":0},"b":{"0":[0,0]}}
,"/home/hsu/Desktop/doctor-crm/backend/src/common/exceptions/bad-request.exception.ts": {"path":"/home/hsu/Desktop/doctor-crm/backend/src/common/exceptions/bad-request.exception.ts","statementMap":{"0":{"start":{"line":1,"column":0},"end":{"line":1,"column":44}},"1":{"start":{"line":2,"column":0},"end":{"line":2,"column":49}},"2":{"start":{"line":10,"column":4},"end":{"line":10,"column":67}},"3":{"start":{"line":8,"column":0},"end":{"line":8,"column":13}}},"fnMap":{"0":{"name":"(anonymous_0)","decl":{"start":{"line":9,"column":2},"end":{"line":9,"column":14}},"loc":{"start":{"line":9,"column":76},"end":{"line":11,"column":3}}}},"branchMap":{"0":{"loc":{"start":{"line":9,"column":14},"end":{"line":9,"column":45}},"type":"default-arg","locations":[{"start":{"line":9,"column":32},"end":{"line":9,"column":45}}]}},"s":{"0":0,"1":0,"2":0,"3":0},"f":{"0":0},"b":{"0":[0]}}
,"/home/hsu/Desktop/doctor-crm/backend/src/common/exceptions/base.exception.ts": {"path":"/home/hsu/Desktop/doctor-crm/backend/src/common/exceptions/base.exception.ts","statementMap":{"0":{"start":{"line":1,"column":0},"end":{"line":1,"column":59}},"1":{"start":{"line":24,"column":4},"end":{"line":32,"column":6}},"2":{"start":{"line":34,"column":4},"end":{"line":34,"column":31}},"3":{"start":{"line":35,"column":4},"end":{"line":35,"column":27}},"4":{"start":{"line":36,"column":4},"end":{"line":36,"column":38}},"5":{"start":{"line":43,"column":4},"end":{"line":43,"column":31}},"6":{"start":{"line":7,"column":0},"end":{"line":7,"column":13}}},"fnMap":{"0":{"name":"(anonymous_0)","decl":{"start":{"line":18,"column":2},"end":{"line":18,"column":null}},"loc":{"start":{"line":22,"column":33},"end":{"line":37,"column":3}}},"1":{"name":"(anonymous_1)","decl":{"start":{"line":42,"column":2},"end":{"line":42,"column":13}},"loc":{"start":{"line":42,"column":13},"end":{"line":44,"column":3}}}},"branchMap":{"0":{"loc":{"start":{"line":20,"column":4},"end":{"line":20,"column":61}},"type":"default-arg","locations":[{"start":{"line":20,"column":29},"end":{"line":20,"column":61}}]},"1":{"loc":{"start":{"line":21,"column":4},"end":{"line":21,"column":40}},"type":"default-arg","locations":[{"start":{"line":21,"column":24},"end":{"line":21,"column":40}}]}},"s":{"0":0,"1":0,"2":0,"3":0,"4":0,"5":0,"6":0},"f":{"0":0,"1":0},"b":{"0":[0],"1":[0]}}
,"/home/hsu/Desktop/doctor-crm/backend/src/common/exceptions/business-rule.exception.ts": {"path":"/home/hsu/Desktop/doctor-crm/backend/src/common/exceptions/business-rule.exception.ts","statementMap":{"0":{"start":{"line":1,"column":0},"end":{"line":1,"column":44}},"1":{"start":{"line":2,"column":0},"end":{"line":2,"column":49}},"2":{"start":{"line":10,"column":4},"end":{"line":13,"column":7}},"3":{"start":{"line":24,"column":4},"end":{"line":27,"column":7}},"4":{"start":{"line":38,"column":4},"end":{"line":41,"column":7}},"5":{"start":{"line":52,"column":4},"end":{"line":55,"column":7}},"6":{"start":{"line":8,"column":0},"end":{"line":8,"column":13}}},"fnMap":{"0":{"name":"(anonymous_0)","decl":{"start":{"line":9,"column":2},"end":{"line":9,"column":14}},"loc":{"start":{"line":9,"column":74},"end":{"line":14,"column":3}}},"1":{"name":"(anonymous_1)","decl":{"start":{"line":19,"column":2},"end":{"line":19,"column":8}},"loc":{"start":{"line":22,"column":33},"end":{"line":28,"column":3}}},"2":{"name":"(anonymous_2)","decl":{"start":{"line":33,"column":2},"end":{"line":33,"column":8}},"loc":{"start":{"line":36,"column":33},"end":{"line":42,"column":3}}},"3":{"name":"(anonymous_3)","decl":{"start":{"line":47,"column":2},"end":{"line":47,"column":8}},"loc":{"start":{"line":50,"column":33},"end":{"line":56,"column":3}}}},"branchMap":{},"s":{"0":0,"1":0,"2":0,"3":0,"4":0,"5":0,"6":0},"f":{"0":0,"1":0,"2":0,"3":0},"b":{}}
,"/home/hsu/Desktop/doctor-crm/backend/src/common/exceptions/forbidden.exception.ts": {"path":"/home/hsu/Desktop/doctor-crm/backend/src/common/exceptions/forbidden.exception.ts","statementMap":{"0":{"start":{"line":1,"column":0},"end":{"line":1,"column":44}},"1":{"start":{"line":2,"column":0},"end":{"line":2,"column":49}},"2":{"start":{"line":10,"column":4},"end":{"line":10,"column":63}},"3":{"start":{"line":8,"column":0},"end":{"line":8,"column":13}}},"fnMap":{"0":{"name":"(anonymous_0)","decl":{"start":{"line":9,"column":2},"end":{"line":9,"column":14}},"loc":{"start":{"line":9,"column":74},"end":{"line":11,"column":3}}}},"branchMap":{"0":{"loc":{"start":{"line":9,"column":14},"end":{"line":9,"column":43}},"type":"default-arg","locations":[{"start":{"line":9,"column":32},"end":{"line":9,"column":43}}]}},"s":{"0":0,"1":0,"2":0,"3":0},"f":{"0":0},"b":{"0":[0]}}
,"/home/hsu/Desktop/doctor-crm/backend/src/common/exceptions/index.ts": {"path":"/home/hsu/Desktop/doctor-crm/backend/src/common/exceptions/index.ts","statementMap":{"0":{"start":{"line":1,"column":0},"end":{"line":1,"column":33}},"1":{"start":{"line":2,"column":0},"end":{"line":2,"column":38}},"2":{"start":{"line":3,"column":0},"end":{"line":3,"column":39}},"3":{"start":{"line":4,"column":0},"end":{"line":4,"column":42}},"4":{"start":{"line":5,"column":0},"end":{"line":5,"column":41}},"5":{"start":{"line":6,"column":0},"end":{"line":6,"column":38}},"6":{"start":{"line":7,"column":0},"end":{"line":7,"column":40}}},"fnMap":{},"branchMap":{},"s":{"0":0,"1":0,"2":0,"3":0,"4":0,"5":0,"6":0},"f":{},"b":{}}
,"/home/hsu/Desktop/doctor-crm/backend/src/common/exceptions/not-found.exception.ts": {"path":"/home/hsu/Desktop/doctor-crm/backend/src/common/exceptions/not-found.exception.ts","statementMap":{"0":{"start":{"line":1,"column":0},"end":{"line":1,"column":44}},"1":{"start":{"line":2,"column":0},"end":{"line":2,"column":49}},"2":{"start":{"line":14,"column":20},"end":{"line":16,"column":31}},"3":{"start":{"line":18,"column":4},"end":{"line":22,"column":7}},"4":{"start":{"line":8,"column":0},"end":{"line":8,"column":13}}},"fnMap":{"0":{"name":"(anonymous_0)","decl":{"start":{"line":9,"column":2},"end":{"line":9,"column":null}},"loc":{"start":{"line":12,"column":33},"end":{"line":23,"column":3}}}},"branchMap":{"0":{"loc":{"start":{"line":14,"column":20},"end":{"line":16,"column":31}},"type":"cond-expr","locations":[{"start":{"line":15,"column":8},"end":{"line":15,"column":53}},{"start":{"line":16,"column":8},"end":{"line":16,"column":31}}]}},"s":{"0":0,"1":0,"2":0,"3":0,"4":0},"f":{"0":0},"b":{"0":[0,0]}}
,"/home/hsu/Desktop/doctor-crm/backend/src/common/exceptions/unauthorized.exception.ts": {"path":"/home/hsu/Desktop/doctor-crm/backend/src/common/exceptions/unauthorized.exception.ts","statementMap":{"0":{"start":{"line":1,"column":0},"end":{"line":1,"column":44}},"1":{"start":{"line":2,"column":0},"end":{"line":2,"column":49}},"2":{"start":{"line":10,"column":4},"end":{"line":10,"column":69}},"3":{"start":{"line":8,"column":0},"end":{"line":8,"column":13}}},"fnMap":{"0":{"name":"(anonymous_0)","decl":{"start":{"line":9,"column":2},"end":{"line":9,"column":14}},"loc":{"start":{"line":9,"column":77},"end":{"line":11,"column":3}}}},"branchMap":{"0":{"loc":{"start":{"line":9,"column":14},"end":{"line":9,"column":46}},"type":"default-arg","locations":[{"start":{"line":9,"column":32},"end":{"line":9,"column":46}}]}},"s":{"0":0,"1":0,"2":0,"3":0},"f":{"0":0},"b":{"0":[0]}}
,"/home/hsu/Desktop/doctor-crm/backend/src/common/exceptions/validation.exception.ts": {"path":"/home/hsu/Desktop/doctor-crm/backend/src/common/exceptions/validation.exception.ts","statementMap":{"0":{"start":{"line":1,"column":0},"end":{"line":1,"column":44}},"1":{"start":{"line":2,"column":0},"end":{"line":2,"column":49}},"2":{"start":{"line":18,"column":4},"end":{"line":21,"column":7}},"3":{"start":{"line":28,"column":19},"end":{"line":32,"column":7}},"4":{"start":{"line":28,"column":52},"end":{"line":32,"column":6}},"5":{"start":{"line":34,"column":4},"end":{"line":34,"column":43}},"6":{"start":{"line":8,"column":0},"end":{"line":8,"column":13}}},"fnMap":{"0":{"name":"(anonymous_0)","decl":{"start":{"line":9,"column":2},"end":{"line":9,"column":null}},"loc":{"start":{"line":16,"column":33},"end":{"line":22,"column":3}}},"1":{"name":"(anonymous_1)","decl":{"start":{"line":27,"column":2},"end":{"line":27,"column":8}},"loc":{"start":{"line":27,"column":53},"end":{"line":35,"column":3}}},"2":{"name":"(anonymous_2)","decl":{"start":{"line":28,"column":40},"end":{"line":28,"column":41}},"loc":{"start":{"line":28,"column":52},"end":{"line":32,"column":6}}}},"branchMap":{"0":{"loc":{"start":{"line":15,"column":4},"end":{"line":15,"column":41}},"type":"default-arg","locations":[{"start":{"line":15,"column":22},"end":{"line":15,"column":41}}]},"1":{"loc":{"start":{"line":30,"column":29},"end":{"line":30,"column":52}},"type":"binary-expr","locations":[{"start":{"line":30,"column":29},"end":{"line":30,"column":46}},{"start":{"line":30,"column":50},"end":{"line":30,"column":52}}]},"2":{"loc":{"start":{"line":31,"column":30},"end":{"line":31,"column":53}},"type":"binary-expr","locations":[{"start":{"line":31,"column":30},"end":{"line":31,"column":47}},{"start":{"line":31,"column":51},"end":{"line":31,"column":53}}]}},"s":{"0":0,"1":0,"2":0,"3":0,"4":0,"5":0,"6":0},"f":{"0":0,"1":0,"2":0},"b":{"0":[0],"1":[0,0],"2":[0,0]}}
,"/home/hsu/Desktop/doctor-crm/backend/src/common/filters/all-exceptions.filter.ts": {"path":"/home/hsu/Desktop/doctor-crm/backend/src/common/filters/all-exceptions.filter.ts","statementMap":{"0":{"start":{"line":1,"column":0},"end":{"line":1,"column":null}},"1":{"start":{"line":12,"column":32},"end":{"line":142,"column":null}},"2":{"start":{"line":13,"column":28},"end":{"line":13,"column":64}},"3":{"start":{"line":16,"column":16},"end":{"line":16,"column":35}},"4":{"start":{"line":17,"column":21},"end":{"line":17,"column":48}},"5":{"start":{"line":18,"column":20},"end":{"line":18,"column":45}},"6":{"start":{"line":21,"column":4},"end":{"line":21,"column":38}},"7":{"start":{"line":24,"column":19},"end":{"line":24,"column":48}},"8":{"start":{"line":25,"column":25},"end":{"line":25,"column":62}},"9":{"start":{"line":27,"column":44},"end":{"line":34,"column":6}},"10":{"start":{"line":37,"column":4},"end":{"line":37,"column":48}},"11":{"start":{"line":44,"column":25},"end":{"line":54,"column":6}},"12":{"start":{"line":56,"column":4},"end":{"line":56,"column":36}},"13":{"start":{"line":64,"column":4},"end":{"line":66,"column":5}},"14":{"start":{"line":65,"column":6},"end":{"line":65,"column":33}},"15":{"start":{"line":69,"column":4},"end":{"line":69,"column":44}},"16":{"start":{"line":77,"column":4},"end":{"line":79,"column":5}},"17":{"start":{"line":78,"column":6},"end":{"line":78,"column":74}},"18":{"start":{"line":82,"column":4},"end":{"line":82,"column":56}},"19":{"start":{"line":90,"column":4},"end":{"line":103,"column":5}},"20":{"start":{"line":91,"column":6},"end":{"line":102,"column":7}},"21":{"start":{"line":93,"column":10},"end":{"line":93,"column":30}},"22":{"start":{"line":95,"column":10},"end":{"line":95,"column":31}},"23":{"start":{"line":97,"column":10},"end":{"line":97,"column":32}},"24":{"start":{"line":99,"column":10},"end":{"line":99,"column":35}},"25":{"start":{"line":101,"column":10},"end":{"line":101,"column":33}},"26":{"start":{"line":106,"column":4},"end":{"line":108,"column":5}},"27":{"start":{"line":107,"column":6},"end":{"line":107,"column":30}},"28":{"start":{"line":110,"column":4},"end":{"line":110,"column":35}},"29":{"start":{"line":121,"column":4},"end":{"line":123,"column":5}},"30":{"start":{"line":122,"column":6},"end":{"line":122,"column":23}},"31":{"start":{"line":126,"column":41},"end":{"line":126,"column":43}},"32":{"start":{"line":128,"column":4},"end":{"line":130,"column":5}},"33":{"start":{"line":129,"column":6},"end":{"line":129,"column":41}},"34":{"start":{"line":132,"column":4},"end":{"line":134,"column":5}},"35":{"start":{"line":133,"column":6},"end":{"line":133,"column":41}},"36":{"start":{"line":136,"column":4},"end":{"line":138,"column":5}},"37":{"start":{"line":137,"column":6},"end":{"line":137,"column":62}},"38":{"start":{"line":140,"column":4},"end":{"line":140,"column":65}},"39":{"start":{"line":12,"column":13},"end":{"line":12,"column":32}},"40":{"start":{"line":12,"column":13},"end":{"line":142,"column":null}}},"fnMap":{"0":{"name":"(anonymous_1)","decl":{"start":{"line":15,"column":2},"end":{"line":15,"column":7}},"loc":{"start":{"line":15,"column":43},"end":{"line":38,"column":3}}},"1":{"name":"(anonymous_2)","decl":{"start":{"line":43,"column":10},"end":{"line":43,"column":18}},"loc":{"start":{"line":43,"column":51},"end":{"line":57,"column":3}}},"2":{"name":"(anonymous_3)","decl":{"start":{"line":62,"column":10},"end":{"line":62,"column":23}},"loc":{"start":{"line":62,"column":38},"end":{"line":70,"column":3}}},"3":{"name":"(anonymous_4)","decl":{"start":{"line":75,"column":10},"end":{"line":75,"column":20}},"loc":{"start":{"line":75,"column":58},"end":{"line":83,"column":3}}},"4":{"name":"(anonymous_5)","decl":{"start":{"line":88,"column":10},"end":{"line":88,"column":22}},"loc":{"start":{"line":88,"column":37},"end":{"line":111,"column":3}}},"5":{"name":"(anonymous_6)","decl":{"start":{"line":116,"column":10},"end":{"line":116,"column":20}},"loc":{"start":{"line":118,"column":25},"end":{"line":141,"column":3}}}},"branchMap":{"0":{"loc":{"start":{"line":64,"column":4},"end":{"line":66,"column":5}},"type":"if","locations":[{"start":{"line":64,"column":4},"end":{"line":66,"column":5}},{"start":{},"end":{}}]},"1":{"loc":{"start":{"line":64,"column":8},"end":{"line":64,"column":77}},"type":"binary-expr","locations":[{"start":{"line":64,"column":8},"end":{"line":64,"column":46}},{"start":{"line":64,"column":50},"end":{"line":64,"column":77}}]},"2":{"loc":{"start":{"line":77,"column":4},"end":{"line":79,"column":5}},"type":"if","locations":[{"start":{"line":77,"column":4},"end":{"line":79,"column":5}},{"start":{},"end":{}}]},"3":{"loc":{"start":{"line":82,"column":11},"end":{"line":82,"column":55}},"type":"binary-expr","locations":[{"start":{"line":82,"column":11},"end":{"line":82,"column":28}},{"start":{"line":82,"column":32},"end":{"line":82,"column":55}}]},"4":{"loc":{"start":{"line":90,"column":4},"end":{"line":103,"column":5}},"type":"if","locations":[{"start":{"line":90,"column":4},"end":{"line":103,"column":5}},{"start":{},"end":{}}]},"5":{"loc":{"start":{"line":91,"column":6},"end":{"line":102,"column":7}},"type":"switch","locations":[{"start":{"line":92,"column":8},"end":{"line":93,"column":30}},{"start":{"line":94,"column":8},"end":{"line":95,"column":31}},{"start":{"line":96,"column":8},"end":{"line":97,"column":32}},{"start":{"line":98,"column":8},"end":{"line":99,"column":35}},{"start":{"line":100,"column":8},"end":{"line":101,"column":33}}]},"6":{"loc":{"start":{"line":106,"column":4},"end":{"line":108,"column":5}},"type":"if","locations":[{"start":{"line":106,"column":4},"end":{"line":108,"column":5}},{"start":{},"end":{}}]},"7":{"loc":{"start":{"line":121,"column":4},"end":{"line":123,"column":5}},"type":"if","locations":[{"start":{"line":121,"column":4},"end":{"line":123,"column":5}},{"start":{},"end":{}}]},"8":{"loc":{"start":{"line":128,"column":4},"end":{"line":130,"column":5}},"type":"if","locations":[{"start":{"line":128,"column":4},"end":{"line":130,"column":5}},{"start":{},"end":{}}]},"9":{"loc":{"start":{"line":132,"column":4},"end":{"line":134,"column":5}},"type":"if","locations":[{"start":{"line":132,"column":4},"end":{"line":134,"column":5}},{"start":{},"end":{}}]},"10":{"loc":{"start":{"line":136,"column":4},"end":{"line":138,"column":5}},"type":"if","locations":[{"start":{"line":136,"column":4},"end":{"line":138,"column":5}},{"start":{},"end":{}}]},"11":{"loc":{"start":{"line":140,"column":11},"end":{"line":140,"column":64}},"type":"cond-expr","locations":[{"start":{"line":140,"column":45},"end":{"line":140,"column":52}},{"start":{"line":140,"column":55},"end":{"line":140,"column":64}}]}},"s":{"0":0,"1":0,"2":0,"3":0,"4":0,"5":0,"6":0,"7":0,"8":0,"9":0,"10":0,"11":0,"12":0,"13":0,"14":0,"15":0,"16":0,"17":0,"18":0,"19":0,"20":0,"21":0,"22":0,"23":0,"24":0,"25":0,"26":0,"27":0,"28":0,"29":0,"30":0,"31":0,"32":0,"33":0,"34":0,"35":0,"36":0,"37":0,"38":0,"39":0,"40":0},"f":{"0":0,"1":0,"2":0,"3":0,"4":0,"5":0},"b":{"0":[0,0],"1":[0,0],"2":[0,0],"3":[0,0],"4":[0,0],"5":[0,0,0,0,0],"6":[0,0],"7":[0,0],"8":[0,0],"9":[0,0],"10":[0,0],"11":[0,0]}}
,"/home/hsu/Desktop/doctor-crm/backend/src/common/filters/http-exception.filter.ts": {"path":"/home/hsu/Desktop/doctor-crm/backend/src/common/filters/http-exception.filter.ts","statementMap":{"0":{"start":{"line":1,"column":0},"end":{"line":1,"column":null}},"1":{"start":{"line":12,"column":7},"end":{"line":116,"column":null}},"2":{"start":{"line":14,"column":16},"end":{"line":14,"column":35}},"3":{"start":{"line":15,"column":21},"end":{"line":15,"column":48}},"4":{"start":{"line":16,"column":20},"end":{"line":16,"column":45}},"5":{"start":{"line":17,"column":19},"end":{"line":17,"column":40}},"6":{"start":{"line":20,"column":30},"end":{"line":20,"column":60}},"7":{"start":{"line":23,"column":44},"end":{"line":31,"column":6}},"8":{"start":{"line":34,"column":4},"end":{"line":34,"column":48}},"9":{"start":{"line":41,"column":4},"end":{"line":43,"column":5}},"10":{"start":{"line":42,"column":6},"end":{"line":42,"column":31}},"11":{"start":{"line":45,"column":4},"end":{"line":49,"column":5}},"12":{"start":{"line":46,"column":6},"end":{"line":48,"column":36}},"13":{"start":{"line":51,"column":4},"end":{"line":51,"column":35}},"14":{"start":{"line":62,"column":4},"end":{"line":64,"column":5}},"15":{"start":{"line":63,"column":6},"end":{"line":63,"column":41}},"16":{"start":{"line":67,"column":19},"end":{"line":67,"column":40}},"17":{"start":{"line":68,"column":4},"end":{"line":85,"column":5}},"18":{"start":{"line":70,"column":8},"end":{"line":70,"column":29}},"19":{"start":{"line":72,"column":8},"end":{"line":72,"column":30}},"20":{"start":{"line":74,"column":8},"end":{"line":74,"column":27}},"21":{"start":{"line":76,"column":8},"end":{"line":76,"column":27}},"22":{"start":{"line":78,"column":8},"end":{"line":78,"column":26}},"23":{"start":{"line":80,"column":8},"end":{"line":80,"column":34}},"24":{"start":{"line":82,"column":8},"end":{"line":82,"column":39}},"25":{"start":{"line":84,"column":8},"end":{"line":84,"column":32}},"26":{"start":{"line":94,"column":4},"end":{"line":97,"column":5}},"27":{"start":{"line":95,"column":57},"end":{"line":95,"column":74}},"28":{"start":{"line":96,"column":6},"end":{"line":96,"column":67}},"29":{"start":{"line":98,"column":4},"end":{"line":98,"column":21}},"30":{"start":{"line":107,"column":4},"end":{"line":113,"column":5}},"31":{"start":{"line":108,"column":6},"end":{"line":112,"column":10}},"32":{"start":{"line":108,"column":59},"end":{"line":112,"column":8}},"33":{"start":{"line":114,"column":4},"end":{"line":114,"column":21}},"34":{"start":{"line":12,"column":13},"end":{"line":12,"column":32}},"35":{"start":{"line":12,"column":13},"end":{"line":116,"column":null}}},"fnMap":{"0":{"name":"(anonymous_1)","decl":{"start":{"line":13,"column":2},"end":{"line":13,"column":7}},"loc":{"start":{"line":13,"column":53},"end":{"line":35,"column":3}}},"1":{"name":"(anonymous_2)","decl":{"start":{"line":40,"column":10},"end":{"line":40,"column":24}},"loc":{"start":{"line":40,"column":47},"end":{"line":52,"column":3}}},"2":{"name":"(anonymous_3)","decl":{"start":{"line":57,"column":10},"end":{"line":57,"column":26}},"loc":{"start":{"line":59,"column":26},"end":{"line":86,"column":3}}},"3":{"name":"(anonymous_4)","decl":{"start":{"line":91,"column":10},"end":{"line":91,"column":24}},"loc":{"start":{"line":92,"column":26},"end":{"line":99,"column":3}}},"4":{"name":"(anonymous_5)","decl":{"start":{"line":104,"column":10},"end":{"line":104,"column":33}},"loc":{"start":{"line":105,"column":26},"end":{"line":115,"column":3}}},"5":{"name":"(anonymous_6)","decl":{"start":{"line":108,"column":42},"end":{"line":108,"column":43}},"loc":{"start":{"line":108,"column":59},"end":{"line":112,"column":8}}}},"branchMap":{"0":{"loc":{"start":{"line":41,"column":4},"end":{"line":43,"column":5}},"type":"if","locations":[{"start":{"line":41,"column":4},"end":{"line":43,"column":5}},{"start":{},"end":{}}]},"1":{"loc":{"start":{"line":45,"column":4},"end":{"line":49,"column":5}},"type":"if","locations":[{"start":{"line":45,"column":4},"end":{"line":49,"column":5}},{"start":{},"end":{}}]},"2":{"loc":{"start":{"line":46,"column":13},"end":{"line":48,"column":35}},"type":"cond-expr","locations":[{"start":{"line":47,"column":10},"end":{"line":47,"column":38}},{"start":{"line":48,"column":10},"end":{"line":48,"column":35}}]},"3":{"loc":{"start":{"line":62,"column":4},"end":{"line":64,"column":5}},"type":"if","locations":[{"start":{"line":62,"column":4},"end":{"line":64,"column":5}},{"start":{},"end":{}}]},"4":{"loc":{"start":{"line":68,"column":4},"end":{"line":85,"column":5}},"type":"switch","locations":[{"start":{"line":69,"column":6},"end":{"line":70,"column":29}},{"start":{"line":71,"column":6},"end":{"line":72,"column":30}},{"start":{"line":73,"column":6},"end":{"line":74,"column":27}},{"start":{"line":75,"column":6},"end":{"line":76,"column":27}},{"start":{"line":77,"column":6},"end":{"line":78,"column":26}},{"start":{"line":79,"column":6},"end":{"line":80,"column":34}},{"start":{"line":81,"column":6},"end":{"line":82,"column":39}},{"start":{"line":83,"column":6},"end":{"line":84,"column":32}}]},"5":{"loc":{"start":{"line":94,"column":4},"end":{"line":97,"column":5}},"type":"if","locations":[{"start":{"line":94,"column":4},"end":{"line":97,"column":5}},{"start":{},"end":{}}]},"6":{"loc":{"start":{"line":94,"column":8},"end":{"line":94,"column":75}},"type":"binary-expr","locations":[{"start":{"line":94,"column":8},"end":{"line":94,"column":45}},{"start":{"line":94,"column":49},"end":{"line":94,"column":75}}]},"7":{"loc":{"start":{"line":96,"column":13},"end":{"line":96,"column":66}},"type":"cond-expr","locations":[{"start":{"line":96,"column":47},"end":{"line":96,"column":54}},{"start":{"line":96,"column":57},"end":{"line":96,"column":66}}]},"8":{"loc":{"start":{"line":107,"column":4},"end":{"line":113,"column":5}},"type":"if","locations":[{"start":{"line":107,"column":4},"end":{"line":113,"column":5}},{"start":{},"end":{}}]},"9":{"loc":{"start":{"line":107,"column":8},"end":{"line":107,"column":76}},"type":"binary-expr","locations":[{"start":{"line":107,"column":8},"end":{"line":107,"column":33}},{"start":{"line":107,"column":37},"end":{"line":107,"column":76}}]},"10":{"loc":{"start":{"line":109,"column":15},"end":{"line":109,"column":57}},"type":"binary-expr","locations":[{"start":{"line":109,"column":15},"end":{"line":109,"column":26}},{"start":{"line":109,"column":30},"end":{"line":109,"column":44}},{"start":{"line":109,"column":48},"end":{"line":109,"column":57}}]},"11":{"loc":{"start":{"line":110,"column":17},"end":{"line":110,"column":52}},"type":"binary-expr","locations":[{"start":{"line":110,"column":17},"end":{"line":110,"column":30}},{"start":{"line":110,"column":34},"end":{"line":110,"column":52}}]}},"s":{"0":0,"1":0,"2":0,"3":0,"4":0,"5":0,"6":0,"7":0,"8":0,"9":0,"10":0,"11":0,"12":0,"13":0,"14":0,"15":0,"16":0,"17":0,"18":0,"19":0,"20":0,"21":0,"22":0,"23":0,"24":0,"25":0,"26":0,"27":0,"28":0,"29":0,"30":0,"31":0,"32":0,"33":0,"34":0,"35":0},"f":{"0":0,"1":0,"2":0,"3":0,"4":0,"5":0},"b":{"0":[0,0],"1":[0,0],"2":[0,0],"3":[0,0],"4":[0,0,0,0,0,0,0,0],"5":[0,0],"6":[0,0],"7":[0,0],"8":[0,0],"9":[0,0],"10":[0,0,0],"11":[0,0]}}
,"/home/hsu/Desktop/doctor-crm/backend/src/common/filters/index.ts": {"path":"/home/hsu/Desktop/doctor-crm/backend/src/common/filters/index.ts","statementMap":{"0":{"start":{"line":1,"column":0},"end":{"line":1,"column":40}},"1":{"start":{"line":2,"column":0},"end":{"line":2,"column":40}}},"fnMap":{},"branchMap":{},"s":{"0":0,"1":0},"f":{},"b":{}}
,"/home/hsu/Desktop/doctor-crm/backend/src/common/filters/validation-error.filter.ts": {"path":"/home/hsu/Desktop/doctor-crm/backend/src/common/filters/validation-error.filter.ts","statementMap":{"0":{"start":{"line":7,"column":0},"end":{"line":7,"column":null}},"1":{"start":{"line":29,"column":7},"end":{"line":67,"column":null}},"2":{"start":{"line":37,"column":16},"end":{"line":37,"column":35}},"3":{"start":{"line":38,"column":21},"end":{"line":38,"column":48}},"4":{"start":{"line":39,"column":20},"end":{"line":39,"column":45}},"5":{"start":{"line":40,"column":19},"end":{"line":40,"column":40}},"6":{"start":{"line":41,"column":30},"end":{"line":41,"column":null}},"7":{"start":{"line":47,"column":4},"end":{"line":55,"column":5}},"8":{"start":{"line":48,"column":6},"end":{"line":48,"column":37}},"9":{"start":{"line":49,"column":11},"end":{"line":55,"column":5}},"10":{"start":{"line":50,"column":6},"end":{"line":50,"column":43}},"11":{"start":{"line":51,"column":11},"end":{"line":55,"column":5}},"12":{"start":{"line":52,"column":6},"end":{"line":52,"column":45}},"13":{"start":{"line":54,"column":6},"end":{"line":54,"column":33}},"14":{"start":{"line":57,"column":42},"end":{"line":63,"column":6}},"15":{"start":{"line":65,"column":4},"end":{"line":65,"column":39}},"16":{"start":{"line":29,"column":13},"end":{"line":29,"column":34}},"17":{"start":{"line":29,"column":13},"end":{"line":67,"column":null}}},"fnMap":{"0":{"name":"(anonymous_1)","decl":{"start":{"line":36,"column":2},"end":{"line":36,"column":7}},"loc":{"start":{"line":36,"column":59},"end":{"line":66,"column":3}}}},"branchMap":{"0":{"loc":{"start":{"line":47,"column":4},"end":{"line":55,"column":5}},"type":"if","locations":[{"start":{"line":47,"column":4},"end":{"line":55,"column":5}},{"start":{"line":49,"column":11},"end":{"line":55,"column":5}}]},"1":{"loc":{"start":{"line":49,"column":11},"end":{"line":55,"column":5}},"type":"if","locations":[{"start":{"line":49,"column":11},"end":{"line":55,"column":5}},{"start":{"line":51,"column":11},"end":{"line":55,"column":5}}]},"2":{"loc":{"start":{"line":51,"column":11},"end":{"line":55,"column":5}},"type":"if","locations":[{"start":{"line":51,"column":11},"end":{"line":55,"column":5}},{"start":{"line":53,"column":11},"end":{"line":55,"column":5}}]},"3":{"loc":{"start":{"line":60,"column":14},"end":{"line":60,"column":56}},"type":"cond-expr","locations":[{"start":{"line":60,"column":36},"end":{"line":60,"column":44}},{"start":{"line":60,"column":47},"end":{"line":60,"column":56}}]}},"s":{"0":0,"1":0,"2":0,"3":0,"4":0,"5":0,"6":0,"7":0,"8":0,"9":0,"10":0,"11":0,"12":0,"13":0,"14":0,"15":0,"16":0,"17":0},"f":{"0":0},"b":{"0":[0,0],"1":[0,0],"2":[0,0],"3":[0,0]}}
,"/home/hsu/Desktop/doctor-crm/backend/src/common/guards/clinic-context.guard.ts": {"path":"/home/hsu/Desktop/doctor-crm/backend/src/common/guards/clinic-context.guard.ts","statementMap":{"0":{"start":{"line":1,"column":0},"end":{"line":1,"column":null}},"1":{"start":{"line":8,"column":0},"end":{"line":8,"column":41}},"2":{"start":{"line":10,"column":13},"end":{"line":10,"column":40}},"3":{"start":{"line":13,"column":7},"end":{"line":52,"column":null}},"4":{"start":{"line":14,"column":22},"end":{"line":14,"column":33}},"5":{"start":{"line":17,"column":20},"end":{"line":17,"column":55}},"6":{"start":{"line":18,"column":17},"end":{"line":18,"column":29}},"7":{"start":{"line":20,"column":4},"end":{"line":22,"column":5}},"8":{"start":{"line":21,"column":6},"end":{"line":21,"column":47}},"9":{"start":{"line":24,"column":28},"end":{"line":24,"column":58}},"10":{"start":{"line":25,"column":25},"end":{"line":25,"column":38}},"11":{"start":{"line":27,"column":4},"end":{"line":29,"column":5}},"12":{"start":{"line":28,"column":6},"end":{"line":28,"column":46}},"13":{"start":{"line":31,"column":4},"end":{"line":39,"column":5}},"14":{"start":{"line":32,"column":27},"end":{"line":32,"column":54}},"15":{"start":{"line":34,"column":6},"end":{"line":38,"column":7}},"16":{"start":{"line":35,"column":8},"end":{"line":37,"column":10}},"17":{"start":{"line":41,"column":4},"end":{"line":43,"column":5}},"18":{"start":{"line":42,"column":6},"end":{"line":42,"column":52}},"19":{"start":{"line":46,"column":4},"end":{"line":48,"column":21}},"20":{"start":{"line":50,"column":4},"end":{"line":50,"column":16}},"21":{"start":{"line":13,"column":13},"end":{"line":13,"column":31}},"22":{"start":{"line":13,"column":13},"end":{"line":52,"column":null}},"23":{"start":{"line":54,"column":13},"end":{"line":54,"column":40}},"24":{"start":{"line":55,"column":22},"end":{"line":58,"column":1}},"25":{"start":{"line":55,"column":28},"end":{"line":58,"column":1}},"26":{"start":{"line":56,"column":2},"end":{"line":56,"column":64}},"27":{"start":{"line":57,"column":2},"end":{"line":57,"column":20}},"28":{"start":{"line":55,"column":13},"end":{"line":55,"column":22}}},"fnMap":{"0":{"name":"(anonymous_2)","decl":{"start":{"line":14,"column":2},"end":{"line":14,"column":22}},"loc":{"start":{"line":14,"column":42},"end":{"line":14,"column":46}}},"1":{"name":"(anonymous_3)","decl":{"start":{"line":16,"column":2},"end":{"line":16,"column":13}},"loc":{"start":{"line":16,"column":39},"end":{"line":51,"column":3}}},"2":{"name":"(anonymous_4)","decl":{"start":{"line":55,"column":22},"end":{"line":55,"column":25}},"loc":{"start":{"line":55,"column":28},"end":{"line":58,"column":1}}},"3":{"name":"(anonymous_5)","decl":{"start":{"line":55,"column":28},"end":{"line":55,"column":29}},"loc":{"start":{"line":55,"column":89},"end":{"line":58,"column":1}}}},"branchMap":{"0":{"loc":{"start":{"line":
[...]
"start":{"line":383,"column":4},"end":{"line":385,"column":5}},"108":{"start":{"line":384,"column":6},"end":{"line":384,"column":78}},"109":{"start":{"line":387,"column":4},"end":{"line":387,"column":43}},"110":{"start":{"line":388,"column":4},"end":{"line":388,"column":41}},"111":{"start":{"line":390,"column":4},"end":{"line":390,"column":46}},"112":{"start":{"line":390,"column":15},"end":{"line":390,"column":46}},"113":{"start":{"line":391,"column":4},"end":{"line":391,"column":61}},"114":{"start":{"line":391,"column":22},"end":{"line":391,"column":61}},"115":{"start":{"line":393,"column":4},"end":{"line":393,"column":54}},"116":{"start":{"line":28,"column":13},"end":{"line":28,"column":36}},"117":{"start":{"line":28,"column":13},"end":{"line":395,"column":null}}},"fnMap":{"0":{"name":"(anonymous_5)","decl":{"start":{"line":29,"column":2},"end":{"line":29,"column":null}},"loc":{"start":{"line":38,"column":43},"end":{"line":39,"column":6}}},"1":{"name":"(anonymous_6)","decl":{"start":{"line":46,"column":2},"end":{"line":46,"column":7}},"loc":{"start":{"line":49,"column":20},"end":{"line":73,"column":3}}},"2":{"name":"(anonymous_7)","decl":{"start":{"line":84,"column":2},"end":{"line":84,"column":7}},"loc":{"start":{"line":87,"column":20},"end":{"line":219,"column":3}}},"3":{"name":"(anonymous_8)","decl":{"start":{"line":89,"column":45},"end":{"line":89,"column":50}},"loc":{"start":{"line":89,"column":63},"end":{"line":218,"column":5}}},"4":{"name":"(anonymous_9)","decl":{"start":{"line":191,"column":8},"end":{"line":191,"column":9}},"loc":{"start":{"line":191,"column":15},"end":{"line":191,"column":49}}},"5":{"name":"(anonymous_10)","decl":{"start":{"line":225,"column":2},"end":{"line":225,"column":7}},"loc":{"start":{"line":228,"column":66},"end":{"line":256,"column":3}}},"6":{"name":"(anonymous_11)","decl":{"start":{"line":238,"column":11},"end":{"line":238,"column":12}},"loc":{"start":{"line":238,"column":18},"end":{"line":238,"column":27}}},"7":{"name":"(anonymous_12)","decl":{"start":{"line":240,"column":8},"end":{"line":240,"column":9}},"loc":{"start":{"line":241,"column":10},"end":{"line":245,"column":65}}},"8":{"name":"(anonymous_13)","decl":{"start":{"line":249,"column":18},"end":{"line":249,"column":19}},"loc":{"start":{"line":249,"column":27},"end":{"line":253,"column":5}}},"9":{"name":"(anonymous_14)","decl":{"start":{"line":262,"column":2},"end":{"line":262,"column":7}},"loc":{"start":{"line":263,"column":56},"end":{"line":280,"column":3}}},"10":{"name":"(anonymous_15)","decl":{"start":{"line":282,"column":2},"end":{"line":282,"column":7}},"loc":{"start":{"line":284,"column":20},"end":{"line":291,"column":3}}},"11":{"name":"(anonymous_16)","decl":{"start":{"line":293,"column":2},"end":{"line":293,"column":7}},"loc":{"start":{"line":293,"column":40},"end":{"line":299,"column":3}}},"12":{"name":"(anonymous_17)","decl":{"start":{"line":301,"column":2},"end":{"line":301,"column":7}},"loc":{"start":{"line":301,"column":26},"end":{"line":312,"column":3}}},"13":{"name":"(anonymous_18)","decl":{"start":{"line":314,"column":2},"end":{"line":314,"column":7}},"loc":{"start":{"line":316,"column":56},"end":{"line":329,"column":3}}},"14":{"name":"(anonymous_19)","decl":{"start":{"line":331,"column":2},"end":{"line":331,"column":7}},"loc":{"start":{"line":331,"column":25},"end":{"line":335,"column":3}}},"15":{"name":"(anonymous_20)","decl":{"start":{"line":337,"column":2},"end":{"line":337,"column":7}},"loc":{"start":{"line":339,"column":49},"end":{"line":346,"column":3}}},"16":{"name":"(anonymous_21)","decl":{"start":{"line":348,"column":2},"end":{"line":348,"column":7}},"loc":{"start":{"line":350,"column":20},"end":{"line":367,"column":3}}},"17":{"name":"(anonymous_22)","decl":{"start":{"line":373,"column":2},"end":{"line":373,"column":7}},"loc":{"start":{"line":376,"column":25},"end":{"line":394,"column":3}}}},"branchMap":{"0":{"loc":{"start":{"line":55,"column":4},"end":{"line":59,"column":5}},"type":"if","locations":[{"start":{"line":55,"column":4},"end":{"line":59,"column":5}},{"start":{},"end":{}}]},"1":{"loc":{"start":{"line":62,"column":4},"end":{"line":64,"column":5}},"type":"if","locations":[{"start":{"line":62,"column":4},"end":{"line":64,"column":5}},{"start":{},"end":{}}]},"2":{"loc":{"start":{"line":65,"column":4},"end":{"line":67,"column":5}},"type":"if","locations":[{"start":{"line":65,"column":4},"end":{"line":67,"column":5}},{"start":{},"end":{}}]},"3":{"loc":{"start":{"line":68,"column":4},"end":{"line":70,"column":5}},"type":"if","locations":[{"start":{"line":68,"column":4},"end":{"line":70,"column":5}},{"start":{},"end":{}}]},"4":{"loc":{"start":{"line":96,"column":6},"end":{"line":100,"column":7}},"type":"if","locations":[{"start":{"line":96,"column":6},"end":{"line":100,"column":7}},{"start":{},"end":{}}]},"5":{"loc":{"start":{"line":103,"column":6},"end":{"line":107,"column":7}},"type":"if","locations":[{"start":{"line":103,"column":6},"end":{"line":107,"column":7}},{"start":{},"end":{}}]},"6":{"loc":{"start":{"line":110,"column":6},"end":{"line":112,"column":7}},"type":"if","locations":[{"start":{"line":110,"column":6},"end":{"line":112,"column":7}},{"start":{},"end":{}}]},"7":{"loc":{"start":{"line":113,"column":6},"end":{"line":115,"column":7}},"type":"if","locations":[{"start":{"line":113,"column":6},"end":{"line":115,"column":7}},{"start":{},"end":{}}]},"8":{"loc":{"start":{"line":116,"column":6},"end":{"line":118,"column":7}},"type":"if","locations":[{"start":{"line":116,"column":6},"end":{"line":118,"column":7}},{"start":{},"end":{}}]},"9":{"loc":{"start":{"line":119,"column":6},"end":{"line":121,"column":7}},"type":"if","locations":[{"start":{"line":119,"column":6},"end":{"line":121,"column":7}},{"start":{},"end":{}}]},"10":{"loc":{"start":{"line":126,"column":6},"end":{"line":171,"column":7}},"type":"if","locations":[{"start":{"line":126,"column":6},"end":{"line":171,"column":7}},{"start":{},"end":{}}]},"11":{"loc":{"start":{"line":126,"column":10},"end":{"line":126,"column":77}},"type":"binary-expr","locations":[{"start":{"line":126,"column":10},"end":{"line":126,"column":36}},{"start":{"line":126,"column":40},"end":{"line":126,"column":77}}]},"12":{"loc":{"start":{"line":152,"column":8},"end":{"line":156,"column":9}},"type":"if","locations":[{"start":{"line":152,"column":8},"end":{"line":156,"column":9}},{"start":{},"end":{}}]},"13":{"loc":{"start":{"line":158,"column":30},"end":{"line":158,"column":70}},"type":"binary-expr","locations":[{"start":{"line":158,"column":30},"end":{"line":158,"column":65}},{"start":{"line":158,"column":69},"end":{"line":158,"column":70}}]},"14":{"loc":{"start":{"line":194,"column":6},"end":{"line":214,"column":7}},"type":"if","locations":[{"start":{"line":194,"column":6},"end":{"line":214,"column":7}},{"start":{},"end":{}}]},"15":{"loc":{"start":{"line":199,"column":8},"end":{"line":213,"column":9}},"type":"if","locations":[{"start":{"line":199,"column":8},"end":{"line":213,"column":9}},{"start":{},"end":{}}]},"16":{"loc":{"start":{"line":241,"column":10},"end":{"line":245,"column":65}},"type":"binary-expr","locations":[{"start":{"line":241,"column":10},"end":{"line":241,"column":11}},{"start":{"line":242,"column":10},"end":{"line":242,"column":33}},{"start":{"line":243,"column":11},"end":{"line":243,"column":26}},{"start":{"line":243,"column":30},"end":{"line":243,"column":66}},{"start":{"line":244,"column":11},"end":{"line":244,"column":29}},{"start":{"line":244,"column":33},"end":{"line":244,"column":68}},{"start":{"line":245,"column":11},"end":{"line":245,"column":27}},{"start":{"line":245,"column":31},"end":{"line":245,"column":64}}]},"17":{"loc":{"start":{"line":250,"column":20},"end":{"line":250,"column":77}},"type":"cond-expr","locations":[{"start":{"line":250,"column":38},"end":{"line":250,"column":73}},{"start":{"line":250,"column":76},"end":{"line":250,"column":77}}]},"18":{"loc":{"start":{"line":251,"column":20},"end":{"line":251,"column":77}},"type":"cond-expr","locations":[{"start":{"line":251,"column":38},"end":{"line":251,"column":73}},{"start":{"line":251,"column":76},"end":{"line":251,"column":77}}]},"19":{"loc":{"start":{"line":272,"column":4},"end":{"line":276,"column":5}},"type":"if","locations":[{"start":{"line":272,"column":4},"end":{"line":276,"column":5}},{"start":{},"end":{}}]},"20":{"loc":{"start":{"line":307,"column":4},"end":{"line":309,"column":5}},"type":"if","locations":[{"start":{"line":307,"column":4},"end":{"line":309,"column":5}},{"start":{},"end":{}}]},"21":{"loc":{"start":{"line":320,"column":4},"end":{"line":325,"column":5}},"type":"if","locations":[{"start":{"line":320,"column":4},"end":{"line":325,"column":5}},{"start":{},"end":{}}]},"22":{"loc":{"start":{"line":321,"column":6},"end":{"line":322,"column":30}},"type":"binary-expr","locations":[{"start":{"line":321,"column":6},"end":{"line":321,"column":54}},{"start":{"line":322,"column":6},"end":{"line":322,"column":30}}]},"23":{"loc":{"start":{"line":350,"column":4},"end":{"line":350,"column":20}},"type":"default-arg","locations":[{"start":{"line":350,"column":19},"end":{"line":350,"column":20}}]},"24":{"loc":{"start":{"line":383,"column":4},"end":{"line":385,"column":5}},"type":"if","locations":[{"start":{"line":383,"column":4},"end":{"line":385,"column":5}},{"start":{},"end":{}}]},"25":{"loc":{"start":{"line":390,"column":4},"end":{"line":390,"column":46}},"type":"if","locations":[{"start":{"line":390,"column":4},"end":{"line":390,"column":46}},{"start":{},"end":{}}]},"26":{"loc":{"start":{"line":391,"column":4},"end":{"line":391,"column":61}},"type":"if","locations":[{"start":{"line":391,"column":4},"end":{"line":391,"column":61}},{"start":{},"end":{}}]},"27":{"loc":{"start":{"line":31,"column":40},"end":{"line":31,"column":68}},"type":"cond-expr","locations":[{"start":{"line":31,"column":50},"end":{"line":31,"column":68}},{"start":{"line":31,"column":50},"end":{"line":31,"column":68}}]},"28":{"loc":{"start":{"line":31,"column":40},"end":{"line":31,"column":50}},"type":"binary-expr","locations":[{"start":{"line":31,"column":40},"end":{"line":31,"column":68}},{"start":{"line":31,"column":40},"end":{"line":31,"column":50}}]},"29":{"loc":{"start":{"line":31,"column":50},"end":{"line":33,"column":66}},"type":"cond-expr","locations":[{"start":{"line":33,"column":49},"end":{"line":33,"column":66}},{"start":{"line":33,"column":49},"end":{"line":33,"column":66}}]},"30":{"loc":{"start":{"line":31,"column":50},"end":{"line":33,"column":49}},"type":"binary-expr","locations":[{"start":{"line":31,"column":50},"end":{"line":33,"column":66}},{"start":{"line":33,"column":39},"end":{"line":33,"column":49}}]},"31":{"loc":{"start":{"line":33,"column":49},"end":{"line":35,"column":70}},"type":"cond-expr","locations":[{"start":{"line":35,"column":53},"end":{"line":35,"column":70}},{"start":{"line":35,"column":53},"end":{"line":35,"column":70}}]},"32":{"loc":{"start":{"line":33,"column":49},"end":{"line":35,"column":53}},"type":"binary-expr","locations":[{"start":{"line":33,"column":49},"end":{"line":35,"column":70}},{"start":{"line":35,"column":43},"end":{"line":35,"column":53}}]},"33":{"loc":{"start":{"line":35,"column":53},"end":{"line":36,"column":null}},"type":"cond-expr","locations":[{"start":{"line":36,"column":65},"end":{"line":36,"column":null}},{"start":{"line":36,"column":65},"end":{"line":36,"column":null}}]},"34":{"loc":{"start":{"line":35,"column":53},"end":{"line":36,"column":65}},"type":"binary-expr","locations":[{"start":{"line":35,"column":53},"end":{"line":36,"column":null}},{"start":{"line":36,"column":44},"end":{"line":36,"column":65}}]},"35":{"loc":{"start":{"line":36,"column":65},"end":{"line":37,"column":null}},"type":"cond-expr","locations":[{"start":{"line":37,"column":48},"end":{"line":37,"column":null}},{"start":{"line":37,"column":48},"end":{"line":37,"column":null}}]},"36":{"loc":{"start":{"line":36,"column":65},"end":{"line":37,"column":48}},"type":"binary-expr","locations":[{"start":{"line":36,"column":65},"end":{"line":37,"column":null}},{"start":{"line":37,"column":35},"end":{"line":37,"column":48}}]},"37":{"loc":{"start":{"line":37,"column":48},"end":{"line":38,"column":null}},"type":"cond-expr","locations":[{"start":{"line":38,"column":43},"end":{"line":38,"column":null}},{"start":{"line":38,"column":43},"end":{"line":38,"column":null}}]},"38":{"loc":{"start":{"line":37,"column":48},"end":{"line":38,"column":43}},"type":"binary-expr","locations":[{"start":{"line":37,"column":48},"end":{"line":38,"column":null}},{"start":{"line":38,"column":33},"end":{"line":38,"column":43}}]}},"s":{"0":0,"1":0,"2":0,"3":0,"4":0,"5":0,"6":0,"7":0,"8":0,"9":0,"10":0,"11":0,"12":0,"13":0,"14":0,"15":0,"16":0,"17":0,"18":0,"19":0,"20":0,"21":0,"22":0,"23":0,"24":0,"25":0,"26":0,"27":0,"28":0,"29":0,"30":0,"31":0,"32":0,"33":0,"34":0,"35":0,"36":0,"37":0,"38":0,"39":0,"40":0,"41":0,"42":0,"43":0,"44":0,"45":0,"46":0,"47":0,"48":0,"49":0,"50":0,"51":0,"52":0,"53":0,"54":0,"55":0,"56":0,"57":0,"58":0,"59":0,"60":0,"61":0,"62":0,"63":0,"64":0,"65":0,"66":0,"67":0,"68":0,"69":0,"70":0,"71":0,"72":0,"73":0,"74":0,"75":0,"76":0,"77":0,"78":0,"79":0,"80":0,"81":0,"82":0,"83":0,"84":0,"85":0,"86":0,"87":0,"88":0,"89":0,"90":0,"91":0,"92":0,"93":0,"94":0,"95":0,"96":0,"97":0,"98":0,"99":0,"100":0,"101":0,"102":0,"103":0,"104":0,"105":0,"106":0,"107":0,"108":0,"109":0,"110":0,"111":0,"112":0,"113":0,"114":0,"115":0,"116":0,"117":0},"f":{"0":0,"1":0,"2":0,"3":0,"4":0,"5":0,"6":0,"7":0,"8":0,"9":0,"10":0,"11":0,"12":0,"13":0,"14":0,"15":0,"16":0,"17":0},"b":{"0":[0,0],"1":[0,0],"2":[0,0],"3":[0,0],"4":[0,0],"5":[0,0],"6":[0,0],"7":[0,0],"8":[0,0],"9":[0,0],"10":[0,0],"11":[0,0],"12":[0,0],"13":[0,0],"14":[0,0],"15":[0,0],"16":[0,0,0,0,0,0,0,0],"17":[0,0],"18":[0,0],"19":[0,0],"20":[0,0],"21":[0,0],"22":[0,0],"23":[0],"24":[0,0],"25":[0,0],"26":[0,0],"27":[0,0],"28":[0,0],"29":[0,0],"30":[0,0],"31":[0,0],"32":[0,0],"33":[0,0],"34":[0,0],"35":[0,0],"36":[0,0],"37":[0,0],"38":[0,0]}}
,"/home/hsu/Desktop/doctor-crm/backend/src/treatments/services/treatment.service.ts": {"path":"/home/hsu/Desktop/doctor-crm/backend/src/treatments/services/treatment.service.ts","statementMap":{"0":{"start":{"line":1,"column":0},"end":{"line":1,"column":71}},"1":{"start":{"line":2,"column":0},"end":{"line":2,"column":51}},"2":{"start":{"line":3,"column":0},"end":{"line":3,"column":37}},"3":{"start":{"line":4,"column":0},"end":{"line":4,"column":54}},"4":{"start":{"line":5,"column":0},"end":{"line":5,"column":57}},"5":{"start":{"line":10,"column":29},"end":{"line":102,"column":null}},"6":{"start":{"line":11,"column":28},"end":{"line":11,"column":61}},"7":{"start":{"line":15,"column":12},"end":{"line":15,"column":33}},"8":{"start":{"line":16,"column":12},"end":{"line":16,"column":26}},"9":{"start":{"line":20,"column":22},"end":{"line":20,"column":73}},"10":{"start":{"line":21,"column":27},"end":{"line":21,"column":73}},"11":{"start":{"line":24,"column":4},"end":{"line":35,"column":5}},"12":{"start":{"line":25,"column":6},"end":{"line":29,"column":9}},"13":{"start":{"line":31,"column":6},"end":{"line":33,"column":8}},"14":{"start":{"line":37,"column":4},"end":{"line":37,"column":26}},"15":{"start":{"line":41,"column":4},"end":{"line":45,"column":7}},"16":{"start":{"line":49,"column":22},"end":{"line":52,"column":6}},"17":{"start":{"line":54,"column":4},"end":{"line":56,"column":5}},"18":{"start":{"line":55,"column":6},"end":{"line":55,"column":71}},"19":{"start":{"line":58,"column":4},"end":{"line":58,"column":21}},"20":{"start":{"line":65,"column":22},"end":{"line":65,"column":44}},"21":{"start":{"line":66,"column":4},"end":{"line":66,"column":49}},"22":{"start":{"line":67,"column":4},"end":{"line":67,"column":58}},"23":{"start":{"line":71,"column":22},"end":{"line":71,"column":44}},"24":{"start":{"line":73,"column":4},"end":{"line":73,"column":35}},"25":{"start":{"line":74,"column":4},"end":{"line":74,"column":51}},"26":{"start":{"line":78,"column":4},"end":{"line":82,"column":7}},"27":{"start":{"line":89,"column":22},"end":{"line":89,"column":44}},"28":{"start":{"line":90,"column":4},"end":{"line":90,"column":52}},"29":{"start":{"line":93,"column":4},"end":{"line":98,"column":5}},"30":{"start":{"line":94,"column":6},"end":{"line":94,"column":37}},"31":{"start":{"line":95,"column":6},"end":{"line":95,"column":43}},"32":{"start":{"line":96,"column":11},"end":{"line":98,"column":5}},"33":{"start":{"line":97,"column":6},"end":{"line":97,"column":39}},"34":{"start":{"line":100,"column":4},"end":{"line":100,"column":58}},"35":{"start":{"line":10,"column":13},"end":{"line":10,"column":29}},"36":{"start":{"line":10,"column":13},"end":{"line":102,"column":null}}},"fnMap":{"0":{"name":"(anonymous_4)","decl":{"start":{"line":13,"column":2},"end":{"line":13,"column":null}},"loc":{"start":{"line":16,"column":39},"end":{"line":17,"column":6}}},"1":{"name":"(anonymous_5)","decl":{"start":{"line":19,"column":2},"end":{"line":19,"column":7}},"loc":{"start":{"line":19,"column":53},"end":{"line":38,"column":3}}},"2":{"name":"(anonymous_6)","decl":{"start":{"line":40,"column":2},"end":{"line":40,"column":7}},"loc":{"start":{"line":40,"column":32},"end":{"line":46,"column":3}}},"3":{"name":"(anonymous_7)","decl":{"start":{"line":48,"column":2},"end":{"line":48,"column":7}},"loc":{"start":{"line":48,"column":26},"end":{"line":59,"column":3}}},"4":{"name":"(anonymous_8)","decl":{"start":{"line":61,"column":2},"end":{"line":61,"column":7}},"loc":{"start":{"line":63,"column":42},"end":{"line":68,"column":3}}},"5":{"name":"(anonymous_9)","decl":{"start":{"line":70,"column":2},"end":{"line":70,"column":7}},"loc":{"start":{"line":70,"column":25},"end":{"line":75,"column":3}}},"6":{"name":"(anonymous_10)","decl":{"start":{"line":77,"column":2},"end":{"line":77,"column":7}},"loc":{"start":{"line":77,"column":41},"end":{"line":83,"column":3}}},"7":{"name":"(anonymous_11)","decl":{"start":{"line":85,"column":2},"end":{"line":85,"column":7}},"loc":{"start":{"line":87,"column":29},"end":{"line":101,"column":3}}}},"branchMap":{"0":{"loc":{"start":{"line":54,"column":4},"end":{"line":56,"column":5}},"type":"if","locations":[{"start":{"line":54,"column":4},"end":{"line":56,"column":5}},{"start":{},"end":{}}]},"1":{"loc":{"start":{"line":93,"column":4},"end":{"line":98,"column":5}},"type":"if","locations":[{"start":{"line":93,"column":4},"end":{"line":98,"column":5}},{"start":{"line":96,"column":11},"end":{"line":98,"column":5}}]},"2":{"loc":{"start":{"line":96,"column":11},"end":{"line":98,"column":5}},"type":"if","locations":[{"start":{"line":96,"column":11},"end":{"line":98,"column":5}},{"start":{},"end":{}}]},"3":{"loc":{"start":{"line":15,"column":33},"end":{"line":15,"column":54}},"type":"cond-expr","locations":[{"start":{"line":15,"column":43},"end":{"line":15,"column":54}},{"start":{"line":15,"column":43},"end":{"line":15,"column":54}}]},"4":{"loc":{"start":{"line":15,"column":33},"end":{"line":15,"column":43}},"type":"binary-expr","locations":[{"start":{"line":15,"column":33},"end":{"line":15,"column":54}},{"start":{"line":15,"column":33},"end":{"line":15,"column":43}}]},"5":{"loc":{"start":{"line":15,"column":43},"end":{"line":16,"column":null}},"type":"cond-expr","locations":[{"start":{"line":16,"column":39},"end":{"line":16,"column":null}},{"start":{"line":16,"column":39},"end":{"line":16,"column":null}}]},"6":{"loc":{"start":{"line":15,"column":43},"end":{"line":16,"column":39}},"type":"binary-expr","locations":[{"start":{"line":15,"column":43},"end":{"line":16,"column":null}},{"start":{"line":16,"column":26},"end":{"line":16,"column":39}}]}},"s":{"0":0,"1":0,"2":0,"3":0,"4":0,"5":0,"6":0,"7":0,"8":0,"9":0,"10":0,"11":0,"12":0,"13":0,"14":0,"15":0,"16":0,"17":0,"18":0,"19":0,"20":0,"21":0,"22":0,"23":0,"24":0,"25":0,"26":0,"27":0,"28":0,"29":0,"30":0,"31":0,"32":0,"33":0,"34":0,"35":0,"36":0},"f":{"0":0,"1":0,"2":0,"3":0,"4":0,"5":0,"6":0,"7":0},"b":{"0":[0,0],"1":[0,0],"2":[0,0],"3":[0,0],"4":[0,0],"5":[0,0],"6":[0,0]}}
}
