{"/home/hsu/CRMapp/doctor-crm/backend/src/app.controller.ts": {"path":"/home/hsu/CRMapp/doctor-crm/backend/src/app.controller.ts","statementMap":{"0":{"start":{"line":1,"column":0},"end":{"line":1,"column":49}},"1":{"start":{"line":2,"column":0},"end":{"line":2,"column":43}},"2":{"start":{"line":3,"column":0},"end":{"line":3,"column":56}},"3":{"start":{"line":7,"column":7},"end":{"line":24,"column":null}},"4":{"start":{"line":8,"column":31},"end":{"line":8,"column":43}},"5":{"start":{"line":13,"column":4},"end":{"line":13,"column":38}},"6":{"start":{"line":19,"column":4},"end":{"line":22,"column":6}},"7":{"start":{"line":7,"column":13},"end":{"line":7,"column":26}},"8":{"start":{"line":12,"column":2},"end":{"line":14,"column":null}},"9":{"start":{"line":18,"column":2},"end":{"line":23,"column":null}},"10":{"start":{"line":7,"column":13},"end":{"line":24,"column":null}}},"fnMap":{"0":{"name":"(anonymous_2)","decl":{"start":{"line":8,"column":2},"end":{"line":8,"column":31}},"loc":{"start":{"line":8,"column":53},"end":{"line":8,"column":57}}},"1":{"name":"(anonymous_3)","decl":{"start":{"line":12,"column":2},"end":{"line":12,"column":10}},"loc":{"start":{"line":12,"column":10},"end":{"line":14,"column":3}}},"2":{"name":"(anonymous_4)","decl":{"start":{"line":18,"column":2},"end":{"line":18,"column":13}},"loc":{"start":{"line":18,"column":13},"end":{"line":23,"column":3}}}},"branchMap":{"0":{"loc":{"start":{"line":8,"column":43},"end":{"line":8,"column":56}},"type":"cond-expr","locations":[{"start":{"line":8,"column":53},"end":{"line":8,"column":56}},{"start":{"line":8,"column":53},"end":{"line":8,"column":56}}]},"1":{"loc":{"start":{"line":8,"column":43},"end":{"line":8,"column":53}},"type":"binary-expr","locations":[{"start":{"line":8,"column":43},"end":{"line":8,"column":56}},{"start":{"line":8,"column":43},"end":{"line":8,"column":53}}]}},"s":{"0":1,"1":1,"2":1,"3":1,"4":1,"5":1,"6":0,"7":1,"8":1,"9":1,"10":1},"f":{"0":1,"1":1,"2":0},"b":{"0":[1,0],"1":[1,1]}}
,"/home/hsu/CRMapp/doctor-crm/backend/src/app.module.ts": {"path":"/home/hsu/CRMapp/doctor-crm/backend/src/app.module.ts","statementMap":{"0":{"start":{"line":1,"column":0},"end":{"line":1,"column":40}},"1":{"start":{"line":2,"column":0},"end":{"line":2,"column":48}},"2":{"start":{"line":3,"column":0},"end":{"line":3,"column":59}},"3":{"start":{"line":4,"column":0},"end":{"line":4,"column":49}},"4":{"start":{"line":5,"column":0},"end":{"line":5,"column":43}},"5":{"start":{"line":6,"column":0},"end":{"line":6,"column":58}},"6":{"start":{"line":7,"column":0},"end":{"line":7,"column":60}},"7":{"start":{"line":8,"column":0},"end":{"line":8,"column":66}},"8":{"start":{"line":9,"column":0},"end":{"line":9,"column":51}},"9":{"start":{"line":10,"column":0},"end":{"line":10,"column":57}},"10":{"start":{"line":24,"column":7},"end":{"line":24,"column":null}},"11":{"start":{"line":24,"column":13},"end":{"line":24,"column":22}},"12":{"start":{"line":24,"column":13},"end":{"line":24,"column":null}}},"fnMap":{},"branchMap":{},"s":{"0":0,"1":0,"2":0,"3":0,"4":0,"5":0,"6":0,"7":0,"8":0,"9":0,"10":0,"11":0,"12":0},"f":{},"b":{}}
,"/home/hsu/CRMapp/doctor-crm/backend/src/app.service.ts": {"path":"/home/hsu/CRMapp/doctor-crm/backend/src/app.service.ts","statementMap":{"0":{"start":{"line":1,"column":0},"end":{"line":1,"column":44}},"1":{"start":{"line":4,"column":7},"end":{"line":8,"column":null}},"2":{"start":{"line":6,"column":4},"end":{"line":6,"column":26}},"3":{"start":{"line":4,"column":13},"end":{"line":4,"column":23}},"4":{"start":{"line":4,"column":13},"end":{"line":8,"column":null}}},"fnMap":{"0":{"name":"(anonymous_1)","decl":{"start":{"line":5,"column":2},"end":{"line":5,"column":10}},"loc":{"start":{"line":5,"column":10},"end":{"line":7,"column":3}}}},"branchMap":{},"s":{"0":1,"1":1,"2":1,"3":1,"4":1},"f":{"0":1},"b":{}}
,"/home/hsu/CRMapp/doctor-crm/backend/src/main.ts": {"path":"/home/hsu/CRMapp/doctor-crm/backend/src/main.ts","statementMap":{"0":{"start":{"line":1,"column":0},"end":{"line":1,"column":43}},"1":{"start":{"line":2,"column":0},"end":{"line":2,"column":41}},"2":{"start":{"line":3,"column":0},"end":{"line":3,"column":77}},"3":{"start":{"line":4,"column":0},"end":{"line":4,"column":77}},"4":{"start":{"line":5,"column":0},"end":{"line":5,"column":65}},"5":{"start":{"line":6,"column":0},"end":{"line":6,"column":83}},"6":{"start":{"line":9,"column":14},"end":{"line":9,"column":49}},"7":{"start":{"line":12,"column":2},"end":{"line":15,"column":4}},"8":{"start":{"line":18,"column":2},"end":{"line":22,"column":5}},"9":{"start":{"line":25,"column":2},"end":{"line":25,"column":29}},"10":{"start":{"line":28,"column":27},"end":{"line":28,"column":53}},"11":{"start":{"line":29,"column":2},"end":{"line":35,"column":5}},"12":{"start":{"line":31,"column":4},"end":{"line":33,"column":5}},"13":{"start":{"line":32,"column":6},"end":{"line":32,"column":20}},"14":{"start":{"line":34,"column":4},"end":{"line":34,"column":48}},"15":{"start":{"line":38,"column":17},"end":{"line":46,"column":12}},"16":{"start":{"line":48,"column":19},"end":{"line":48,"column":60}},"17":{"start":{"line":49,"column":2},"end":{"line":56,"column":5}},"18":{"start":{"line":58,"column":2},"end":{"line":58,"column":45}},"19":{"start":{"line":60,"column":0},"end":{"line":60,"column":17}}},"fnMap":{"0":{"name":"bootstrap","decl":{"start":{"line":8,"column":15},"end":{"line":8,"column":24}},"loc":{"start":{"line":8,"column":24},"end":{"line":59,"column":1}}},"1":{"name":"(anonymous_1)","decl":{"start":{"line":29,"column":10},"end":{"line":29,"column":11}},"loc":{"start":{"line":29,"column":29},"end":{"line":35,"column":3}}}},"branchMap":{"0":{"loc":{"start":{"line":19,"column":12},"end":{"line":19,"column":43}},"type":"binary-expr","locations":[{"start":{"line":19,"column":12},"end":{"line":19,"column":35}},{"start":{"line":19,"column":39},"end":{"line":19,"column":43}}]},"1":{"loc":{"start":{"line":31,"column":4},"end":{"line":33,"column":5}},"type":"if","locations":[{"start":{"line":31,"column":4},"end":{"line":33,"column":5}},{"start":{},"end":{}}]},"2":{"loc":{"start":{"line":31,"column":8},"end":{"line":31,"column":70}},"type":"binary-expr","locations":[{"start":{"line":31,"column":8},"end":{"line":31,"column":40}},{"start":{"line":31,"column":44},"end":{"line":31,"column":70}}]},"3":{"loc":{"start":{"line":58,"column":19},"end":{"line":58,"column":43}},"type":"binary-expr","locations":[{"start":{"line":58,"column":19},"end":{"line":58,"column":35}},{"start":{"line":58,"column":39},"end":{"line":58,"column":43}}]}},"s":{"0":0,"1":0,"2":0,"3":0,"4":0,"5":0,"6":0,"7":0,"8":0,"9":0,"10":0,"11":0,"12":0,"13":0,"14":0,"15":0,"16":0,"17":0,"18":0,"19":0},"f":{"0":0,"1":0},"b":{"0":[0,0],"1":[0,0],"2":[0,0],"3":[0,0]}}
,"/home/hsu/CRMapp/doctor-crm/backend/src/common/exceptions/bad-request.exception.ts": {"path":"/home/hsu/CRMapp/doctor-crm/backend/src/common/exceptions/bad-request.exception.ts","statementMap":{"0":{"start":{"line":1,"column":0},"end":{"line":1,"column":44}},"1":{"start":{"line":2,"column":0},"end":{"line":2,"column":49}},"2":{"start":{"line":13,"column":4},"end":{"line":18,"column":6}},"3":{"start":{"line":8,"column":0},"end":{"line":8,"column":13}}},"fnMap":{"0":{"name":"(anonymous_0)","decl":{"start":{"line":9,"column":2},"end":{"line":9,"column":null}},"loc":{"start":{"line":11,"column":33},"end":{"line":19,"column":3}}}},"branchMap":{"0":{"loc":{"start":{"line":10,"column":4},"end":{"line":10,"column":35}},"type":"default-arg","locations":[{"start":{"line":10,"column":22},"end":{"line":10,"column":35}}]}},"s":{"0":0,"1":0,"2":0,"3":0},"f":{"0":0},"b":{"0":[0]}}
,"/home/hsu/CRMapp/doctor-crm/backend/src/common/exceptions/base.exception.ts": {"path":"/home/hsu/CRMapp/doctor-crm/backend/src/common/exceptions/base.exception.ts","statementMap":{"0":{"start":{"line":1,"column":0},"end":{"line":1,"column":59}},"1":{"start":{"line":24,"column":4},"end":{"line":32,"column":6}},"2":{"start":{"line":34,"column":4},"end":{"line":34,"column":31}},"3":{"start":{"line":35,"column":4},"end":{"line":35,"column":27}},"4":{"start":{"line":36,"column":4},"end":{"line":36,"column":38}},"5":{"start":{"line":43,"column":4},"end":{"line":43,"column":31}},"6":{"start":{"line":7,"column":0},"end":{"line":7,"column":13}}},"fnMap":{"0":{"name":"(anonymous_0)","decl":{"start":{"line":18,"column":2},"end":{"line":18,"column":null}},"loc":{"start":{"line":22,"column":33},"end":{"line":37,"column":3}}},"1":{"name":"(anonymous_1)","decl":{"start":{"line":42,"column":2},"end":{"line":42,"column":13}},"loc":{"start":{"line":42,"column":13},"end":{"line":44,"column":3}}}},"branchMap":{"0":{"loc":{"start":{"line":20,"column":4},"end":{"line":20,"column":61}},"type":"default-arg","locations":[{"start":{"line":20,"column":29},"end":{"line":20,"column":61}}]},"1":{"loc":{"start":{"line":21,"column":4},"end":{"line":21,"column":40}},"type":"default-arg","locations":[{"start":{"line":21,"column":24},"end":{"line":21,"column":40}}]}},"s":{"0":0,"1":0,"2":0,"3":0,"4":0,"5":0,"6":0},"f":{"0":0,"1":0},"b":{"0":[0],"1":[0]}}
,"/home/hsu/CRMapp/doctor-crm/backend/src/common/exceptions/business-rule.exception.ts": {"path":"/home/hsu/CRMapp/doctor-crm/backend/src/common/exceptions/business-rule.exception.ts","statementMap":{"0":{"start":{"line":1,"column":0},"end":{"line":1,"column":44}},"1":{"start":{"line":2,"column":0},"end":{"line":2,"column":49}},"2":{"start":{"line":14,"column":4},"end":{"line":22,"column":6}},"3":{"start":{"line":29,"column":4},"end":{"line":33,"column":6}},"4":{"start":{"line":40,"column":4},"end":{"line":44,"column":6}},"5":{"start":{"line":51,"column":4},"end":{"line":55,"column":6}},"6":{"start":{"line":8,"column":0},"end":{"line":8,"column":13}}},"fnMap":{"0":{"name":"(anonymous_0)","decl":{"start":{"line":9,"column":2},"end":{"line":9,"column":null}},"loc":{"start":{"line":12,"column":33},"end":{"line":23,"column":3}}},"1":{"name":"(anonymous_1)","decl":{"start":{"line":28,"column":2},"end":{"line":28,"column":8}},"loc":{"start":{"line":28,"column":83},"end":{"line":34,"column":3}}},"2":{"name":"(anonymous_2)","decl":{"start":{"line":39,"column":2},"end":{"line":39,"column":8}},"loc":{"start":{"line":39,"column":81},"end":{"line":45,"column":3}}},"3":{"name":"(anonymous_3)","decl":{"start":{"line":50,"column":2},"end":{"line":50,"column":8}},"loc":{"start":{"line":50,"column":79},"end":{"line":56,"column":3}}}},"branchMap":{},"s":{"0":0,"1":0,"2":0,"3":0,"4":0,"5":0,"6":0},"f":{"0":0,"1":0,"2":0,"3":0},"b":{}}
,"/home/hsu/CRMapp/doctor-crm/backend/src/common/exceptions/forbidden.exception.ts": {"path":"/home/hsu/CRMapp/doctor-crm/backend/src/common/exceptions/forbidden.exception.ts","statementMap":{"0":{"start":{"line":1,"column":0},"end":{"line":1,"column":44}},"1":{"start":{"line":2,"column":0},"end":{"line":2,"column":49}},"2":{"start":{"line":13,"column":4},"end":{"line":18,"column":6}},"3":{"start":{"line":8,"column":0},"end":{"line":8,"column":13}}},"fnMap":{"0":{"name":"(anonymous_0)","decl":{"start":{"line":9,"column":2},"end":{"line":9,"column":null}},"loc":{"start":{"line":11,"column":33},"end":{"line":19,"column":3}}}},"branchMap":{"0":{"loc":{"start":{"line":10,"column":4},"end":{"line":10,"column":33}},"type":"default-arg","locations":[{"start":{"line":10,"column":22},"end":{"line":10,"column":33}}]}},"s":{"0":0,"1":0,"2":0,"3":0},"f":{"0":0},"b":{"0":[0]}}
,"/home/hsu/CRMapp/doctor-crm/backend/src/common/exceptions/index.ts": {"path":"/home/hsu/CRMapp/doctor-crm/backend/src/common/exceptions/index.ts","statementMap":{"0":{"start":{"line":1,"column":0},"end":{"line":1,"column":33}},"1":{"start":{"line":2,"column":0},"end":{"line":2,"column":38}},"2":{"start":{"line":3,"column":0},"end":{"line":3,"column":39}},"3":{"start":{"line":4,"column":0},"end":{"line":4,"column":42}},"4":{"start":{"line":5,"column":0},"end":{"line":5,"column":41}},"5":{"start":{"line":6,"column":0},"end":{"line":6,"column":38}},"6":{"start":{"line":7,"column":0},"end":{"line":7,"column":40}}},"fnMap":{},"branchMap":{},"s":{"0":0,"1":0,"2":0,"3":0,"4":0,"5":0,"6":0},"f":{},"b":{}}
,"/home/hsu/CRMapp/doctor-crm/backend/src/common/exceptions/not-found.exception.ts": {"path":"/home/hsu/CRMapp/doctor-crm/backend/src/common/exceptions/not-found.exception.ts","statementMap":{"0":{"start":{"line":1,"column":0},"end":{"line":1,"column":44}},"1":{"start":{"line":2,"column":0},"end":{"line":2,"column":49}},"2":{"start":{"line":14,"column":20},"end":{"line":16,"column":31}},"3":{"start":{"line":18,"column":4},"end":{"line":27,"column":6}},"4":{"start":{"line":8,"column":0},"end":{"line":8,"column":13}}},"fnMap":{"0":{"name":"(anonymous_0)","decl":{"start":{"line":9,"column":2},"end":{"line":9,"column":null}},"loc":{"start":{"line":12,"column":33},"end":{"line":28,"column":3}}}},"branchMap":{"0":{"loc":{"start":{"line":14,"column":20},"end":{"line":16,"column":31}},"type":"cond-expr","locations":[{"start":{"line":15,"column":8},"end":{"line":15,"column":53}},{"start":{"line":16,"column":8},"end":{"line":16,"column":31}}]}},"s":{"0":0,"1":0,"2":0,"3":0,"4":0},"f":{"0":0},"b":{"0":[0,0]}}
,"/home/hsu/CRMapp/doctor-crm/backend/src/common/exceptions/unauthorized.exception.ts": {"path":"/home/hsu/CRMapp/doctor-crm/backend/src/common/exceptions/unauthorized.exception.ts","statementMap":{"0":{"start":{"line":1,"column":0},"end":{"line":1,"column":44}},"1":{"start":{"line":2,"column":0},"end":{"line":2,"column":49}},"2":{"start":{"line":13,"column":4},"end":{"line":18,"column":6}},"3":{"start":{"line":8,"column":0},"end":{"line":8,"column":13}}},"fnMap":{"0":{"name":"(anonymous_0)","decl":{"start":{"line":9,"column":2},"end":{"line":9,"column":null}},"loc":{"start":{"line":11,"column":33},"end":{"line":19,"column":3}}}},"branchMap":{"0":{"loc":{"start":{"line":10,"column":4},"end":{"line":10,"column":36}},"type":"default-arg","locations":[{"start":{"line":10,"column":22},"end":{"line":10,"column":36}}]}},"s":{"0":0,"1":0,"2":0,"3":0},"f":{"0":0},"b":{"0":[0]}}
,"/home/hsu/CRMapp/doctor-crm/backend/src/common/exceptions/validation.exception.ts": {"path":"/home/hsu/CRMapp/doctor-crm/backend/src/common/exceptions/validation.exception.ts","statementMap":{"0":{"start":{"line":1,"column":0},"end":{"line":1,"column":44}},"1":{"start":{"line":2,"column":0},"end":{"line":2,"column":49}},"2":{"start":{"line":18,"column":4},"end":{"line":26,"column":6}},"3":{"start":{"line":33,"column":19},"end":{"line":37,"column":7}},"4":{"start":{"line":33,"column":50},"end":{"line":37,"column":6}},"5":{"start":{"line":39,"column":4},"end":{"line":39,"column":43}},"6":{"start":{"line":8,"column":0},"end":{"line":8,"column":13}}},"fnMap":{"0":{"name":"(anonymous_0)","decl":{"start":{"line":9,"column":2},"end":{"line":9,"column":null}},"loc":{"start":{"line":16,"column":33},"end":{"line":27,"column":3}}},"1":{"name":"(anonymous_1)","decl":{"start":{"line":32,"column":2},"end":{"line":32,"column":8}},"loc":{"start":{"line":32,"column":53},"end":{"line":40,"column":3}}},"2":{"name":"(anonymous_2)","decl":{"start":{"line":33,"column":40},"end":{"line":33,"column":45}},"loc":{"start":{"line":33,"column":50},"end":{"line":37,"column":6}}}},"branchMap":{"0":{"loc":{"start":{"line":15,"column":4},"end":{"line":15,"column":41}},"type":"default-arg","locations":[{"start":{"line":15,"column":22},"end":{"line":15,"column":41}}]},"1":{"loc":{"start":{"line":35,"column":29},"end":{"line":35,"column":52}},"type":"binary-expr","locations":[{"start":{"line":35,"column":29},"end":{"line":35,"column":46}},{"start":{"line":35,"column":50},"end":{"line":35,"column":52}}]},"2":{"loc":{"start":{"line":36,"column":30},"end":{"line":36,"column":53}},"type":"binary-expr","locations":[{"start":{"line":36,"column":30},"end":{"line":36,"column":47}},{"start":{"line":36,"column":51},"end":{"line":36,"column":53}}]}},"s":{"0":0,"1":0,"2":0,"3":0,"4":0,"5":0,"6":0},"f":{"0":0,"1":0,"2":0},"b":{"0":[0],"1":[0,0],"2":[0,0]}}
,"/home/hsu/CRMapp/doctor-crm/backend/src/common/filters/all-exceptions.filter.ts": {"path":"/home/hsu/CRMapp/doctor-crm/backend/src/common/filters/all-exceptions.filter.ts","statementMap":{"0":{"start":{"line":1,"column":0},"end":{"line":1,"column":null}},"1":{"start":{"line":12,"column":32},"end":{"line":141,"column":null}},"2":{"start":{"line":13,"column":28},"end":{"line":13,"column":64}},"3":{"start":{"line":16,"column":16},"end":{"line":16,"column":35}},"4":{"start":{"line":17,"column":21},"end":{"line":17,"column":48}},"5":{"start":{"line":18,"column":20},"end":{"line":18,"column":45}},"6":{"start":{"line":21,"column":4},"end":{"line":21,"column":38}},"7":{"start":{"line":24,"column":19},"end":{"line":24,"column":48}},"8":{"start":{"line":25,"column":25},"end":{"line":25,"column":62}},"9":{"start":{"line":27,"column":44},"end":{"line":34,"column":6}},"10":{"start":{"line":37,"column":4},"end":{"line":39,"column":27}},"11":{"start":{"line":46,"column":25},"end":{"line":56,"column":6}},"12":{"start":{"line":58,"column":4},"end":{"line":58,"column":36}},"13":{"start":{"line":66,"column":4},"end":{"line":68,"column":5}},"14":{"start":{"line":67,"column":6},"end":{"line":67,"column":33}},"15":{"start":{"line":71,"column":4},"end":{"line":71,"column":44}},"16":{"start":{"line":79,"column":4},"end":{"line":81,"column":5}},"17":{"start":{"line":80,"column":6},"end":{"line":80,"column":74}},"18":{"start":{"line":84,"column":4},"end":{"line":84,"column":56}},"19":{"start":{"line":92,"column":4},"end":{"line":105,"column":5}},"20":{"start":{"line":93,"column":6},"end":{"line":104,"column":7}},"21":{"start":{"line":95,"column":10},"end":{"line":95,"column":30}},"22":{"start":{"line":97,"column":10},"end":{"line":97,"column":31}},"23":{"start":{"line":99,"column":10},"end":{"line":99,"column":32}},"24":{"start":{"line":101,"column":10},"end":{"line":101,"column":35}},"25":{"start":{"line":103,"column":10},"end":{"line":103,"column":33}},"26":{"start":{"line":108,"column":4},"end":{"line":110,"column":5}},"27":{"start":{"line":109,"column":6},"end":{"line":109,"column":30}},"28":{"start":{"line":112,"column":4},"end":{"line":112,"column":35}},"29":{"start":{"line":120,"column":4},"end":{"line":122,"column":5}},"30":{"start":{"line":121,"column":6},"end":{"line":121,"column":23}},"31":{"start":{"line":125,"column":41},"end":{"line":125,"column":43}},"32":{"start":{"line":127,"column":4},"end":{"line":129,"column":5}},"33":{"start":{"line":128,"column":6},"end":{"line":128,"column":41}},"34":{"start":{"line":131,"column":4},"end":{"line":133,"column":5}},"35":{"start":{"line":132,"column":6},"end":{"line":132,"column":41}},"36":{"start":{"line":135,"column":4},"end":{"line":137,"column":5}},"37":{"start":{"line":136,"column":6},"end":{"line":136,"column":62}},"38":{"start":{"line":139,"column":4},"end":{"line":139,"column":65}},"39":{"start":{"line":12,"column":13},"end":{"line":12,"column":32}},"40":{"start":{"line":12,"column":13},"end":{"line":141,"column":null}}},"fnMap":{"0":{"name":"(anonymous_1)","decl":{"start":{"line":15,"column":2},"end":{"line":15,"column":7}},"loc":{"start":{"line":15,"column":43},"end":{"line":40,"column":3}}},"1":{"name":"(anonymous_2)","decl":{"start":{"line":45,"column":10},"end":{"line":45,"column":18}},"loc":{"start":{"line":45,"column":51},"end":{"line":59,"column":3}}},"2":{"name":"(anonymous_3)","decl":{"start":{"line":64,"column":10},"end":{"line":64,"column":23}},"loc":{"start":{"line":64,"column":38},"end":{"line":72,"column":3}}},"3":{"name":"(anonymous_4)","decl":{"start":{"line":77,"column":10},"end":{"line":77,"column":20}},"loc":{"start":{"line":77,"column":58},"end":{"line":85,"column":3}}},"4":{"name":"(anonymous_5)","decl":{"start":{"line":90,"column":10},"end":{"line":90,"column":22}},"loc":{"start":{"line":90,"column":37},"end":{"line":113,"column":3}}},"5":{"name":"(anonymous_6)","decl":{"start":{"line":118,"column":10},"end":{"line":118,"column":20}},"loc":{"start":{"line":118,"column":58},"end":{"line":140,"column":3}}}},"branchMap":{"0":{"loc":{"start":{"line":66,"column":4},"end":{"line":68,"column":5}},"type":"if","locations":[{"start":{"line":66,"column":4},"end":{"line":68,"column":5}},{"start":{},"end":{}}]},"1":{"loc":{"start":{"line":66,"column":8},"end":{"line":66,"column":77}},"type":"binary-expr","locations":[{"start":{"line":66,"column":8},"end":{"line":66,"column":46}},{"start":{"line":66,"column":50},"end":{"line":66,"column":77}}]},"2":{"loc":{"start":{"line":79,"column":4},"end":{"line":81,"column":5}},"type":"if","locations":[{"start":{"line":79,"column":4},"end":{"line":81,"column":5}},{"start":{},"end":{}}]},"3":{"loc":{"start":{"line":84,"column":11},"end":{"line":84,"column":55}},"type":"binary-expr","locations":[{"start":{"line":84,"column":11},"end":{"line":84,"column":28}},{"start":{"line":84,"column":32},"end":{"line":84,"column":55}}]},"4":{"loc":{"start":{"line":92,"column":4},"end":{"line":105,"column":5}},"type":"if","locations":[{"start":{"line":92,"column":4},"end":{"line":105,"column":5}},{"start":{},"end":{}}]},"5":{"loc":{"start":{"line":93,"column":6},"end":{"line":104,"column":7}},"type":"switch","locations":[{"start":{"line":94,"column":8},"end":{"line":95,"column":30}},{"start":{"line":96,"column":8},"end":{"line":97,"column":31}},{"start":{"line":98,"column":8},"end":{"line":99,"column":32}},{"start":{"line":100,"column":8},"end":{"line":101,"column":35}},{"start":{"line":102,"column":8},"end":{"line":103,"column":33}}]},"6":{"loc":{"start":{"line":108,"column":4},"end":{"line":110,"column":5}},"type":"if","locations":[{"start":{"line":108,"column":4},"end":{"line":110,"column":5}},{"start":{},"end":{}}]},"7":{"loc":{"start":{"line":120,"column":4},"end":{"line":122,"column":5}},"type":"if","locations":[{"start":{"line":120,"column":4},"end":{"line":122,"column":5}},{"start":{},"end":{}}]},"8":{"loc":{"start":{"line":127,"column":4},"end":{"line":129,"column":5}},"type":"if","locations":[{"start":{"line":127,"column":4},"end":{"line":129,"column":5}},{"start":{},"end":{}}]},"9":{"loc":{"start":{"line":131,"column":4},"end":{"line":133,"column":5}},"type":"if","locations":[{"start":{"line":131,"column":4},"end":{"line":133,"column":5}},{"start":{},"end":{}}]},"10":{"loc":{"start":{"line":135,"column":4},"end":{"line":137,"column":5}},"type":"if","locations":[{"start":{"line":135,"column":4},"end":{"line":137,"column":5}},{"start":{},"end":{}}]},"11":{"loc":{"start":{"line":139,"column":11},"end":{"line":139,"column":64}},"type":"cond-expr","locations":[{"start":{"line":139,"column":45},"end":{"line":139,"column":52}},{"start":{"line":139,"column":55},"end":{"line":139,"column":64}}]}},"s":{"0":0,"1":0,"2":0,"3":0,"4":0,"5":0,"6":0,"7":0,"8":0,"9":0,"10":0,"11":0,"12":0,"13":0,"14":0,"15":0,"16":0,"17":0,"18":0,"19":0,"20":0,"21":0,"22":0,"23":0,"24":0,"25":0,"26":0,"27":0,"28":0,"29":0,"30":0,"31":0,"32":0,"33":0,"34":0,"35":0,"36":0,"37":0,"38":0,"39":0,"40":0},"f":{"0":0,"1":0,"2":0,"3":0,"4":0,"5":0},"b":{"0":[0,0],"1":[0,0],"2":[0,0],"3":[0,0],"4":[0,0],"5":[0,0,0,0,0],"6":[0,0],"7":[0,0],"8":[0,0],"9":[0,0],"10":[0,0],"11":[0,0]}}
,"/home/hsu/CRMapp/doctor-crm/backend/src/common/filters/http-exception.filter.ts": {"path":"/home/hsu/CRMapp/doctor-crm/backend/src/common/filters/http-exception.filter.ts","statementMap":{"0":{"start":{"line":1,"column":0},"end":{"line":1,"column":null}},"1":{"start":{"line":12,"column":7},"end":{"line":111,"column":null}},"2":{"start":{"line":14,"column":16},"end":{"line":14,"column":35}},"3":{"start":{"line":15,"column":21},"end":{"line":15,"column":48}},"4":{"start":{"line":16,"column":20},"end":{"line":16,"column":45}},"5":{"start":{"line":17,"column":19},"end":{"line":17,"column":40}},"6":{"start":{"line":20,"column":30},"end":{"line":20,"column":60}},"7":{"start":{"line":23,"column":44},"end":{"line":31,"column":6}},"8":{"start":{"line":34,"column":4},"end":{"line":36,"column":27}},"9":{"start":{"line":43,"column":4},"end":{"line":45,"column":5}},"10":{"start":{"line":44,"column":6},"end":{"line":44,"column":31}},"11":{"start":{"line":47,"column":4},"end":{"line":51,"column":5}},"12":{"start":{"line":48,"column":6},"end":{"line":50,"column":36}},"13":{"start":{"line":53,"column":4},"end":{"line":53,"column":35}},"14":{"start":{"line":61,"column":4},"end":{"line":63,"column":5}},"15":{"start":{"line":62,"column":6},"end":{"line":62,"column":41}},"16":{"start":{"line":66,"column":19},"end":{"line":66,"column":40}},"17":{"start":{"line":67,"column":4},"end":{"line":84,"column":5}},"18":{"start":{"line":69,"column":8},"end":{"line":69,"column":29}},"19":{"start":{"line":71,"column":8},"end":{"line":71,"column":30}},"20":{"start":{"line":73,"column":8},"end":{"line":73,"column":27}},"21":{"start":{"line":75,"column":8},"end":{"line":75,"column":27}},"22":{"start":{"line":77,"column":8},"end":{"line":77,"column":26}},"23":{"start":{"line":79,"column":8},"end":{"line":79,"column":34}},"24":{"start":{"line":81,"column":8},"end":{"line":81,"column":39}},"25":{"start":{"line":83,"column":8},"end":{"line":83,"column":32}},"26":{"start":{"line":91,"column":4},"end":{"line":94,"column":5}},"27":{"start":{"line":92,"column":57},"end":{"line":92,"column":74}},"28":{"start":{"line":93,"column":6},"end":{"line":93,"column":67}},"29":{"start":{"line":95,"column":4},"end":{"line":95,"column":21}},"30":{"start":{"line":102,"column":4},"end":{"line":108,"column":5}},"31":{"start":{"line":103,"column":6},"end":{"line":107,"column":10}},"32":{"start":{"line":103,"column":59},"end":{"line":107,"column":8}},"33":{"start":{"line":109,"column":4},"end":{"line":109,"column":21}},"34":{"start":{"line":12,"column":13},"end":{"line":12,"column":32}},"35":{"start":{"line":12,"column":13},"end":{"line":111,"column":null}}},"fnMap":{"0":{"name":"(anonymous_1)","decl":{"start":{"line":13,"column":2},"end":{"line":13,"column":7}},"loc":{"start":{"line":13,"column":53},"end":{"line":37,"column":3}}},"1":{"name":"(anonymous_2)","decl":{"start":{"line":42,"column":10},"end":{"line":42,"column":24}},"loc":{"start":{"line":42,"column":47},"end":{"line":54,"column":3}}},"2":{"name":"(anonymous_3)","decl":{"start":{"line":59,"column":10},"end":{"line":59,"column":26}},"loc":{"start":{"line":59,"column":75},"end":{"line":85,"column":3}}},"3":{"name":"(anonymous_4)","decl":{"start":{"line":90,"column":10},"end":{"line":90,"column":24}},"loc":{"start":{"line":90,"column":47},"end":{"line":96,"column":3}}},"4":{"name":"(anonymous_5)","decl":{"start":{"line":101,"column":10},"end":{"line":101,"column":33}},"loc":{"start":{"line":101,"column":56},"end":{"line":110,"column":3}}},"5":{"name":"(anonymous_6)","decl":{"start":{"line":103,"column":42},"end":{"line":103,"column":43}},"loc":{"start":{"line":103,"column":59},"end":{"line":107,"column":8}}}},"branchMap":{"0":{"loc":{"start":{"line":43,"column":4},"end":{"line":45,"column":5}},"type":"if","locations":[{"start":{"line":43,"column":4},"end":{"line":45,"column":5}},{"start":{},"end":{}}]},"1":{"loc":{"start":{"line":47,"column":4},"end":{"line":51,"column":5}},"type":"if","locations":[{"start":{"line":47,"column":4},"end":{"line":51,"column":5}},{"start":{},"end":{}}]},"2":{"loc":{"start":{"line":48,"column":13},"end":{"line":50,"column":35}},"type":"cond-expr","locations":[{"start":{"line":49,"column":10},"end":{"line":49,"column":38}},{"start":{"line":50,"column":10},"end":{"line":50,"column":35}}]},"3":{"loc":{"start":{"line":61,"column":4},"end":{"line":63,"column":5}},"type":"if","locations":[{"start":{"line":61,"column":4},"end":{"line":63,"column":5}},{"start":{},"end":{}}]},"4":{"loc":{"start":{"line":67,"column":4},"end":{"line":84,"column":5}},"type":"switch","locations":[{"start":{"line":68,"column":6},"end":{"line":69,"column":29}},{"start":{"line":70,"column":6},"end":{"line":71,"column":30}},{"start":{"line":72,"column":6},"end":{"line":73,"column":27}},{"start":{"line":74,"column":6},"end":{"line":75,"column":27}},{"start":{"line":76,"column":6},"end":{"line":77,"column":26}},{"start":{"line":78,"column":6},"end":{"line":79,"column":34}},{"start":{"line":80,"column":6},"end":{"line":81,"column":39}},{"start":{"line":82,"column":6},"end":{"line":83,"column":32}}]},"5":{"loc":{"start":{"line":91,"column":4},"end":{"line":94,"column":5}},"type":"if","locations":[{"start":{"line":91,"column":4},"end":{"line":94,"column":5}},{"start":{},"end":{}}]},"6":{"loc":{"start":{"line":91,"column":8},"end":{"line":91,"column":75}},"type":"binary-expr","locations":[{"start":{"line":91,"column":8},"end":{"line":91,"column":45}},{"start":{"line":91,"column":49},"end":{"line":91,"column":75}}]},"7":{"loc":{"start":{"line":93,"column":13},"end":{"line":93,"column":66}},"type":"cond-expr","locations":[{"start":{"line":93,"column":47},"end":{"line":93,"column":54}},{"start":{"line":93,"column":57},"end":{"line":93,"column":66}}]},"8":{"loc":{"start":{"line":102,"column":4},"end":{"line":108,"column":5}},"type":"if","locations":[{"start":{"line":102,"column":4},"end":{"line":108,"column":5}},{"start":{},"end":{}}]},"9":{"loc":{"start":{"line":102,"column":8},"end":{"line":102,"column":76}},"type":"binary-expr","locations":[{"start":{"line":102,"column":8},"end":{"line":102,"column":33}},{"start":{"line":102,"column":37},"end":{"line":102,"column":76}}]},"10":{"loc":{"start":{"line":104,"column":15},"end":{"line":104,"column":57}},"type":"binary-expr","locations":[{"start":{"line":104,"column":15},"end":{"line":104,"column":26}},{"start":{"line":104,"column":30},"end":{"line":104,"column":44}},{"start":{"line":104,"column":48},"end":{"line":104,"column":57}}]},"11":{"loc":{"start":{"line":105,"column":17},"end":{"line":105,"column":52}},"type":"binary-expr","locations":[{"start":{"line":105,"column":17},"end":{"line":105,"column":30}},{"start":{"line":105,"column":34},"end":{"line":105,"column":52}}]}},"s":{"0":0,"1":0,"2":0,"3":0,"4":0,"5":0,"6":0,"7":0,"8":0,"9":0,"10":0,"11":0,"12":0,"13":0,"14":0,"15":0,"16":0,"17":0,"18":0,"19":0,"20":0,"21":0,"22":0,"23":0,"24":0,"25":0,"26":0,"27":0,"28":0,"29":0,"30":0,"31":0,"32":0,"33":0,"34":0,"35":0},"f":{"0":0,"1":0,"2":0,"3":0,"4":0,"5":0},"b":{"0":[0,0],"1":[0,0],"2":[0,0],"3":[0,0],"4":[0,0,0,0,0,0,0,0],"5":[0,0],"6":[0,0],"7":[0,0],"8":[0,0],"9":[0,0],"10":[0,0,0],"11":[0,0]}}
,"/home/hsu/CRMapp/doctor-crm/backend/src/common/filters/index.ts": {"path":"/home/hsu/CRMapp/doctor-crm/backend/src/common/filters/index.ts","statementMap":{"0":{"start":{"line":1,"column":0},"end":{"line":1,"column":40}},"1":{"start":{"line":2,"column":0},"end":{"line":2,"column":40}}},"fnMap":{},"branchMap":{},"s":{"0":0,"1":0},"f":{},"b":{}}
,"/home/hsu/CRMapp/doctor-crm/backend/src/common/interfaces/index.ts": {"path":"/home/hsu/CRMapp/doctor-crm/backend/src/common/interfaces/index.ts","statementMap":{"0":{"start":{"line":1,"column":0},"end":{"line":1,"column":47}}},"fnMap":{},"branchMap":{},"s":{"0":0},"f":{},"b":{}}
,"/home/hsu/CRMapp/doctor-crm/backend/src/common/middlewares/clinic-auth.middleware.ts": {"path":"/home/hsu/CRMapp/doctor-crm/backend/src/common/middlewares/clinic-auth.middleware.ts","statementMap":{"0":{"start":{"line":1,"column":0},"end":{"line":1,"column":null}},"1":{"start":{"line":23,"column":33},"end":{"line":170,"column":null}},"2":{"start":{"line":24,"column":28},"end":{"line":24,"column":65}},"3":{"start":{"line":29,"column":6},"end":{"line":31,"column":39}},"4":{"start":{"line":33,"column":4},"end":{"line":44,"column":5}},"5":{"start":{"line":34,"column":6},"end":{"line":34,"column":83}},"6":{"start":{"line":35,"column":6},"end":{"line":43,"column":9}},"7":{"start":{"line":47,"column":4},"end":{"line":58,"column":5}},"8":{"start":{"line":48,"column":6},"end":{"line":48,"column":63}},"9":{"start":{"line":49,"column":6},"end":{"line":57,"column":9}},"10":{"start":{"line":61,"column":5},"end":{"line":61,"column":37}},"11":{"start":{"line":63,"column":4},"end":{"line":63,"column":91}},"12":{"start":{"line":64,"column":4},"end":{"line":64,"column":11}},"13":{"start":{"line":71,"column":24},"end":{"line":71,"column":50}},"14":{"start":{"line":72,"column":4},"end":{"line":74,"column":5}},"15":{"start":{"line":73,"column":6},"end":{"line":73,"column":71}},"16":{"start":{"line":75,"column":4},"end":{"line":75,"column":16}},"17":{"start":{"line":82,"column":23},"end":{"line":82,"column":41}},"18":{"start":{"line":83,"column":4},"end":{"line":92,"column":5}},"19":{"start":{"line":84,"column":6},"end":{"line":91,"column":7}},"20":{"start":{"line":85,"column":8},"end":{"line":85,"column":39}},"21":{"start":{"line":86,"column":13},"end":{"line":91,"column":7}},"22":{"start":{"line":87,"column":8},"end":{"line":87,"column":26}},"23":{"start":{"line":88,"column":13},"end":{"line":91,"column":7}},"24":{"start":{"line":90,"column":8},"end":{"line":90,"column":37}},"25":{"start":{"line":93,"column":4},"end":{"line":93,"column":16}},"26":{"start":{"line":100,"column":4},"end":{"line":107,"column":5}},"27":{"start":{"line":106,"column":6},"end":{"line":106,"column":31}},"28":{"start":{"line":108,"column":4},"end":{"line":108,"column":16}},"29":{"start":{"line":121,"column":4},"end":{"line":123,"column":5}},"30":{"start":{"line":122,"column":6},"end":{"line":122,"column":19}},"31":{"start":{"line":126,"column":22},"end":{"line":126,"column":37}},"32":{"start":{"line":127,"column":4},"end":{"line":129,"column":5}},"33":{"start":{"line":128,"column":6},"end":{"line":128,"column":19}},"34":{"start":{"line":133,"column":25},"end":{"line":133,"column":43}},"35":{"start":{"line":134,"column":4},"end":{"line":139,"column":5}},"36":{"start":{"line":135,"column":6},"end":{"line":137,"column":8}},"37":{"start":{"line":138,"column":6},"end":{"line":138,"column":19}},"38":{"start":{"line":142,"column":30},"end":{"line":150,"column":6}},"39":{"start":{"line":152,"column":4},"end":{"line":159,"column":5}},"40":{"start":{"line":153,"column":6},"end":{"line":158,"column":7}},"41":{"start":{"line":154,"column":8},"end":{"line":156,"column":10}},"42":{"start":{"line":157,"column":8},"end":{"line":157,"column":21}},"43":{"start":{"line":161,"column":4},"end":{"line":161,"column":16}},"44":{"start":{"line":168,"column":4},"end":{"line":168,"column":41}},"45":{"start":{"line":23,"column":13},"end":{"line":23,"column":33}},"46":{"start":{"line":23,"column":13},"end":{"line":170,"column":null}}},"fnMap":{"0":{"name":"(anonymous_1)","decl":{"start":{"line":26,"column":2},"end":{"line":26,"column":5}},"loc":{"start":{"line":26,"column":53},"end":{"line":65,"column":3}}},"1":{"name":"(anonymous_2)","decl":{"start":{"line":70,"column":10},"end":{"line":70,"column":35}},"loc":{"start":{"line":70,"column":48},"end":{"line":76,"column":3}}},"2":{"name":"(anonymous_3)","decl":{"start":{"line":81,"column":10},"end":{"line":81,"column":34}},"loc":{"start":{"line":81,"column":47},"end":{"line":94,"column":3}}},"3":{"name":"(anonymous_4)","decl":{"start":{"line":99,"column":10},"end":{"line":99,"column":33}},"loc":{"start":{"line":99,"column":46},"end":{"line":109,"column":3}}},"4":{"name":"(anonymous_5)","decl":{"start":{"line":120,"column":10},"end":{"line":120,"column":25}},"loc":{"start":{"line":120,"column":42},"end":{"line":162,"column":3}}},"5":{"name":"(anonymous_6)","decl":{"start":{"line":167,"column":2},"end":{"line":167,"column":8}},"loc":{"start":{"line":167,"column":44},"end":{"line":169,"column":3}}}},"branchMap":{"0":{"loc":{"start":{"line":29,"column":6},"end":{"line":31,"column":39}},"type":"binary-expr","locations":[{"start":{"line":29,"column":6},"end":{"line":29,"column":41}},{"start":{"line":30,"column":6},"end":{"line":30,"column":40}},{"start":{"line":31,"column":6},"end":{"line":31,"column":39}}]},"1":{"loc":{"start":{"line":33,"column":4},"end":{"line":44,"column":5}},"type":"if","locations":[{"start":{"line":33,"column":4},"end":{"line":44,"column":5}},{"start":{},"end":{}}]},"2":{"loc":{"start":{"line":47,"column":4},"end":{"line":58,"column":5}},"type":"if","locations":[{"start":{"line":47,"column":4},"end":{"line":58,"column":5}},{"start":{},"end":{}}]},"3":{"loc":{"start":{"line":72,"column":4},"end":{"line":74,"column":5}},"type":"if","locations":[{"start":{"line":72,"column":4},"end":{"line":74,"column":5}},{"start":{},"end":{}}]},"4":{"loc":{"start":{"line":73,"column":13},"end":{"line":73,"column":70}},"type":"cond-expr","locations":[{"start":{"line":73,"column":42},"end":{"line":73,"column":56}},{"start":{"line":73,"column":59},"end":{"line":73,"column":70}}]},"5":{"loc":{"start":{"line":83,"column":4},"end":{"line":92,"column":5}},"type":"if","locations":[{"start":{"line":83,"column":4},"end":{"line":92,"column":5}},{"start":{},"end":{}}]},"6":{"loc":{"start":{"line":84,"column":6},"end":{"line":91,"column":7}},"type":"if","locations":[{"start":{"line":84,"column":6},"end":{"line":91,"column":7}},{"start":{"line":86,"column":13},"end":{"line":91,"column":7}}]},"7":{"loc":{"start":{"line":86,"column":13},"end":{"line":91,"column":7}},"type":"if","locations":[{"start":{"line":86,"column":13},"end":{"line":91,"column":7}},{"start":{"line":88,"column":13},"end":{"line":91,"column":7}}]},"8":{"loc":{"start":{"line":88,"column":13},"end":{"line":91,"column":7}},"type":"if","locations":[{"start":{"line":88,"column":13},"end":{"line":91,"column":7}},{"start":{},"end":{}}]},"9":{"loc":{"start":{"line":100,"column":4},"end":{"line":107,"column":5}},"type":"if","locations":[{"start":{"line":100,"column":4},"end":{"line":107,"column":5}},{"start":{},"end":{}}]},"10":{"loc":{"start":{"line":101,"column":6},"end":{"line":104,"column":23}},"type":"binary-expr","locations":[{"start":{"line":101,"column":6},"end":{"line":101,"column":51}},{"start":{"line":102,"column":6},"end":{"line":102,"column":14}},{"start":{"line":103,"column":6},"end":{"line":103,"column":34}},{"start":{"line":104,"column":6},"end":{"line":104,"column":23}}]},"11":{"loc":{"start":{"line":121,"column":4},"end":{"line":123,"column":5}},"type":"if","locations":[{"start":{"line":121,"column":4},"end":{"line":123,"column":5}},{"start":{},"end":{}}]},"12":{"loc":{"start":{"line":127,"column":4},"end":{"line":129,"column":5}},"type":"if","locations":[{"start":{"line":127,"column":4},"end":{"line":129,"column":5}},{"start":{},"end":{}}]},"13":{"loc":{"start":{"line":127,"column":8},"end":{"line":127,"column":55}},"type":"binary-expr","locations":[{"start":{"line":127,"column":8},"end":{"line":127,"column":30}},{"start":{"line":127,"column":34},"end":{"line":127,"column":55}}]},"14":{"loc":{"start":{"line":134,"column":4},"end":{"line":139,"column":5}},"type":"if","locations":[{"start":{"line":134,"column":4},"end":{"line":139,"column":5}},{"start":{},"end":{}}]},"15":{"loc":{"start":{"line":153,"column":6},"end":{"line":158,"column":7}},"type":"if","locations":[{"start":{"line":153,"column":6},"end":{"line":158,"column":7}},{"start":{},"end":{}}]},"16":{"loc":{"start":{"line":168,"column":12},"end":{"line":168,"column":40}},"type":"binary-expr","locations":[{"start":{"line":168,"column":12},"end":{"line":168,"column":32}},{"start":{"line":168,"column":36},"end":{"line":168,"column":40}}]}},"s":{"0":0,"1":0,"2":0,"3":0,"4":0,"5":0,"6":0,"7":0,"8":0,"9":0,"10":0,"11":0,"12":0,"13":0,"14":0,"15":0,"16":0,"17":0,"18":0,"19":0,"20":0,"21":0,"22":0,"23":0,"24":0,"25":0,"26":0,"27":0,"28":0,"29":0,"30":0,"31":0,"32":0,"33":0,"34":0,"35":0,"36":0,"37":0,"38":0,"39":0,"40":0,"41":0,"42":0,"43":0,"44":0,"45":0,"46":0},"f":{"0":0,"1":0,"2":0,"3":0,"4":0,"5":0},"b":{"0":[0,0,0],"1":[0,0],"2":[0,0],"3":[0,0],"4":[0,0],"5":[0,0],"6":[0,0],"7":[0,0],"8":[0,0],"9":[0,0],"10":[0,0,0,0],"11":[0,0],"12":[0,0],"13":[0,0],"14":[0,0],"15":[0,0],"16":[0,0]}}
,"/home/hsu/CRMapp/doctor-crm/backend/src/config/database.config.ts": {"path":"/home/hsu/CRMapp/doctor-crm/backend/src/config/database.config.ts","statementMap":{"0":{"start":{"line":2,"column":0},"end":{"line":2,"column":28}},"1":{"start":{"line":4,"column":13},"end":{"line":12,"column":2}}},"fnMap":{},"branchMap":{},"s":{"0":0,"1":0},"f":{},"b":{}}
,"/home/hsu/CRMapp/doctor-crm/backend/src/events/session-completed.event.ts": {"path":"/home/hsu/CRMapp/doctor-crm/backend/src/events/session-completed.event.ts","statementMap":{"0":{"start":{"line":3,"column":20},"end":{"line":3,"column":37}},"1":{"start":{"line":4,"column":20},"end":{"line":4,"column":39}},"2":{"start":{"line":5,"column":20},"end":{"line":5,"column":36}},"3":{"start":{"line":6,"column":20},"end":{"line":6,"column":40}},"4":{"start":{"line":1,"column":0},"end":{"line":1,"column":13}}},"fnMap":{"0":{"name":"(anonymous_0)","decl":{"start":{"line":2,"column":2},"end":{"line":2,"column":null}},"loc":{"start":{"line":6,"column":50},"end":{"line":7,"column":6}}}},"branchMap":{"0":{"loc":{"start":{"line":6,"column":20},"end":{"line":6,"column":50}},"type":"default-arg","locations":[{"start":{"line":6,"column":40},"end":{"line":6,"column":50}}]}},"s":{"0":4,"1":4,"2":4,"3":4,"4":1},"f":{"0":4},"b":{"0":[0]}}
,"/home/hsu/CRMapp/doctor-crm/backend/src/events/treatment-completed.event.ts": {"path":"/home/hsu/CRMapp/doctor-crm/backend/src/events/treatment-completed.event.ts","statementMap":{"0":{"start":{"line":3,"column":20},"end":{"line":3,"column":39}},"1":{"start":{"line":4,"column":20},"end":{"line":4,"column":36}},"2":{"start":{"line":5,"column":20},"end":{"line":5,"column":40}},"3":{"start":{"line":1,"column":0},"end":{"line":1,"column":13}}},"fnMap":{"0":{"name":"(anonymous_0)","decl":{"start":{"line":2,"column":2},"end":{"line":2,"column":null}},"loc":{"start":{"line":5,"column":50},"end":{"line":6,"column":6}}}},"branchMap":{"0":{"loc":{"start":{"line":5,"column":20},"end":{"line":5,"column":50}},"type":"default-arg","locations":[{"start":{"line":5,"column":40},"end":{"line":5,"column":50}}]}},"s":{"0":1,"1":1,"2":1,"3":1},"f":{"0":1},"b":{"0":[0]}}
,"/home/hsu/CRMapp/doctor-crm/backend/src/patients/patients.module.ts": {"path":"/home/hsu/CRMapp/doctor-crm/backend/src/patients/patients.module.ts","statementMap":{"0":{"start":{"line":1,"column":0},"end":{"line":1,"column":40}},"1":{"start":{"line":2,"column":0},"end":{"line":2,"column":48}},"2":{"start":{"line":3,"column":0},"end":{"line":3,"column":52}},"3":{"start":{"line":4,"column":0},"end":{"line":4,"column":60}},"4":{"start":{"line":5,"column":0},"end":{"line":5,"column":69}},"5":{"start":{"line":13,"column":7},"end":{"line":13,"column":null}},"6":{"start":{"line":13,"column":13},"end":{"line":13,"column":27}},"7":{"start":{"line":13,"column":13},"end":{"line":13,"column":null}}},"fnMap":{},"branchMap":{},"s":{"0":0,"1":0,"2":0,"3":0,"4":0,"5":0,"6":0,"7":0},"f":{},"b":{}}
,"/home/hsu/CRMapp/doctor-crm/backend/src/patients/controllers/patient.controller.ts": {"path":"/home/hsu/CRMapp/doctor-crm/backend/src/patients/controllers/patient.controller.ts","statementMap":{"0":{"start":{"line":1,"column":0},"end":{"line":1,"column":null}},"1":{"start":{"line":11,"column":0},"end":{"line":11,"column":61}},"2":{"start":{"line":12,"column":0},"end":{"line":12,"column":61}},"3":{"start":{"line":13,"column":0},"end":{"line":13,"column":61}},"4":{"start":{"line":16,"column":7},"end":{"line":43,"column":null}},"5":{"start":{"line":17,"column":31},"end":{"line":17,"column":47}},"6":{"start":{"line":21,"column":4},"end":{"line":21,"column":56}},"7":{"start":{"line":26,"column":4},"end":{"line":26,"column":49}},"8":{"start":{"line":31,"column":4},"end":{"line":31,"column":43}},"9":{"start":{"line":36,"column":4},"end":{"line":36,"column":60}},"10":{"start":{"line":41,"column":4},"end":{"line":41,"column":42}},"11":{"start":{"line":16,"column":13},"end":{"line":16,"column":30}},"12":{"start":{"line":20,"column":2},"end":{"line":22,"column":null}},"13":{"start":{"line":25,"column":2},"end":{"line":27,"column":null}},"14":{"start":{"line":30,"column":2},"end":{"line":32,"column":null}},"15":{"start":{"line":35,"column":2},"end":{"line":37,"column":null}},"16":{"start":{"line":40,"column":2},"end":{"line":42,"column":null}},"17":{"start":{"line":16,"column":13},"end":{"line":43,"column":null}}},"fnMap":{"0":{"name":"(anonymous_4)","decl":{"start":{"line":17,"column":2},"end":{"line":17,"column":31}},"loc":{"start":{"line":17,"column":61},"end":{"line":17,"column":65}}},"1":{"name":"(anonymous_5)","decl":{"start":{"line":20,"column":2},"end":{"line":20,"column":8}},"loc":{"start":{"line":20,"column":51},"end":{"line":22,"column":3}}},"2":{"name":"(anonymous_6)","decl":{"start":{"line":25,"column":2},"end":{"line":25,"column":9}},"loc":{"start":{"line":25,"column":45},"end":{"line":27,"column":3}}},"3":{"name":"(anonymous_7)","decl":{"start":{"line":30,"column":2},"end":{"line":30,"column":9}},"loc":{"start":{"line":30,"column":33},"end":{"line":32,"column":3}}},"4":{"name":"(anonymous_8)","decl":{"start":{"line":35,"column":2},"end":{"line":35,"column":8}},"loc":{"start":{"line":35,"column":76},"end":{"line":37,"column":3}}},"5":{"name":"(anonymous_9)","decl":{"start":{"line":40,"column":2},"end":{"line":40,"column":8}},"loc":{"start":{"line":40,"column":32},"end":{"line":42,"column":3}}}},"branchMap":{"0":{"loc":{"start":{"line":20,"column":35},"end":{"line":20,"column":null}},"type":"cond-expr","locations":[{"start":{"line":20,"column":51},"end":{"line":20,"column":null}},{"start":{"line":20,"column":51},"end":{"line":20,"column":null}}]},"1":{"loc":{"start":{"line":20,"column":35},"end":{"line":20,"column":51}},"type":"binary-expr","locations":[{"start":{"line":20,"column":35},"end":{"line":20,"column":null}},{"start":{"line":20,"column":35},"end":{"line":20,"column":51}}]},"2":{"loc":{"start":{"line":35,"column":60},"end":{"line":35,"column":null}},"type":"cond-expr","locations":[{"start":{"line":35,"column":76},"end":{"line":35,"column":null}},{"start":{"line":35,"column":76},"end":{"line":35,"column":null}}]},"3":{"loc":{"start":{"line":35,"column":60},"end":{"line":35,"column":76}},"type":"binary-expr","locations":[{"start":{"line":35,"column":60},"end":{"line":35,"column":null}},{"start":{"line":35,"column":60},"end":{"line":35,"column":76}}]},"4":{"loc":{"start":{"line":17,"column":47},"end":{"line":17,"column":64}},"type":"cond-expr","locations":[{"start":{"line":17,"column":61},"end":{"line":17,"column":64}},{"start":{"line":17,"column":61},"end":{"line":17,"column":64}}]},"5":{"loc":{"start":{"line":17,"column":47},"end":{"line":17,"column":61}},"type":"binary-expr","locations":[{"start":{"line":17,"column":47},"end":{"line":17,"column":64}},{"start":{"line":17,"column":47},"end":{"line":17,"column":61}}]}},"s":{"0":0,"1":0,"2":0,"3":0,"4":0,"5":0,"6":0,"7":0,"8":0,"9":0,"10":0,"11":0,"12":0,"13":0,"14":0,"15":0,"16":0,"17":0},"f":{"0":0,"1":0,"2":0,"3":0,"4":0,"5":0},"b":{"0":[0,0],"1":[0,0],"2":[0,0],"3":[0,0],"4":[0,0],"5":[0,0]}}
,"/home/hsu/CRMapp/doctor-crm/backend/src/patients/dto/create-patient.dto.ts": {"path":"/home/hsu/CRMapp/doctor-crm/backend/src/patients/dto/create-patient.dto.ts","statementMap":{"0":{"start":{"line":1,"column":0},"end":{"line":1,"column":null}},"1":{"start":{"line":9,"column":0},"end":{"line":9,"column":13}},"2":{"start":{"line":12,"column":2},"end":{"line":12,"column":null}},"3":{"start":{"line":16,"column":2},"end":{"line":16,"column":null}},"4":{"start":{"line":21,"column":2},"end":{"line":21,"column":null}},"5":{"start":{"line":25,"column":2},"end":{"line":25,"column":null}},"6":{"start":{"line":30,"column":2},"end":{"line":30,"column":null}},"7":{"start":{"line":34,"column":2},"end":{"line":34,"column":null}},"8":{"start":{"line":38,"column":2},"end":{"line":38,"column":null}},"9":{"start":{"line":42,"column":2},"end":{"line":42,"column":null}},"10":{"start":{"line":46,"column":2},"end":{"line":46,"column":null}},"11":{"start":{"line":49,"column":2},"end":{"line":49,"column":null}},"12":{"start":{"line":53,"column":2},"end":{"line":53,"column":null}},"13":{"start":{"line":57,"column":2},"end":{"line":57,"column":null}}},"fnMap":{},"branchMap":{"0":{"loc":{"start":{"line":25,"column":16},"end":{"line":25,"column":21}},"type":"cond-expr","locations":[{"start":{"line":25,"column":20},"end":{"line":25,"column":21}},{"start":{"line":25,"column":20},"end":{"line":25,"column":21}}]},"1":{"loc":{"start":{"line":25,"column":16},"end":{"line":25,"column":20}},"type":"binary-expr","locations":[{"start":{"line":25,"column":16},"end":{"line":25,"column":21}},{"start":{"line":25,"column":16},"end":{"line":25,"column":20}}]}},"s":{"0":0,"1":0,"2":0,"3":0,"4":0,"5":0,"6":0,"7":0,"8":0,"9":0,"10":0,"11":0,"12":0,"13":0},"f":{},"b":{"0":[0,0],"1":[0,0]}}
,"/home/hsu/CRMapp/doctor-crm/backend/src/patients/dto/update-patient.dto.ts": {"path":"/home/hsu/CRMapp/doctor-crm/backend/src/patients/dto/update-patient.dto.ts","statementMap":{"0":{"start":{"line":1,"column":0},"end":{"line":1,"column":51}},"1":{"start":{"line":2,"column":0},"end":{"line":2,"column":56}},"2":{"start":{"line":4,"column":0},"end":{"line":4,"column":13}}},"fnMap":{},"branchMap":{},"s":{"0":0,"1":0,"2":0},"f":{},"b":{}}
,"/home/hsu/CRMapp/doctor-crm/backend/src/patients/entities/patient.entity.ts": {"path":"/home/hsu/CRMapp/doctor-crm/backend/src/patients/entities/patient.entity.ts","statementMap":{"0":{"start":{"line":1,"column":0},"end":{"line":1,"column":null}},"1":{"start":{"line":9,"column":0},"end":{"line":9,"column":71}},"2":{"start":{"line":12,"column":7},"end":{"line":66,"column":null}},"3":{"start":{"line":12,"column":13},"end":{"line":12,"column":20}},"4":{"start":{"line":14,"column":2},"end":{"line":14,"column":null}},"5":{"start":{"line":17,"column":2},"end":{"line":17,"column":null}},"6":{"start":{"line":20,"column":2},"end":{"line":20,"column":null}},"7":{"start":{"line":23,"column":2},"end":{"line":23,"column":null}},"8":{"start":{"line":26,"column":2},"end":{"line":26,"column":null}},"9":{"start":{"line":29,"column":2},"end":{"line":29,"column":null}},"10":{"start":{"line":32,"column":2},"end":{"line":32,"column":null}},"11":{"start":{"line":35,"column":2},"end":{"line":35,"column":null}},"12":{"start":{"line":38,"column":2},"end":{"line":38,"column":null}},"13":{"start":{"line":41,"column":2},"end":{"line":41,"column":null}},"14":{"start":{"line":44,"column":2},"end":{"line":44,"column":null}},"15":{"start":{"line":47,"column":2},"end":{"line":47,"column":null}},"16":{"start":{"line":50,"column":2},"end":{"line":50,"column":null}},"17":{"start":{"line":53,"column":2},"end":{"line":53,"column":null}},"18":{"start":{"line":56,"column":2},"end":{"line":56,"column":null}},"19":{"start":{"line":59,"column":2},"end":{"line":59,"column":null}},"20":{"start":{"line":62,"column":2},"end":{"line":62,"column":null}},"21":{"start":{"line":65,"column":2},"end":{"line":65,"column":null}},"22":{"start":{"line":64,"column":19},"end":{"line":64,"column":28}},"23":{"start":{"line":64,"column":45},"end":{"line":64,"column":62}},"24":{"start":{"line":12,"column":13},"end":{"line":66,"column":null}}},"fnMap":{"0":{"name":"(anonymous_2)","decl":{"start":{"line":64,"column":13},"end":{"line":64,"column":16}},"loc":{"start":{"line":64,"column":19},"end":{"line":64,"column":28}}},"1":{"name":"(anonymous_3)","decl":{"start":{"line":64,"column":30},"end":{"line":64,"column":31}},"loc":{"start":{"line":64,"column":45},"end":{"line":64,"column":62}}}},"branchMap":{"0":{"loc":{"start":{"line":26,"column":15},"end":{"line":26,"column":20}},"type":"cond-expr","locations":[{"start":{"line":26,"column":19},"end":{"line":26,"column":20}},{"start":{"line":26,"column":19},"end":{"line":26,"column":20}}]},"1":{"loc":{"start":{"line":26,"column":15},"end":{"line":26,"column":19}},"type":"binary-expr","locations":[{"start":{"line":26,"column":15},"end":{"line":26,"column":20}},{"start":{"line":26,"column":15},"end":{"line":26,"column":19}}]},"2":{"loc":{"start":{"line":59,"column":13},"end":{"line":59,"column":18}},"type":"cond-expr","locations":[{"start":{"line":59,"column":17},"end":{"line":59,"column":18}},{"start":{"line":59,"column":17},"end":{"line":59,"column":18}}]},"3":{"loc":{"start":{"line":59,"column":13},"end":{"line":59,"column":17}},"type":"binary-expr","locations":[{"start":{"line":59,"column":13},"end":{"line":59,"column":18}},{"start":{"line":59,"column":13},"end":{"line":59,"column":17}}]},"4":{"loc":{"start":{"line":62,"column":13},"end":{"line":62,"column":18}},"type":"cond-expr","locations":[{"start":{"line":62,"column":17},"end":{"line":62,"column":18}},{"start":{"line":62,"column":17},"end":{"line":62,"column":18}}]},"5":{"loc":{"start":{"line":62,"column":13},"end":{"line":62,"column":17}},"type":"binary-expr","locations":[{"start":{"line":62,"column":13},"end":{"line":62,"column":18}},{"start":{"line":62,"column":13},"end":{"line":62,"column":17}}]}},"s":{"0":3,"1":3,"2":3,"3":3,"4":3,"5":3,"6":3,"7":3,"8":3,"9":3,"10":3,"11":3,"12":3,"13":3,"14":3,"15":3,"16":3,"17":3,"18":3,"19":3,"20":3,"21":3,"22":0,"23":0,"24":3},"f":{"0":0,"1":0},"b":{"0":[3,0],"1":[3,3],"2":[3,0],"3":[3,3],"4":[3,0],"5":[3,3]}}
,"/home/hsu/CRMapp/doctor-crm/backend/src/patients/services/patient.service.ts": {"path":"/home/hsu/CRMapp/doctor-crm/backend/src/patients/services/patient.service.ts","statementMap":{"0":{"start":{"line":1,"column":0},"end":{"line":1,"column":63}},"1":{"start":{"line":2,"column":0},"end":{"line":2,"column":51}},"2":{"start":{"line":3,"column":0},"end":{"line":3,"column":37}},"3":{"start":{"line":4,"column":0},"end":{"line":4,"column":53}},"4":{"start":{"line":9,"column":7},"end":{"line":55,"column":null}},"5":{"start":{"line":12,"column":12},"end":{"line":12,"column":31}},"6":{"start":{"line":16,"column":20},"end":{"line":16,"column":67}},"7":{"start":{"line":17,"column":4},"end":{"line":17,"column":54}},"8":{"start":{"line":21,"column":4},"end":{"line":24,"column":7}},"9":{"start":{"line":28,"column":20},"end":{"line":31,"column":6}},"10":{"start":{"line":33,"column":4},"end":{"line":35,"column":5}},"11":{"start":{"line":34,"column":6},"end":{"line":34,"column":69}},"12":{"start":{"line":37,"column":4},"end":{"line":37,"column":19}},"13":{"start":{"line":44,"column":20},"end":{"line":44,"column":42}},"14":{"start":{"line":45,"column":4},"end":{"line":45,"column":45}},"15":{"start":{"line":46,"column":4},"end":{"line":46,"column":54}},"16":{"start":{"line":50,"column":20},"end":{"line":50,"column":42}},"17":{"start":{"line":52,"column":4},"end":{"line":52,"column":32}},"18":{"start":{"line":53,"column":4},"end":{"line":53,"column":47}},"19":{"start":{"line":9,"column":13},"end":{"line":9,"column":27}},"20":{"start":{"line":9,"column":13},"end":{"line":55,"column":null}}},"fnMap":{"0":{"name":"(anonymous_4)","decl":{"start":{"line":10,"column":2},"end":{"line":10,"column":null}},"loc":{"start":{"line":12,"column":50},"end":{"line":13,"column":6}}},"1":{"name":"(anonymous_5)","decl":{"start":{"line":15,"column":2},"end":{"line":15,"column":7}},"loc":{"start":{"line":15,"column":49},"end":{"line":18,"column":3}}},"2":{"name":"(anonymous_6)","decl":{"start":{"line":20,"column":2},"end":{"line":20,"column":7}},"loc":{"start":{"line":20,"column":32},"end":{"line":25,"column":3}}},"3":{"name":"(anonymous_7)","decl":{"start":{"line":27,"column":2},"end":{"line":27,"column":7}},"loc":{"start":{"line":27,"column":26},"end":{"line":38,"column":3}}},"4":{"name":"(anonymous_8)","decl":{"start":{"line":40,"column":2},"end":{"line":40,"column":7}},"loc":{"start":{"line":42,"column":38},"end":{"line":47,"column":3}}},"5":{"name":"(anonymous_9)","decl":{"start":{"line":49,"column":2},"end":{"line":49,"column":7}},"loc":{"start":{"line":49,"column":25},"end":{"line":54,"column":3}}}},"branchMap":{"0":{"loc":{"start":{"line":33,"column":4},"end":{"line":35,"column":5}},"type":"if","locations":[{"start":{"line":33,"column":4},"end":{"line":35,"column":5}},{"start":{},"end":{}}]},"1":{"loc":{"start":{"line":12,"column":31},"end":{"line":12,"column":50}},"type":"cond-expr","locations":[{"start":{"line":12,"column":41},"end":{"line":12,"column":50}},{"start":{"line":12,"column":41},"end":{"line":12,"column":50}}]},"2":{"loc":{"start":{"line":12,"column":31},"end":{"line":12,"column":41}},"type":"binary-expr","locations":[{"start":{"line":12,"column":31},"end":{"line":12,"column":50}},{"start":{"line":12,"column":31},"end":{"line":12,"column":41}}]}},"s":{"0":0,"1":0,"2":0,"3":0,"4":0,"5":0,"6":0,"7":0,"8":0,"9":0,"10":0,"11":0,"12":0,"13":0,"14":0,"15":0,"16":0,"17":0,"18":0,"19":0,"20":0},"f":{"0":0,"1":0,"2":0,"3":0,"4":0,"5":0},"b":{"0":[0,0],"1":[0,0],"2":[0,0]}}
,"/home/hsu/CRMapp/doctor-crm/backend/src/revenue/revenue.module.ts": {"path":"/home/hsu/CRMapp/doctor-crm/backend/src/revenue/revenue.module.ts","statementMap":{"0":{"start":{"line":1,"column":0},"end":{"line":1,"column":40}},"1":{"start":{"line":2,"column":0},"end":{"line":2,"column":48}},"2":{"start":{"line":3,"column":0},"end":{"line":3,"column":52}},"3":{"start":{"line":4,"column":0},"end":{"line":4,"column":61}},"4":{"start":{"line":5,"column":0},"end":{"line":5,"column":65}},"5":{"start":{"line":6,"column":0},"end":{"line":6,"column":73}},"6":{"start":{"line":7,"column":0},"end":{"line":7,"column":68}},"7":{"start":{"line":8,"column":0},"end":{"line":8,"column":83}},"8":{"start":{"line":9,"column":0},"end":{"line":9,"column":95}},"9":{"start":{"line":10,"column":0},"end":{"line":10,"column":55}},"10":{"start":{"line":11,"column":0},"end":{"line":11,"column":69}},"11":{"start":{"line":12,"column":0},"end":{"line":12,"column":73}},"12":{"start":{"line":13,"column":0},"end":{"line":13,"column":81}},"13":{"start":{"line":14,"column":0},"end":{"line":14,"column":81}},"14":{"start":{"line":15,"column":0},"end":{"line":15,"column":74}},"15":{"start":{"line":16,"column":0},"end":{"line":16,"column":78}},"16":{"start":{"line":17,"column":0},"end":{"line":17,"column":82}},"17":{"start":{"line":18,"column":0},"end":{"line":18,"column":90}},"18":{"start":{"line":52,"column":7},"end":{"line":52,"column":null}},"19":{"start":{"line":52,"column":13},"end":{"line":52,"column":26}},"20":{"start":{"line":52,"column":13},"end":{"line":52,"column":null}}},"fnMap":{},"branchMap":{},"s":{"0":0,"1":0,"2":0,"3":0,"4":0,"5":0,"6":0,"7":0,"8":0,"9":0,"10":0,"11":0,"12":0,"13":0,"14":0,"15":0,"16":0,"17":0,"18":0,"19":0,"20":0},"f":{},"b":{}}
,"/home/hsu/CRMapp/doctor-crm/backend/src/revenue/controllers/revenue-adjustment.controller.ts": {"path":"/home/hsu/CRMapp/doctor-crm/backend/src/revenue/controllers/revenue-adjustment.controller.ts","statementMap":{"0":{"start":{"line":1,"column":0},"end":{"line":1,"column":null}},"1":{"start":{"line":11,"column":0},"end":{"line":11,"column":94}},"2":{"start":{"line":12,"column":0},"end":{"line":12,"column":82}},"3":{"start":{"line":13,"column":0},"end":{"line":13,"column":82}},"4":{"start":{"line":14,"column":0},"end":{"line":14,"column":82}},"5":{"start":{"line":15,"column":0},"end":{"line":15,"column":74}},"6":{"start":{"line":20,"column":7},"end":{"line":139,"column":null}},"7":{"start":{"line":21,"column":31},"end":{"line":21,"column":50}},"8":{"start":{"line":33,"column":4},"end":{"line":33,"column":62}},"9":{"start":{"line":51,"column":25},"end":{"line":51,"column":27}},"10":{"start":{"line":52,"column":4},"end":{"line":52,"column":67}},"11":{"start":{"line":52,"column":25},"end":{"line":52,"column":67}},"12":{"start":{"line":53,"column":4},"end":{"line":53,"column":49}},"13":{"start":{"line":53,"column":19},"end":{"line":53,"column":49}},"14":{"start":{"line":54,"column":4},"end":{"line":54,"column":59}},"15":{"start":{"line":54,"column":19},"end":{"line":54,"column":59}},"16":{"start":{"line":55,"column":4},"end":{"line":55,"column":53}},"17":{"start":{"line":55,"column":17},"end":{"line":55,"column":53}},"18":{"start":{"line":57,"column":4},"end":{"line":57,"column":61}},"19":{"start":{"line":69,"column":4},"end":{"line":69,"column":56}},"20":{"start":{"line":83,"column":4},"end":{"line":83,"column":66}},"21":{"start":{"line":96,"column":4},"end":{"line":96,"column":55}},"22":{"start":{"line":114,"column":4},"end":{"line":114,"column":67}},"23":{"start":{"line":125,"column":4},"end":{"line":125,"column":83}},"24":{"start":{"line":136,"column":18},"end":{"line":136,"column":98}},"25":{"start":{"line":137,"column":4},"end":{"line":137,"column":21}},"26":{"start":{"line":20,"column":13},"end":{"line":20,"column":40}},"27":{"start":{"line":29,"column":8},"end":{"line":34,"column":null}},"28":{"start":{"line":44,"column":8},"end":{"line":58,"column":null}},"29":{"start":{"line":65,"column":8},"end":{"line":70,"column":null}},"30":{"start":{"line":78,"column":8},"end":{"line":84,"column":null}},"31":{"start":{"line":92,"column":8},"end":{"line":97,"column":null}},"32":{"start":{"line":105,"column":8},"end":{"line":115,"column":null}},"33":{"start":{"line":121,"column":8},"end":{"line":126,"column":null}},"34":{"start":{"line":132,"column":8},"end":{"line":138,"column":null}},"35":{"start":{"line":20,"column":13},"end":{"line":139,"column":null}}},"fnMap":{"0":{"name":"(anonymous_4)","decl":{"start":{"line":21,"column":2},"end":{"line":21,"column":31}},"loc":{"start":{"line":21,"column":74},"end":{"line":21,"column":78}}},"1":{"name":"(anonymous_5)","decl":{"start":{"line":29,"column":8},"end":{"line":29,"column":14}},"loc":{"start":{"line":31,"column":39},"end":{"line":34,"column":3}}},"2":{"name":"(anonymous_6)","decl":{"start":{"line":44,"column":8},"end":{"line":44,"column":15}},"loc":{"start":{"line":49,"column":38},"end":{"line":58,"column":3}}},"3":{"name":"(anonymous_7)","decl":{"start":{"line":65,"column":8},"end":{"line":65,"column":15}},"loc":{"start":{"line":67,"column":39},"end":{"line":70,"column":3}}},"4":{"name":"(anonymous_8)","decl":{"start":{"line":78,"column":8},"end":{"line":78,"column":14}},"loc":{"start":{"line":81,"column":39},"end":{"line":84,"column":3}}},"5":{"name":"(anonymous_9)","decl":{"start":{"line":92,"column":8},"end":{"line":92,"column":14}},"loc":{"start":{"line":94,"column":39},"end":{"line":97,"column":3}}},"6":{"name":"(anonymous_10)","decl":{"start":{"line":105,"column":8},"end":{"line":105,"column":14}},"loc":{"start":{"line":112,"column":5},"end":{"line":115,"column":3}}},"7":{"name":"(anonymous_11)","decl":{"start":{"line":121,"column":8},"end":{"line":121,"column":29}},"loc":{"start":{"line":123,"column":39},"end":{"line":126,"column":3}}},"8":{"name":"(anonymous_12)","decl":{"start":{"line":132,"column":8},"end":{"line":132,"column":32}},"loc":{"start":{"line":134,"column":39},"end":{"line":138,"column":3}}}},"branchMap":{"0":{"loc":{"start":{"line":52,"column":4},"end":{"line":52,"column":67}},"type":"if","locations":[{"start":{"line":52,"column":4},"end":{"line":52,"column":67}},{"start":{},"end":{}}]},"1":{"loc":{"start":{"line":53,"column":4},"end":{"line":53,"column":49}},"type":"if","locations":[{"start":{"line":53,"column":4},"end":{"line":53,"column":49}},{"start":{},"end":{}}]},"2":{"loc":{"start":{"line":54,"column":4},"end":{"line":54,"column":59}},"type":"if","locations":[{"start":{"line":54,"column":4},"end":{"line":54,"column":59}},{"start":{},"end":{}}]},"3":{"loc":{"start":{"line":55,"column":4},"end":{"line":55,"column":53}},"type":"if","locations":[{"start":{"line":55,"column":4},"end":{"line":55,"column":53}},{"start":{},"end":{}}]},"4":{"loc":{"start":{"line":30,"column":23},"end":{"line":30,"column":null}},"type":"cond-expr","locations":[{"start":{"line":30,"column":49},"end":{"line":30,"column":null}},{"start":{"line":30,"column":49},"end":{"line":30,"column":null}}]},"5":{"loc":{"start":{"line":30,"column":23},"end":{"line":30,"column":49}},"type":"binary-expr","locations":[{"start":{"line":30,"column":23},"end":{"line":30,"column":null}},{"start":{"line":30,"column":23},"end":{"line":30,"column":49}}]},"6":{"loc":{"start":{"line":32,"column":5},"end":{"line":32,"column":null}},"type":"cond-expr","locations":[{"start":{"line":32,"column":12},"end":{"line":32,"column":null}},{"start":{"line":32,"column":12},"end":{"line":32,"column":null}}]},"7":{"loc":{"start":{"line":32,"column":5},"end":{"line":32,"column":12}},"type":"binary-expr","locations":[{"start":{"line":32,"column":5},"end":{"line":32,"column":null}},{"start":{"line":32,"column":5},"end":{"line":32,"column":12}}]},"8":{"loc":{"start":{"line":50,"column":5},"end":{"line":50,"column":null}},"type":"cond-expr","locations":[{"start":{"line":50,"column":12},"end":{"line":50,"column":null}},{"start":{"line":50,"column":12},"end":{"line":50,"column":null}}]},"9":{"loc":{"start":{"line":50,"column":5},"end":{"line":50,"column":12}},"type":"binary-expr","locations":[{"start":{"line":50,"column":5},"end":{"line":50,"column":null}},{"start":{"line":50,"column":5},"end":{"line":50,"column":12}}]},"10":{"loc":{"start":{"line":68,"column":5},"end":{"line":68,"column":null}},"type":"cond-expr","locations":[{"start":{"line":68,"column":12},"end":{"line":68,"column":null}},{"start":{"line":68,"column":12},"end":{"line":68,"column":null}}]},"11":{"loc":{"start":{"line":68,"column":5},"end":{"line":68,"column":12}},"type":"binary-expr","locations":[{"start":{"line":68,"column":5},"end":{"line":68,"column":null}},{"start":{"line":68,"column":5},"end":{"line":68,"column":12}}]},"12":{"loc":{"start":{"line":80,"column":23},"end":{"line":80,"column":null}},"type":"cond-expr","locations":[{"start":{"line":80,"column":49},"end":{"line":80,"column":null}},{"start":{"line":80,"column":49},"end":{"line":80,"column":null}}]},"13":{"loc":{"start":{"line":80,"column":23},"end":{"line":80,"column":49}},"type":"binary-expr","locations":[{"start":{"line":80,"column":23},"end":{"line":80,"column":null}},{"start":{"line":80,"column":23},"end":{"line":80,"column":49}}]},"14":{"loc":{"start":{"line":82,"column":5},"end":{"line":82,"column":null}},"type":"cond-expr","locations":[{"start":{"line":82,"column":12},"end":{"line":82,"column":null}},{"start":{"line":82,"column":12},"end":{"line":82,"column":null}}]},"15":{"loc":{"start":{"line":82,"column":5},"end":{"line":82,"column":12}},"type":"binary-expr","locations":[{"start":{"line":82,"column":5},"end":{"line":82,"column":null}},{"start":{"line":82,"column":5},"end":{"line":82,"column":12}}]},"16":{"loc":{"start":{"line":95,"column":5},"end":{"line":95,"column":null}},"type":"cond-expr","locations":[{"start":{"line":95,"column":12},"end":{"line":95,"column":null}},{"start":{"line":95,"column":12},"end":{"line":95,"column":null}}]},"17":{"loc":{"start":{"line":95,"column":5},"end":{"line":95,"column":12}},"type":"binary-expr","locations":[{"start":{"line":95,"column":5},"end":{"line":95,"column":null}},{"start":{"line":95,"column":5},"end":{"line":95,"column":12}}]},"18":{"loc":{"start":{"line":113,"column":5},"end":{"line":113,"column":null}},"type":"cond-expr","locations":[{"start":{"line":113,"column":12},"end":{"line":113,"column":null}},{"start":{"line":113,"column":12},"end":{"line":113,"column":null}}]},"19":{"loc":{"start":{"line":113,"column":5},"end":{"line":113,"column":12}},"type":"binary-expr","locations":[{"start":{"line":113,"column":5},"end":{"line":113,"column":null}},{"start":{"line":113,"column":5},"end":{"line":113,"column":12}}]},"20":{"loc":{"start":{"line":124,"column":5},"end":{"line":124,"column":null}},"type":"cond-expr","locations":[{"start":{"line":124,"column":12},"end":{"line":124,"column":null}},{"start":{"line":124,"column":12},"end":{"line":124,"column":null}}]},"21":{"loc":{"start":{"line":124,"column":5},"end":{"line":124,"column":12}},"type":"binary-expr","locations":[{"start":{"line":124,"column":5},"end":{"line":124,"column":null}},{"start":{"line":124,"column":5},"end":{"line":124,"column":12}}]},"22":{"loc":{"start":{"line":135,"column":5},"end":{"line":135,"column":null}},"type":"cond-expr","locations":[{"start":{"line":135,"column":12},"end":{"line":135,"column":null}},{"start":{"line":135,"column":12},"end":{"line":135,"column":null}}]},"23":{"loc":{"start":{"line":135,"column":5},"end":{"line":135,"column":12}},"type":"binary-expr","locations":[{"start":{"line":135,"column":5},"end":{"line":135,"column":null}},{"start":{"line":135,"column":5},"end":{"line":135,"column":12}}]},"24":{"loc":{"start":{"line":21,"column":50},"end":{"line":21,"column":77}},"type":"cond-expr","locations":[{"start":{"line":21,"column":74},"end":{"line":21,"column":77}},{"start":{"line":21,"column":74},"end":{"line":21,"column":77}}]},"25":{"loc":{"start":{"line":21,"column":50},"end":{"line":21,"column":74}},"type":"binary-expr","locations":[{"start":{"line":21,"column":50},"end":{"line":21,"column":77}},{"start":{"line":21,"column":50},"end":{"line":21,"column":74}}]}},"s":{"0":0,"1":0,"2":0,"3":0,"4":0,"5":0,"6":0,"7":0,"8":0,"9":0,"10":0,"11":0,"12":0,"13":0,"14":0,"15":0,"16":0,"17":0,"18":0,"19":0,"20":0,"21":0,"22":0,"23":0,"24":0,"25":0,"26":0,"27":0,"28":0,"29":0,"30":0,"31":0,"32":0,"33":0,"34":0,"35":0},"f":{"0":0,"1":0,"2":0,"3":0,"4":0,"5":0,"6":0,"7":0,"8":0},"b":{"0":[0,0],"1":[0,0],"2":[0,0],"3":[0,0],"4":[0,0],"5":[0,0],"6":[0,0],"7":[0,0],"8":[0,0],"9":[0,0],"10":[0,0],"11":[0,0],"12":[0,0],"13":[0,0],"14":[0,0],"15":[0,0],"16":[0,0],"17":[0,0],"18":[0,0],"19":[0,0],"20":[0,0],"21":[0,0],"22":[0,0],"23":[0,0],"24":[0,0],"25":[0,0]}}
,"/home/hsu/CRMapp/doctor-crm/backend/src/revenue/controllers/revenue-record.controller.ts": {"path":"/home/hsu/CRMapp/doctor-crm/backend/src/revenue/controllers/revenue-record.controller.ts","statementMap":{"0":{"start":{"line":1,"column":0},"end":{"line":1,"column":null}},"1":{"start":{"line":10,"column":0},"end":{"line":10,"column":74}},"2":{"start":{"line":13,"column":7},"end":{"line":92,"column":null}},"3":{"start":{"line":14,"column":31},"end":{"line":14,"column":53}},"4":{"start":{"line":18,"column":4},"end":{"line":18,"column":55}},"5":{"start":{"line":26,"column":4},"end":{"line":26,"column":76}},"6":{"start":{"line":34,"column":4},"end":{"line":34,"column":68}},"7":{"start":{"line":43,"column":18},"end":{"line":43,"column":61}},"8":{"start":{"line":44,"column":16},"end":{"line":44,"column":55}},"9":{"start":{"line":45,"column":4},"end":{"line":45,"column":78}},"10":{"start":{"line":50,"column":4},"end":{"line":50,"column":49}},"11":{"start":{"line":58,"column":4},"end":{"line":61,"column":6}},"12":{"start":{"line":70,"column":4},"end":{"line":74,"column":6}},"13":{"start":{"line":79,"column":4},"end":{"line":79,"column":52}},"14":{"start":{"line":84,"column":4},"end":{"line":84,"column":54}},"15":{"start":{"line":89,"column":21},"end":{"line":89,"column":58}},"16":{"start":{"line":90,"column":4},"end":{"line":90,"column":62}},"17":{"start":{"line":13,"column":13},"end":{"line":13,"column":36}},"18":{"start":{"line":17,"column":2},"end":{"line":19,"column":null}},"19":{"start":{"line":22,"column":2},"end":{"line":27,"column":null}},"20":{"start":{"line":30,"column":2},"end":{"line":35,"column":null}},"21":{"start":{"line":38,"column":2},"end":{"line":46,"column":null}},"22":{"start":{"line":49,"column":2},"end":{"line":51,"column":null}},"23":{"start":{"line":54,"column":2},"end":{"line":62,"column":null}},"24":{"start":{"line":65,"column":2},"end":{"line":75,"column":null}},"25":{"start":{"line":78,"column":2},"end":{"line":80,"column":null}},"26":{"start":{"line":83,"column":2},"end":{"line":85,"column":null}},"27":{"start":{"line":88,"column":2},"end":{"line":91,"column":null}},"28":{"start":{"line":13,"column":13},"end":{"line":92,"column":null}}},"fnMap":{"0":{"name":"(anonymous_4)","decl":{"start":{"line":14,"column":2},"end":{"line":14,"column":31}},"loc":{"start":{"line":14,"column":73},"end":{"line":14,"column":77}}},"1":{"name":"(anonymous_5)","decl":{"start":{"line":17,"column":2},"end":{"line":17,"column":9}},"loc":{"start":{"line":17,"column":45},"end":{"line":19,"column":3}}},"2":{"name":"(anonymous_6)","decl":{"start":{"line":22,"column":2},"end":{"line":22,"column":17}},"loc":{"start":{"line":24,"column":39},"end":{"line":27,"column":3}}},"3":{"name":"(anonymous_7)","decl":{"start":{"line":30,"column":2},"end":{"line":30,"column":13}},"loc":{"start":{"line":32,"column":39},"end":{"line":35,"column":3}}},"4":{"name":"(anonymous_8)","decl":{"start":{"line":38,"column":2},"end":{"line":38,"column":12}},"loc":{"start":{"line":41,"column":38},"end":{"line":46,"column":3}}},"5":{"name":"(anonymous_9)","decl":{"start":{"line":49,"column":2},"end":{"line":49,"column":9}},"loc":{"start":{"line":49,"column":33},"end":{"line":51,"column":3}}},"6":{"name":"(anonymous_10)","decl":{"start":{"line":54,"column":2},"end":{"line":54,"column":23}},"loc":{"start":{"line":56,"column":39},"end":{"line":62,"column":3}}},"7":{"name":"(anonymous_11)","decl":{"start":{"line":65,"column":2},"end":{"line":65,"column":21}},"loc":{"start":{"line":68,"column":39},"end":{"line":75,"column":3}}},"8":{"name":"(anonymous_12)","decl":{"start":{"line":78,"column":2},"end":{"line":78,"column":12}},"loc":{"start":{"line":78,"column":36},"end":{"line":80,"column":3}}},"9":{"name":"(anonymous_13)","decl":{"start":{"line":83,"column":2},"end":{"line":83,"column":14}},"loc":{"start":{"line":83,"column":38},"end":{"line":85,"column":3}}},"10":{"name":"(anonymous_14)","decl":{"start":{"line":88,"column":2},"end":{"line":88,"column":12}},"loc":{"start":{"line":88,"column":69},"end":{"line":91,"column":3}}}},"branchMap":{"0":{"loc":{"start":{"line":43,"column":18},"end":{"line":43,"column":61}},"type":"cond-expr","locations":[{"start":{"line":43,"column":30},"end":{"line":43,"column":49}},{"start":{"line":43,"column":52},"end":{"line":43,"column":61}}]},"1":{"loc":{"start":{"line":44,"column":16},"end":{"line":44,"column":55}},"type":"cond-expr","locations":[{"start":{"line":44,"column":26},"end":{"line":44,"column":43}},{"start":{"line":44,"column":46},"end":{"line":44,"column":55}}]},"2":{"loc":{"start":{"line":89,"column":21},"end":{"line":89,"column":58}},"type":"cond-expr","locations":[{"start":{"line":89,"column":30},"end":{"line":89,"column":46}},{"start":{"line":89,"column":49},"end":{"line":89,"column":58}}]},"3":{"loc":{"start":{"line":14,"column":53},"end":{"line":14,"column":76}},"type":"cond-expr","locations":[{"start":{"line":14,"column":73},"end":{"line":14,"column":76}},{"start":{"line":14,"column":73},"end":{"line":14,"column":76}}]},"4":{"loc":{"start":{"line":14,"column":53},"end":{"line":14,"column":73}},"type":"binary-expr","locations":[{"start":{"line":14,"column":53},"end":{"line":14,"column":76}},{"start":{"line":14,"column":53},"end":{"line":14,"column":73}}]}},"s":{"0":0,"1":0,"2":0,"3":0,"4":0,"5":0,"6":0,"7":0,"8":0,"9":0,"10":0,"11":0,"12":0,"13":0,"14":0,"15":0,"16":0,"17":0,"18":0,"19":0,"20":0,"21":0,"22":0,"23":0,"24":0,"25":0,"26":0,"27":0,"28":0},"f":{"0":0,"1":0,"2":0,"3":0,"4":0,"5":0,"6":0,"7":0,"8":0,"9":0,"10":0},"b":{"0":[0,0],"1":[0,0],"2":[0,0],"3":[0,0],"4":[0,0]}}
,"/home/hsu/CRMapp/doctor-crm/backend/src/revenue/controllers/revenue-rule.controller.ts": {"path":"/home/hsu/CRMapp/doctor-crm/backend/src/revenue/controllers/revenue-rule.controller.ts","statementMap":{"0":{"start":{"line":1,"column":0},"end":{"line":1,"column":null}},"1":{"start":{"line":11,"column":0},"end":{"line":11,"column":70}},"2":{"start":{"line":12,"column":0},"end":{"line":12,"column":70}},"3":{"start":{"line":13,"column":0},"end":{"line":13,"column":70}},"4":{"start":{"line":16,"column":7},"end":{"line":60,"column":null}},"5":{"start":{"line":17,"column":31},"end":{"line":17,"column":51}},"6":{"start":{"line":21,"column":4},"end":{"line":21,"column":64}},"7":{"start":{"line":26,"column":4},"end":{"line":26,"column":53}},"8":{"start":{"line":34,"column":22},"end":{"line":34,"column":56}},"9":{"start":{"line":35,"column":4},"end":{"line":35,"column":72}},"10":{"start":{"line":40,"column":4},"end":{"line":40,"column":62}},"11":{"start":{"line":45,"column":4},"end":{"line":45,"column":47}},"12":{"start":{"line":53,"column":4},"end":{"line":53,"column":68}},"13":{"start":{"line":58,"column":4},"end":{"line":58,"column":46}},"14":{"start":{"line":16,"column":13},"end":{"line":16,"column":34}},"15":{"start":{"line":20,"column":2},"end":{"line":22,"column":null}},"16":{"start":{"line":25,"column":2},"end":{"line":27,"column":null}},"17":{"start":{"line":30,"column":2},"end":{"line":36,"column":null}},"18":{"start":{"line":39,"column":2},"end":{"line":41,"column":null}},"19":{"start":{"line":44,"column":2},"end":{"line":46,"column":null}},"20":{"start":{"line":49,"column":2},"end":{"line":54,"column":null}},"21":{"start":{"line":57,"column":2},"end":{"line":59,"column":null}},"22":{"start":{"line":16,"column":13},"end":{"line":60,"column":null}}},"fnMap":{"0":{"name":"(anonymous_4)","decl":{"start":{"line":17,"column":2},"end":{"line":17,"column":31}},"loc":{"start":{"line":17,"column":69},"end":{"line":17,"column":73}}},"1":{"name":"(anonymous_5)","decl":{"start":{"line":20,"column":2},"end":{"line":20,"column":8}},"loc":{"start":{"line":20,"column":59},"end":{"line":22,"column":3}}},"2":{"name":"(anonymous_6)","decl":{"start":{"line":25,"column":2},"end":{"line":25,"column":9}},"loc":{"start":{"line":25,"column":45},"end":{"line":27,"column":3}}},"3":{"name":"(anonymous_7)","decl":{"start":{"line":30,"column":2},"end":{"line":30,"column":12}},"loc":{"start":{"line":32,"column":32},"end":{"line":36,"column":3}}},"4":{"name":"(anonymous_8)","decl":{"start":{"line":39,"column":2},"end":{"line":39,"column":12}},"loc":{"start":{"line":39,"column":77},"end":{"line":41,"column":3}}},"5":{"name":"(anonymous_9)","decl":{"start":{"line":44,"column":2},"end":{"line":44,"column":9}},"loc":{"start":{"line":44,"column":33},"end":{"line":46,"column":3}}},"6":{"name":"(anonymous_10)","decl":{"start":{"line":49,"column":2},"end":{"line":49,"column":8}},"loc":{"start":{"line":51,"column":54},"end":{"line":54,"column":3}}},"7":{"name":"(anonymous_11)","decl":{"start":{"line":57,"column":2},"end":{"line":57,"column":8}},"loc":{"start":{"line":57,"column":32},"end":{"line":59,"column":3}}}},"branchMap":{"0":{"loc":{"start":{"line":34,"column":22},"end":{"line":34,"column":56}},"type":"cond-expr","locations":[{"start":{"line":34,"column":29},"end":{"line":34,"column":43}},{"start":{"line":34,"column":46},"end":{"line":34,"column":56}}]},"1":{"loc":{"start":{"line":20,"column":39},"end":{"line":20,"column":null}},"type":"cond-expr","locations":[{"start":{"line":20,"column":59},"end":{"line":20,"column":null}},{"start":{"line":20,"column":59},"end":{"line":20,"column":null}}]},"2":{"loc":{"start":{"line":20,"column":39},"end":{"line":20,"column":59}},"type":"binary-expr","locations":[{"start":{"line":20,"column":39},"end":{"line":20,"column":null}},{"start":{"line":20,"column":39},"end":{"line":20,"column":59}}]},"3":{"loc":{"start":{"line":51,"column":34},"end":{"line":51,"column":null}},"type":"cond-expr","locations":[{"start":{"line":51,"column":54},"end":{"line":51,"column":null}},{"start":{"line":51,"column":54},"end":{"line":51,"column":null}}]},"4":{"loc":{"start":{"line":51,"column":34},"end":{"line":51,"column":54}},"type":"binary-expr","locations":[{"start":{"line":51,"column":34},"end":{"line":51,"column":null}},{"start":{"line":51,"column":34},"end":{"line":51,"column":54}}]},"5":{"loc":{"start":{"line":17,"column":51},"end":{"line":17,"column":72}},"type":"cond-expr","locations":[{"start":{"line":17,"column":69},"end":{"line":17,"column":72}},{"start":{"line":17,"column":69},"end":{"line":17,"column":72}}]},"6":{"loc":{"start":{"line":17,"column":51},"end":{"line":17,"column":69}},"type":"binary-expr","locations":[{"start":{"line":17,"column":51},"end":{"line":17,"column":72}},{"start":{"line":17,"column":51},"end":{"line":17,"column":69}}]}},"s":{"0":0,"1":0,"2":0,"3":0,"4":0,"5":0,"6":0,"7":0,"8":0,"9":0,"10":0,"11":0,"12":0,"13":0,"14":0,"15":0,"16":0,"17":0,"18":0,"19":0,"20":0,"21":0,"22":0},"f":{"0":0,"1":0,"2":0,"3":0,"4":0,"5":0,"6":0,"7":0},"b":{"0":[0,0],"1":[0,0],"2":[0,0],"3":[0,0],"4":[0,0],"5":[0,0],"6":[0,0]}}
[...]
:"(anonymous_3)","decl":{"start":{"line":24,"column":28},"end":{"line":24,"column":29}},"loc":{"start":{"line":24,"column":41},"end":{"line":24,"column":59}}},"2":{"name":"(anonymous_4)","decl":{"start":{"line":67,"column":13},"end":{"line":67,"column":16}},"loc":{"start":{"line":67,"column":19},"end":{"line":67,"column":35}}},"3":{"name":"(anonymous_5)","decl":{"start":{"line":67,"column":37},"end":{"line":67,"column":38}},"loc":{"start":{"line":67,"column":50},"end":{"line":67,"column":67}}},"4":{"name":"(anonymous_6)","decl":{"start":{"line":71,"column":4},"end":{"line":71,"column":7}},"loc":{"start":{"line":71,"column":10},"end":{"line":71,"column":34}}},"5":{"name":"(anonymous_7)","decl":{"start":{"line":72,"column":4},"end":{"line":72,"column":5}},"loc":{"start":{"line":72,"column":20},"end":{"line":72,"column":40}}}},"branchMap":{"0":{"loc":{"start":{"line":26,"column":11},"end":{"line":26,"column":19}},"type":"cond-expr","locations":[{"start":{"line":26,"column":18},"end":{"line":26,"column":19}},{"start":{"line":26,"column":18},"end":{"line":26,"column":19}}]},"1":{"loc":{"start":{"line":26,"column":11},"end":{"line":26,"column":18}},"type":"binary-expr","locations":[{"start":{"line":26,"column":11},"end":{"line":26,"column":19}},{"start":{"line":26,"column":11},"end":{"line":26,"column":18}}]},"2":{"loc":{"start":{"line":47,"column":13},"end":{"line":47,"column":18}},"type":"cond-expr","locations":[{"start":{"line":47,"column":17},"end":{"line":47,"column":18}},{"start":{"line":47,"column":17},"end":{"line":47,"column":18}}]},"3":{"loc":{"start":{"line":47,"column":13},"end":{"line":47,"column":17}},"type":"binary-expr","locations":[{"start":{"line":47,"column":13},"end":{"line":47,"column":18}},{"start":{"line":47,"column":13},"end":{"line":47,"column":17}}]},"4":{"loc":{"start":{"line":50,"column":19},"end":{"line":50,"column":24}},"type":"cond-expr","locations":[{"start":{"line":50,"column":23},"end":{"line":50,"column":24}},{"start":{"line":50,"column":23},"end":{"line":50,"column":24}}]},"5":{"loc":{"start":{"line":50,"column":19},"end":{"line":50,"column":23}},"type":"binary-expr","locations":[{"start":{"line":50,"column":19},"end":{"line":50,"column":24}},{"start":{"line":50,"column":19},"end":{"line":50,"column":23}}]},"6":{"loc":{"start":{"line":53,"column":17},"end":{"line":53,"column":22}},"type":"cond-expr","locations":[{"start":{"line":53,"column":21},"end":{"line":53,"column":22}},{"start":{"line":53,"column":21},"end":{"line":53,"column":22}}]},"7":{"loc":{"start":{"line":53,"column":17},"end":{"line":53,"column":21}},"type":"binary-expr","locations":[{"start":{"line":53,"column":17},"end":{"line":53,"column":22}},{"start":{"line":53,"column":17},"end":{"line":53,"column":21}}]},"8":{"loc":{"start":{"line":62,"column":13},"end":{"line":62,"column":18}},"type":"cond-expr","locations":[{"start":{"line":62,"column":17},"end":{"line":62,"column":18}},{"start":{"line":62,"column":17},"end":{"line":62,"column":18}}]},"9":{"loc":{"start":{"line":62,"column":13},"end":{"line":62,"column":17}},"type":"binary-expr","locations":[{"start":{"line":62,"column":13},"end":{"line":62,"column":18}},{"start":{"line":62,"column":13},"end":{"line":62,"column":17}}]},"10":{"loc":{"start":{"line":65,"column":13},"end":{"line":65,"column":18}},"type":"cond-expr","locations":[{"start":{"line":65,"column":17},"end":{"line":65,"column":18}},{"start":{"line":65,"column":17},"end":{"line":65,"column":18}}]},"11":{"loc":{"start":{"line":65,"column":13},"end":{"line":65,"column":17}},"type":"binary-expr","locations":[{"start":{"line":65,"column":13},"end":{"line":65,"column":18}},{"start":{"line":65,"column":13},"end":{"line":65,"column":17}}]}},"s":{"0":3,"1":3,"2":3,"3":3,"4":3,"5":3,"6":3,"7":3,"8":3,"9":0,"10":0,"11":3,"12":3,"13":3,"14":3,"15":3,"16":3,"17":3,"18":3,"19":3,"20":3,"21":3,"22":3,"23":3,"24":3,"25":0,"26":0,"27":3,"28":0,"29":0,"30":3,"31":3},"f":{"0":0,"1":0,"2":0,"3":0,"4":0,"5":0},"b":{"0":[3,0],"1":[3,3],"2":[3,0],"3":[3,3],"4":[3,0],"5":[3,3],"6":[3,0],"7":[3,3],"8":[3,0],"9":[3,3],"10":[3,0],"11":[3,3]}}
,"/home/hsu/CRMapp/doctor-crm/backend/src/treatments/services/treatment-session.service.ts": {"path":"/home/hsu/CRMapp/doctor-crm/backend/src/treatments/services/treatment-session.service.ts","statementMap":{"0":{"start":{"line":1,"column":0},"end":{"line":1,"column":63}},"1":{"start":{"line":2,"column":0},"end":{"line":2,"column":51}},"2":{"start":{"line":3,"column":0},"end":{"line":3,"column":54}},"3":{"start":{"line":4,"column":0},"end":{"line":4,"column":37}},"4":{"start":{"line":5,"column":0},"end":{"line":5,"column":72}},"5":{"start":{"line":8,"column":0},"end":{"line":8,"column":57}},"6":{"start":{"line":9,"column":0},"end":{"line":9,"column":77}},"7":{"start":{"line":10,"column":0},"end":{"line":10,"column":81}},"8":{"start":{"line":13,"column":7},"end":{"line":215,"column":null}},"9":{"start":{"line":16,"column":12},"end":{"line":16,"column":40}},"10":{"start":{"line":18,"column":12},"end":{"line":18,"column":33}},"11":{"start":{"line":19,"column":12},"end":{"line":19,"column":26}},"12":{"start":{"line":26,"column":22},"end":{"line":31,"column":6}},"13":{"start":{"line":33,"column":4},"end":{"line":37,"column":5}},"14":{"start":{"line":34,"column":6},"end":{"line":36,"column":8}},"15":{"start":{"line":39,"column":20},"end":{"line":40,"column":null}},"16":{"start":{"line":42,"column":4},"end":{"line":42,"column":63}},"17":{"start":{"line":49,"column":4},"end":{"line":53,"column":7}},"18":{"start":{"line":57,"column":4},"end":{"line":61,"column":7}},"19":{"start":{"line":65,"column":20},"end":{"line":68,"column":6}},"20":{"start":{"line":70,"column":4},"end":{"line":72,"column":5}},"21":{"start":{"line":71,"column":6},"end":{"line":71,"column":78}},"22":{"start":{"line":74,"column":4},"end":{"line":74,"column":19}},"23":{"start":{"line":81,"column":20},"end":{"line":81,"column":42}},"24":{"start":{"line":84,"column":4},"end":{"line":89,"column":5}},"25":{"start":{"line":88,"column":6},"end":{"line":88,"column":38}},"26":{"start":{"line":91,"column":4},"end":{"line":91,"column":54}},"27":{"start":{"line":92,"column":4},"end":{"line":92,"column":63}},"28":{"start":{"line":96,"column":20},"end":{"line":96,"column":42}},"29":{"start":{"line":98,"column":4},"end":{"line":98,"column":33}},"30":{"start":{"line":99,"column":4},"end":{"line":99,"column":56}},"31":{"start":{"line":107,"column":20},"end":{"line":107,"column":42}},"32":{"start":{"line":109,"column":4},"end":{"line":109,"column":33}},"33":{"start":{"line":110,"column":4},"end":{"line":110,"column":36}},"34":{"start":{"line":112,"column":4},"end":{"line":112,"column":37}},"35":{"start":{"line":112,"column":15},"end":{"line":112,"column":37}},"36":{"start":{"line":113,"column":4},"end":{"line":113,"column":58}},"37":{"start":{"line":113,"column":22},"end":{"line":113,"column":58}},"38":{"start":{"line":115,"column":25},"end":{"line":115,"column":76}},"39":{"start":{"line":118,"column":4},"end":{"line":126,"column":6}},"40":{"start":{"line":129,"column":4},"end":{"line":132,"column":6}},"41":{"start":{"line":134,"column":4},"end":{"line":134,"column":24}},"42":{"start":{"line":141,"column":4},"end":{"line":145,"column":7}},"43":{"start":{"line":152,"column":22},"end":{"line":152,"column":32}},"44":{"start":{"line":153,"column":20},"end":{"line":153,"column":30}},"45":{"start":{"line":154,"column":4},"end":{"line":154,"column":46}},"46":{"start":{"line":156,"column":4},"end":{"line":166,"column":17}},"47":{"start":{"line":176,"column":22},"end":{"line":179,"column":6}},"48":{"start":{"line":181,"column":4},"end":{"line":183,"column":5}},"49":{"start":{"line":182,"column":6},"end":{"line":182,"column":13}},"50":{"start":{"line":187,"column":6},"end":{"line":187,"column":77}},"51":{"start":{"line":187,"column":40},"end":{"line":187,"column":64}},"52":{"start":{"line":190,"column":4},"end":{"line":190,"column":52}},"53":{"start":{"line":193,"column":33},"end":{"line":193,"column":77}},"54":{"start":{"line":195,"column":4},"end":{"line":213,"column":5}},"55":{"start":{"line":196,"column":6},"end":{"line":196,"column":37}},"56":{"start":{"line":197,"column":6},"end":{"line":197,"column":43}},"57":{"start":{"line":199,"column":6},"end":{"line":199,"column":53}},"58":{"start":{"line":202,"column":6},"end":{"line":209,"column":8}},"59":{"start":{"line":212,"column":6},"end":{"line":212,"column":53}},"60":{"start":{"line":13,"column":13},"end":{"line":13,"column":36}},"61":{"start":{"line":13,"column":13},"end":{"line":215,"column":null}}},"fnMap":{"0":{"name":"(anonymous_4)","decl":{"start":{"line":14,"column":2},"end":{"line":14,"column":null}},"loc":{"start":{"line":19,"column":39},"end":{"line":20,"column":6}}},"1":{"name":"(anonymous_5)","decl":{"start":{"line":22,"column":2},"end":{"line":22,"column":7}},"loc":{"start":{"line":23,"column":56},"end":{"line":43,"column":3}}},"2":{"name":"(anonymous_6)","decl":{"start":{"line":45,"column":2},"end":{"line":45,"column":7}},"loc":{"start":{"line":47,"column":20},"end":{"line":54,"column":3}}},"3":{"name":"(anonymous_7)","decl":{"start":{"line":56,"column":2},"end":{"line":56,"column":7}},"loc":{"start":{"line":56,"column":40},"end":{"line":62,"column":3}}},"4":{"name":"(anonymous_8)","decl":{"start":{"line":64,"column":2},"end":{"line":64,"column":7}},"loc":{"start":{"line":64,"column":26},"end":{"line":75,"column":3}}},"5":{"name":"(anonymous_9)","decl":{"start":{"line":77,"column":2},"end":{"line":77,"column":7}},"loc":{"start":{"line":79,"column":56},"end":{"line":93,"column":3}}},"6":{"name":"(anonymous_10)","decl":{"start":{"line":95,"column":2},"end":{"line":95,"column":7}},"loc":{"start":{"line":95,"column":25},"end":{"line":100,"column":3}}},"7":{"name":"(anonymous_11)","decl":{"start":{"line":102,"column":2},"end":{"line":102,"column":7}},"loc":{"start":{"line":105,"column":25},"end":{"line":135,"column":3}}},"8":{"name":"(anonymous_12)","decl":{"start":{"line":137,"column":2},"end":{"line":137,"column":7}},"loc":{"start":{"line":139,"column":18},"end":{"line":146,"column":3}}},"9":{"name":"(anonymous_13)","decl":{"start":{"line":148,"column":2},"end":{"line":148,"column":7}},"loc":{"start":{"line":150,"column":20},"end":{"line":167,"column":3}}},"10":{"name":"(anonymous_14)","decl":{"start":{"line":172,"column":10},"end":{"line":172,"column":15}},"loc":{"start":{"line":174,"column":20},"end":{"line":214,"column":3}}},"11":{"name":"(anonymous_15)","decl":{"start":{"line":187,"column":33},"end":{"line":187,"column":34}},"loc":{"start":{"line":187,"column":40},"end":{"line":187,"column":64}}}},"branchMap":{"0":{"loc":{"start":{"line":33,"column":4},"end":{"line":37,"column":5}},"type":"if","locations":[{"start":{"line":33,"column":4},"end":{"line":37,"column":5}},{"start":{},"end":{}}]},"1":{"loc":{"start":{"line":70,"column":4},"end":{"line":72,"column":5}},"type":"if","locations":[{"start":{"line":70,"column":4},"end":{"line":72,"column":5}},{"start":{},"end":{}}]},"2":{"loc":{"start":{"line":84,"column":4},"end":{"line":89,"column":5}},"type":"if","locations":[{"start":{"line":84,"column":4},"end":{"line":89,"column":5}},{"start":{},"end":{}}]},"3":{"loc":{"start":{"line":85,"column":6},"end":{"line":86,"column":25}},"type":"binary-expr","locations":[{"start":{"line":85,"column":6},"end":{"line":85,"column":54}},{"start":{"line":86,"column":6},"end":{"line":86,"column":25}}]},"4":{"loc":{"start":{"line":112,"column":4},"end":{"line":112,"column":37}},"type":"if","locations":[{"start":{"line":112,"column":4},"end":{"line":112,"column":37}},{"start":{},"end":{}}]},"5":{"loc":{"start":{"line":113,"column":4},"end":{"line":113,"column":58}},"type":"if","locations":[{"start":{"line":113,"column":4},"end":{"line":113,"column":58}},{"start":{},"end":{}}]},"6":{"loc":{"start":{"line":150,"column":4},"end":{"line":150,"column":20}},"type":"default-arg","locations":[{"start":{"line":150,"column":19},"end":{"line":150,"column":20}}]},"7":{"loc":{"start":{"line":181,"column":4},"end":{"line":183,"column":5}},"type":"if","locations":[{"start":{"line":181,"column":4},"end":{"line":183,"column":5}},{"start":{},"end":{}}]},"8":{"loc":{"start":{"line":187,"column":6},"end":{"line":187,"column":77}},"type":"binary-expr","locations":[{"start":{"line":187,"column":6},"end":{"line":187,"column":72}},{"start":{"line":187,"column":76},"end":{"line":187,"column":77}}]},"9":{"loc":{"start":{"line":195,"column":4},"end":{"line":213,"column":5}},"type":"if","locations":[{"start":{"line":195,"column":4},"end":{"line":213,"column":5}},{"start":{"line":210,"column":11},"end":{"line":213,"column":5}}]},"10":{"loc":{"start":{"line":195,"column":8},"end":{"line":195,"column":64}},"type":"binary-expr","locations":[{"start":{"line":195,"column":8},"end":{"line":195,"column":28}},{"start":{"line":195,"column":32},"end":{"line":195,"column":64}}]},"11":{"loc":{"start":{"line":16,"column":40},"end":{"line":16,"column":68}},"type":"cond-expr","locations":[{"start":{"line":16,"column":50},"end":{"line":16,"column":68}},{"start":{"line":16,"column":50},"end":{"line":16,"column":68}}]},"12":{"loc":{"start":{"line":16,"column":40},"end":{"line":16,"column":50}},"type":"binary-expr","locations":[{"start":{"line":16,"column":40},"end":{"line":16,"column":68}},{"start":{"line":16,"column":40},"end":{"line":16,"column":50}}]},"13":{"loc":{"start":{"line":16,"column":50},"end":{"line":18,"column":54}},"type":"cond-expr","locations":[{"start":{"line":18,"column":43},"end":{"line":18,"column":54}},{"start":{"line":18,"column":43},"end":{"line":18,"column":54}}]},"14":{"loc":{"start":{"line":16,"column":50},"end":{"line":18,"column":43}},"type":"binary-expr","locations":[{"start":{"line":16,"column":50},"end":{"line":18,"column":54}},{"start":{"line":18,"column":33},"end":{"line":18,"column":43}}]},"15":{"loc":{"start":{"line":18,"column":43},"end":{"line":19,"column":null}},"type":"cond-expr","locations":[{"start":{"line":19,"column":39},"end":{"line":19,"column":null}},{"start":{"line":19,"column":39},"end":{"line":19,"column":null}}]},"16":{"loc":{"start":{"line":18,"column":43},"end":{"line":19,"column":39}},"type":"binary-expr","locations":[{"start":{"line":18,"column":43},"end":{"line":19,"column":null}},{"start":{"line":19,"column":26},"end":{"line":19,"column":39}}]}},"s":{"0":1,"1":1,"2":1,"3":1,"4":1,"5":1,"6":1,"7":1,"8":1,"9":17,"10":17,"11":17,"12":2,"13":2,"14":1,"15":1,"16":1,"17":1,"18":1,"19":9,"20":9,"21":1,"22":8,"23":2,"24":2,"25":1,"26":2,"27":2,"28":1,"29":1,"30":1,"31":4,"32":4,"33":4,"34":4,"35":1,"36":4,"37":1,"38":4,"39":4,"40":4,"41":4,"42":1,"43":2,"44":2,"45":2,"46":2,"47":4,"48":4,"49":1,"50":3,"51":11,"52":3,"53":3,"54":3,"55":1,"56":1,"57":1,"58":1,"59":2,"60":1,"61":1},"f":{"0":17,"1":2,"2":1,"3":1,"4":9,"5":2,"6":1,"7":4,"8":1,"9":2,"10":4,"11":11},"b":{"0":[1,1],"1":[1,8],"2":[1,1],"3":[2,1],"4":[1,3],"5":[1,3],"6":[1],"7":[1,3],"8":[3,0],"9":[1,2],"10":[3,1],"11":[1,0],"12":[1,1],"13":[1,0],"14":[1,1],"15":[1,0],"16":[1,1]}}
,"/home/hsu/CRMapp/doctor-crm/backend/src/treatments/services/treatment.service.ts": {"path":"/home/hsu/CRMapp/doctor-crm/backend/src/treatments/services/treatment.service.ts","statementMap":{"0":{"start":{"line":1,"column":0},"end":{"line":1,"column":63}},"1":{"start":{"line":2,"column":0},"end":{"line":2,"column":51}},"2":{"start":{"line":3,"column":0},"end":{"line":3,"column":37}},"3":{"start":{"line":4,"column":0},"end":{"line":4,"column":57}},"4":{"start":{"line":9,"column":7},"end":{"line":82,"column":null}},"5":{"start":{"line":12,"column":12},"end":{"line":12,"column":33}},"6":{"start":{"line":16,"column":22},"end":{"line":16,"column":73}},"7":{"start":{"line":17,"column":4},"end":{"line":17,"column":58}},"8":{"start":{"line":21,"column":4},"end":{"line":25,"column":7}},"9":{"start":{"line":29,"column":22},"end":{"line":32,"column":6}},"10":{"start":{"line":34,"column":4},"end":{"line":36,"column":5}},"11":{"start":{"line":35,"column":6},"end":{"line":35,"column":71}},"12":{"start":{"line":38,"column":4},"end":{"line":38,"column":21}},"13":{"start":{"line":45,"column":22},"end":{"line":45,"column":44}},"14":{"start":{"line":46,"column":4},"end":{"line":46,"column":49}},"15":{"start":{"line":47,"column":4},"end":{"line":47,"column":58}},"16":{"start":{"line":51,"column":22},"end":{"line":51,"column":44}},"17":{"start":{"line":53,"column":4},"end":{"line":53,"column":35}},"18":{"start":{"line":54,"column":4},"end":{"line":54,"column":51}},"19":{"start":{"line":58,"column":4},"end":{"line":62,"column":7}},"20":{"start":{"line":69,"column":22},"end":{"line":69,"column":44}},"21":{"start":{"line":70,"column":4},"end":{"line":70,"column":52}},"22":{"start":{"line":73,"column":4},"end":{"line":78,"column":5}},"23":{"start":{"line":74,"column":6},"end":{"line":74,"column":37}},"24":{"start":{"line":75,"column":6},"end":{"line":75,"column":43}},"25":{"start":{"line":76,"column":11},"end":{"line":78,"column":5}},"26":{"start":{"line":77,"column":6},"end":{"line":77,"column":39}},"27":{"start":{"line":80,"column":4},"end":{"line":80,"column":58}},"28":{"start":{"line":9,"column":13},"end":{"line":9,"column":29}},"29":{"start":{"line":9,"column":13},"end":{"line":82,"column":null}}},"fnMap":{"0":{"name":"(anonymous_4)","decl":{"start":{"line":10,"column":2},"end":{"line":10,"column":null}},"loc":{"start":{"line":12,"column":54},"end":{"line":13,"column":6}}},"1":{"name":"(anonymous_5)","decl":{"start":{"line":15,"column":2},"end":{"line":15,"column":7}},"loc":{"start":{"line":15,"column":53},"end":{"line":18,"column":3}}},"2":{"name":"(anonymous_6)","decl":{"start":{"line":20,"column":2},"end":{"line":20,"column":7}},"loc":{"start":{"line":20,"column":32},"end":{"line":26,"column":3}}},"3":{"name":"(anonymous_7)","decl":{"start":{"line":28,"column":2},"end":{"line":28,"column":7}},"loc":{"start":{"line":28,"column":26},"end":{"line":39,"column":3}}},"4":{"name":"(anonymous_8)","decl":{"start":{"line":41,"column":2},"end":{"line":41,"column":7}},"loc":{"start":{"line":43,"column":42},"end":{"line":48,"column":3}}},"5":{"name":"(anonymous_9)","decl":{"start":{"line":50,"column":2},"end":{"line":50,"column":7}},"loc":{"start":{"line":50,"column":25},"end":{"line":55,"column":3}}},"6":{"name":"(anonymous_10)","decl":{"start":{"line":57,"column":2},"end":{"line":57,"column":7}},"loc":{"start":{"line":57,"column":41},"end":{"line":63,"column":3}}},"7":{"name":"(anonymous_11)","decl":{"start":{"line":65,"column":2},"end":{"line":65,"column":7}},"loc":{"start":{"line":67,"column":29},"end":{"line":81,"column":3}}}},"branchMap":{"0":{"loc":{"start":{"line":34,"column":4},"end":{"line":36,"column":5}},"type":"if","locations":[{"start":{"line":34,"column":4},"end":{"line":36,"column":5}},{"start":{},"end":{}}]},"1":{"loc":{"start":{"line":73,"column":4},"end":{"line":78,"column":5}},"type":"if","locations":[{"start":{"line":73,"column":4},"end":{"line":78,"column":5}},{"start":{"line":76,"column":11},"end":{"line":78,"column":5}}]},"2":{"loc":{"start":{"line":76,"column":11},"end":{"line":78,"column":5}},"type":"if","locations":[{"start":{"line":76,"column":11},"end":{"line":78,"column":5}},{"start":{},"end":{}}]},"3":{"loc":{"start":{"line":12,"column":33},"end":{"line":12,"column":54}},"type":"cond-expr","locations":[{"start":{"line":12,"column":43},"end":{"line":12,"column":54}},{"start":{"line":12,"column":43},"end":{"line":12,"column":54}}]},"4":{"loc":{"start":{"line":12,"column":33},"end":{"line":12,"column":43}},"type":"binary-expr","locations":[{"start":{"line":12,"column":33},"end":{"line":12,"column":54}},{"start":{"line":12,"column":33},"end":{"line":12,"column":43}}]}},"s":{"0":0,"1":0,"2":0,"3":0,"4":0,"5":0,"6":0,"7":0,"8":0,"9":0,"10":0,"11":0,"12":0,"13":0,"14":0,"15":0,"16":0,"17":0,"18":0,"19":0,"20":0,"21":0,"22":0,"23":0,"24":0,"25":0,"26":0,"27":0,"28":0,"29":0},"f":{"0":0,"1":0,"2":0,"3":0,"4":0,"5":0,"6":0,"7":0},"b":{"0":[0,0],"1":[0,0],"2":[0,0],"3":[0,0],"4":[0,0]}}
}
